{
  "uid" : "f017987a4e06843b",
  "name" : "Service publish: element language retention start with English - check lists",
  "fullName" : "tests.regressionTests.ServicePublicationTests.t00202",
  "historyId" : "ca163f9997368ef180c2f5e09618c801",
  "time" : {
    "start" : 1643979297099,
    "stop" : 1643979328176,
    "duration" : 31077
  },
  "description" : "",
  "status" : "failed",
  "statusMessage" : "Invalid element state: element click intercepted: Element <ion-item button=\"true\" detail=\"false\" class=\"ionic-selectable-item virtual-item item md ion-activatable ion-focusable hydrated item-label\" style=\"transform: translate3d(0px, 0px, 0px);\">...</ion-item> is not clickable at point (960, 376). Other element would receive the click: <ion-backdrop class=\"sc-ion-alert-md md hydrated\" tabindex=\"-1\" aria-hidden=\"true\" style=\"\"></ion-backdrop>\nScreenshot: file:/home/runner/work/d8base-func-test/d8base-func-test/build/reports/tests/1643979327479.14.png\nPage source: file:/home/runner/work/d8base-func-test/d8base-func-test/build/reports/tests/1643979327479.14.html\nTimeout: 10 s.\nCaused by: ElementClickInterceptedException: element click intercepted: Element <ion-item button=\"true\" detail=\"false\" class=\"ionic-selectable-item virtual-item item md ion-activatable ion-focusable hydrated item-label\" style=\"transform: translate3d(0px, 0px, 0px);\">...</ion-item> is not clickable at point (960, 376). Other element would receive the click: <ion-backdrop class=\"sc-ion-alert-md md hydrated\" tabindex=\"-1\" aria-hidden=\"true\" style=\"\"></ion-backdrop>",
  "statusTrace" : "Invalid element state: element click intercepted: Element <ion-item button=\"true\" detail=\"false\" class=\"ionic-selectable-item virtual-item item md ion-activatable ion-focusable hydrated item-label\" style=\"transform: translate3d(0px, 0px, 0px);\">...</ion-item> is not clickable at point (960, 376). Other element would receive the click: <ion-backdrop class=\"sc-ion-alert-md md hydrated\" tabindex=\"-1\" aria-hidden=\"true\" style=\"\"></ion-backdrop>\nScreenshot: file:/home/runner/work/d8base-func-test/d8base-func-test/build/reports/tests/1643979327479.14.png\nPage source: file:/home/runner/work/d8base-func-test/d8base-func-test/build/reports/tests/1643979327479.14.html\nTimeout: 10 s.\nCaused by: ElementClickInterceptedException: element click intercepted: Element <ion-item button=\"true\" detail=\"false\" class=\"ionic-selectable-item virtual-item item md ion-activatable ion-focusable hydrated item-label\" style=\"transform: translate3d(0px, 0px, 0px);\">...</ion-item> is not clickable at point (960, 376). Other element would receive the click: <ion-backdrop class=\"sc-ion-alert-md md hydrated\" tabindex=\"-1\" aria-hidden=\"true\" style=\"\"></ion-backdrop>\n\tat com.codeborne.selenide.impl.ExceptionWrapper.wrap(ExceptionWrapper.java:26)\n\tat com.codeborne.selenide.impl.SelenideElementProxy.dispatchAndRetry(SelenideElementProxy.java:156)\n\tat com.codeborne.selenide.impl.SelenideElementProxy.invoke(SelenideElementProxy.java:86)\n\tat com.sun.proxy.$Proxy43.click(Unknown Source)\n\tat pages.ServicePublish.verifyCategoryListLanguageNotEng(ServicePublish.java:504)\n\tat tests.regressionTests.ServicePublicationTests.t00202(ServicePublicationTests.java:217)\n\tat java.base/jdk.internal.reflect.NativeMethodAccessorImpl.invoke0(Native Method)\n\tat java.base/jdk.internal.reflect.NativeMethodAccessorImpl.invoke(NativeMethodAccessorImpl.java:62)\n\tat java.base/jdk.internal.reflect.DelegatingMethodAccessorImpl.invoke(DelegatingMethodAccessorImpl.java:43)\n\tat java.base/java.lang.reflect.Method.invoke(Method.java:566)\n\tat org.junit.platform.commons.util.ReflectionUtils.invokeMethod(ReflectionUtils.java:725)\n\tat org.junit.jupiter.engine.execution.MethodInvocation.proceed(MethodInvocation.java:60)\n\tat org.junit.jupiter.engine.execution.InvocationInterceptorChain$ValidatingInvocation.proceed(InvocationInterceptorChain.java:131)\n\tat org.junit.jupiter.engine.extension.TimeoutExtension.intercept(TimeoutExtension.java:149)\n\tat org.junit.jupiter.engine.extension.TimeoutExtension.interceptTestableMethod(TimeoutExtension.java:140)\n\tat org.junit.jupiter.engine.extension.TimeoutExtension.interceptTestMethod(TimeoutExtension.java:84)\n\tat org.junit.jupiter.engine.execution.ExecutableInvoker$ReflectiveInterceptorCall.lambda$ofVoidMethod$0(ExecutableInvoker.java:115)\n\tat org.junit.jupiter.engine.execution.ExecutableInvoker.lambda$invoke$0(ExecutableInvoker.java:105)\n\tat org.junit.jupiter.engine.execution.InvocationInterceptorChain$InterceptedInvocation.proceed(InvocationInterceptorChain.java:106)\n\tat org.junit.jupiter.engine.execution.InvocationInterceptorChain.proceed(InvocationInterceptorChain.java:64)\n\tat org.junit.jupiter.engine.execution.InvocationInterceptorChain.chainAndInvoke(InvocationInterceptorChain.java:45)\n\tat org.junit.jupiter.engine.execution.InvocationInterceptorChain.invoke(InvocationInterceptorChain.java:37)\n\tat org.junit.jupiter.engine.execution.ExecutableInvoker.invoke(ExecutableInvoker.java:104)\n\tat org.junit.jupiter.engine.execution.ExecutableInvoker.invoke(ExecutableInvoker.java:98)\n\tat org.junit.jupiter.engine.descriptor.TestMethodTestDescriptor.lambda$invokeTestMethod$7(TestMethodTestDescriptor.java:214)\n\tat org.junit.platform.engine.support.hierarchical.ThrowableCollector.execute(ThrowableCollector.java:73)\n\tat org.junit.jupiter.engine.descriptor.TestMethodTestDescriptor.invokeTestMethod(TestMethodTestDescriptor.java:210)\n\tat org.junit.jupiter.engine.descriptor.TestMethodTestDescriptor.execute(TestMethodTestDescriptor.java:135)\n\tat org.junit.jupiter.engine.descriptor.TestMethodTestDescriptor.execute(TestMethodTestDescriptor.java:66)\n\tat org.junit.platform.engine.support.hierarchical.NodeTestTask.lambda$executeRecursively$6(NodeTestTask.java:151)\n\tat org.junit.platform.engine.support.hierarchical.ThrowableCollector.execute(ThrowableCollector.java:73)\n\tat org.junit.platform.engine.support.hierarchical.NodeTestTask.lambda$executeRecursively$8(NodeTestTask.java:141)\n\tat org.junit.platform.engine.support.hierarchical.Node.around(Node.java:137)\n\tat org.junit.platform.engine.support.hierarchical.NodeTestTask.lambda$executeRecursively$9(NodeTestTask.java:139)\n\tat org.junit.platform.engine.support.hierarchical.ThrowableCollector.execute(ThrowableCollector.java:73)\n\tat org.junit.platform.engine.support.hierarchical.NodeTestTask.executeRecursively(NodeTestTask.java:138)\n\tat org.junit.platform.engine.support.hierarchical.NodeTestTask.execute(NodeTestTask.java:95)\n\tat java.base/java.util.ArrayList.forEach(ArrayList.java:1541)\n\tat org.junit.platform.engine.support.hierarchical.SameThreadHierarchicalTestExecutorService.invokeAll(SameThreadHierarchicalTestExecutorService.java:41)\n\tat org.junit.platform.engine.support.hierarchical.NodeTestTask.lambda$executeRecursively$6(NodeTestTask.java:155)\n\tat org.junit.platform.engine.support.hierarchical.ThrowableCollector.execute(ThrowableCollector.java:73)\n\tat org.junit.platform.engine.support.hierarchical.NodeTestTask.lambda$executeRecursively$8(NodeTestTask.java:141)\n\tat org.junit.platform.engine.support.hierarchical.Node.around(Node.java:137)\n\tat org.junit.platform.engine.support.hierarchical.NodeTestTask.lambda$executeRecursively$9(NodeTestTask.java:139)\n\tat org.junit.platform.engine.support.hierarchical.ThrowableCollector.execute(ThrowableCollector.java:73)\n\tat org.junit.platform.engine.support.hierarchical.NodeTestTask.executeRecursively(NodeTestTask.java:138)\n\tat org.junit.platform.engine.support.hierarchical.NodeTestTask.execute(NodeTestTask.java:95)\n\tat java.base/java.util.ArrayList.forEach(ArrayList.java:1541)\n\tat org.junit.platform.engine.support.hierarchical.SameThreadHierarchicalTestExecutorService.invokeAll(SameThreadHierarchicalTestExecutorService.java:41)\n\tat org.junit.platform.engine.support.hierarchical.NodeTestTask.lambda$executeRecursively$6(NodeTestTask.java:155)\n\tat org.junit.platform.engine.support.hierarchical.ThrowableCollector.execute(ThrowableCollector.java:73)\n\tat org.junit.platform.engine.support.hierarchical.NodeTestTask.lambda$executeRecursively$8(NodeTestTask.java:141)\n\tat org.junit.platform.engine.support.hierarchical.Node.around(Node.java:137)\n\tat org.junit.platform.engine.support.hierarchical.NodeTestTask.lambda$executeRecursively$9(NodeTestTask.java:139)\n\tat org.junit.platform.engine.support.hierarchical.ThrowableCollector.execute(ThrowableCollector.java:73)\n\tat org.junit.platform.engine.support.hierarchical.NodeTestTask.executeRecursively(NodeTestTask.java:138)\n\tat org.junit.platform.engine.support.hierarchical.NodeTestTask.execute(NodeTestTask.java:95)\n\tat org.junit.platform.engine.support.hierarchical.SameThreadHierarchicalTestExecutorService.submit(SameThreadHierarchicalTestExecutorService.java:35)\n\tat org.junit.platform.engine.support.hierarchical.HierarchicalTestExecutor.execute(HierarchicalTestExecutor.java:57)\n\tat org.junit.platform.engine.support.hierarchical.HierarchicalTestEngine.execute(HierarchicalTestEngine.java:54)\n\tat org.junit.platform.launcher.core.EngineExecutionOrchestrator.execute(EngineExecutionOrchestrator.java:107)\n\tat org.junit.platform.launcher.core.EngineExecutionOrchestrator.execute(EngineExecutionOrchestrator.java:88)\n\tat org.junit.platform.launcher.core.EngineExecutionOrchestrator.lambda$execute$0(EngineExecutionOrchestrator.java:54)\n\tat org.junit.platform.launcher.core.EngineExecutionOrchestrator.withInterceptedStreams(EngineExecutionOrchestrator.java:67)\n\tat org.junit.platform.launcher.core.EngineExecutionOrchestrator.execute(EngineExecutionOrchestrator.java:52)\n\tat org.junit.platform.launcher.core.DefaultLauncher.execute(DefaultLauncher.java:114)\n\tat org.junit.platform.launcher.core.DefaultLauncher.execute(DefaultLauncher.java:86)\n\tat org.junit.platform.launcher.core.DefaultLauncherSession$DelegatingLauncher.execute(DefaultLauncherSession.java:86)\n\tat org.junit.platform.launcher.core.SessionPerRequestLauncher.execute(SessionPerRequestLauncher.java:53)\n\tat org.gradle.api.internal.tasks.testing.junitplatform.JUnitPlatformTestClassProcessor$CollectAllTestClassesExecutor.processAllTestClasses(JUnitPlatformTestClassProcessor.java:99)\n\tat org.gradle.api.internal.tasks.testing.junitplatform.JUnitPlatformTestClassProcessor$CollectAllTestClassesExecutor.access$000(JUnitPlatformTestClassProcessor.java:79)\n\tat org.gradle.api.internal.tasks.testing.junitplatform.JUnitPlatformTestClassProcessor.stop(JUnitPlatformTestClassProcessor.java:75)\n\tat org.gradle.api.internal.tasks.testing.SuiteTestClassProcessor.stop(SuiteTestClassProcessor.java:61)\n\tat java.base/jdk.internal.reflect.NativeMethodAccessorImpl.invoke0(Native Method)\n\tat java.base/jdk.internal.reflect.NativeMethodAccessorImpl.invoke(NativeMethodAccessorImpl.java:62)\n\tat java.base/jdk.internal.reflect.DelegatingMethodAccessorImpl.invoke(DelegatingMethodAccessorImpl.java:43)\n\tat java.base/java.lang.reflect.Method.invoke(Method.java:566)\n\tat org.gradle.internal.dispatch.ReflectionDispatch.dispatch(ReflectionDispatch.java:36)\n\tat org.gradle.internal.dispatch.ReflectionDispatch.dispatch(ReflectionDispatch.java:24)\n\tat org.gradle.internal.dispatch.ContextClassLoaderDispatch.dispatch(ContextClassLoaderDispatch.java:33)\n\tat org.gradle.internal.dispatch.ProxyDispatchAdapter$DispatchingInvocationHandler.invoke(ProxyDispatchAdapter.java:94)\n\tat com.sun.proxy.$Proxy2.stop(Unknown Source)\n\tat org.gradle.api.internal.tasks.testing.worker.TestWorker.stop(TestWorker.java:135)\n\tat java.base/jdk.internal.reflect.NativeMethodAccessorImpl.invoke0(Native Method)\n\tat java.base/jdk.internal.reflect.NativeMethodAccessorImpl.invoke(NativeMethodAccessorImpl.java:62)\n\tat java.base/jdk.internal.reflect.DelegatingMethodAccessorImpl.invoke(DelegatingMethodAccessorImpl.java:43)\n\tat java.base/java.lang.reflect.Method.invoke(Method.java:566)\n\tat org.gradle.internal.dispatch.ReflectionDispatch.dispatch(ReflectionDispatch.java:36)\n\tat org.gradle.internal.dispatch.ReflectionDispatch.dispatch(ReflectionDispatch.java:24)\n\tat org.gradle.internal.remote.internal.hub.MessageHubBackedObjectConnection$DispatchWrapper.dispatch(MessageHubBackedObjectConnection.java:182)\n\tat org.gradle.internal.remote.internal.hub.MessageHubBackedObjectConnection$DispatchWrapper.dispatch(MessageHubBackedObjectConnection.java:164)\n\tat org.gradle.internal.remote.internal.hub.MessageHub$Handler.run(MessageHub.java:414)\n\tat org.gradle.internal.concurrent.ExecutorPolicy$CatchAndRecordFailures.onExecute(ExecutorPolicy.java:64)\n\tat org.gradle.internal.concurrent.ManagedExecutorImpl$1.run(ManagedExecutorImpl.java:48)\n\tat java.base/java.util.concurrent.ThreadPoolExecutor.runWorker(ThreadPoolExecutor.java:1128)\n\tat java.base/java.util.concurrent.ThreadPoolExecutor$Worker.run(ThreadPoolExecutor.java:628)\n\tat org.gradle.internal.concurrent.ThreadFactoryImpl$ManagedThreadRunnable.run(ThreadFactoryImpl.java:56)\n\tat java.base/java.lang.Thread.run(Thread.java:829)\nCaused by: org.openqa.selenium.ElementClickInterceptedException: element click intercepted: Element <ion-item button=\"true\" detail=\"false\" class=\"ionic-selectable-item virtual-item item md ion-activatable ion-focusable hydrated item-label\" style=\"transform: translate3d(0px, 0px, 0px);\">...</ion-item> is not clickable at point (960, 376). Other element would receive the click: <ion-backdrop class=\"sc-ion-alert-md md hydrated\" tabindex=\"-1\" aria-hidden=\"true\" style=\"\"></ion-backdrop>\n  (Session info: headless chrome=97.0.4692.99)\nBuild info: version: '3.141.59', revision: 'e82be7d358', time: '2018-11-14T08:17:03'\nSystem info: host: 'fv-az209-621', ip: '10.1.1.4', os.name: 'Linux', os.arch: 'amd64', os.version: '5.11.0-1028-azure', java.version: '11.0.11'\nDriver info: org.openqa.selenium.chrome.ChromeDriver\nCapabilities {acceptInsecureCerts: true, browserName: chrome, browserVersion: 97.0.4692.99, chrome: {chromedriverVersion: 97.0.4692.71 (adefa7837d02a..., userDataDir: /tmp/.com.google.Chrome.v22kM9}, goog:chromeOptions: {debuggerAddress: localhost:46181}, javascriptEnabled: true, networkConnectionEnabled: false, pageLoadStrategy: normal, platform: LINUX, platformName: LINUX, proxy: Proxy(), setWindowRect: true, strictFileInteractability: false, timeouts: {implicit: 0, pageLoad: 300000, script: 30000}, unhandledPromptBehavior: dismiss and notify, webauthn:extension:credBlob: true, webauthn:extension:largeBlob: true, webauthn:virtualAuthenticators: true}\nSession ID: abca35fe70f1e24dfb6220c062892d5a\n\tat java.base/jdk.internal.reflect.NativeConstructorAccessorImpl.newInstance0(Native Method)\n\tat java.base/jdk.internal.reflect.NativeConstructorAccessorImpl.newInstance(NativeConstructorAccessorImpl.java:62)\n\tat java.base/jdk.internal.reflect.DelegatingConstructorAccessorImpl.newInstance(DelegatingConstructorAccessorImpl.java:45)\n\tat java.base/java.lang.reflect.Constructor.newInstance(Constructor.java:490)\n\tat org.openqa.selenium.remote.http.W3CHttpResponseCodec.createException(W3CHttpResponseCodec.java:187)\n\tat org.openqa.selenium.remote.http.W3CHttpResponseCodec.decode(W3CHttpResponseCodec.java:122)\n\tat org.openqa.selenium.remote.http.W3CHttpResponseCodec.decode(W3CHttpResponseCodec.java:49)\n\tat org.openqa.selenium.remote.HttpCommandExecutor.execute(HttpCommandExecutor.java:158)\n\tat org.openqa.selenium.remote.service.DriverCommandExecutor.execute(DriverCommandExecutor.java:83)\n\tat org.openqa.selenium.remote.RemoteWebDriver.execute(RemoteWebDriver.java:552)\n\tat org.openqa.selenium.remote.RemoteWebElement.execute(RemoteWebElement.java:285)\n\tat org.openqa.selenium.remote.RemoteWebElement.click(RemoteWebElement.java:84)\n\tat com.codeborne.selenide.commands.Click.click(Click.java:46)\n\tat com.codeborne.selenide.commands.Click.execute(Click.java:27)\n\tat com.codeborne.selenide.commands.Click.execute(Click.java:16)\n\tat com.codeborne.selenide.commands.Commands.execute(Commands.java:157)\n\tat com.codeborne.selenide.impl.SelenideElementProxy.dispatchAndRetry(SelenideElementProxy.java:134)\n\t... 96 more\n",
  "flaky" : true,
  "newFailed" : false,
  "beforeStages" : [ ],
  "testStage" : {
    "description" : "",
    "status" : "failed",
    "statusMessage" : "Invalid element state: element click intercepted: Element <ion-item button=\"true\" detail=\"false\" class=\"ionic-selectable-item virtual-item item md ion-activatable ion-focusable hydrated item-label\" style=\"transform: translate3d(0px, 0px, 0px);\">...</ion-item> is not clickable at point (960, 376). Other element would receive the click: <ion-backdrop class=\"sc-ion-alert-md md hydrated\" tabindex=\"-1\" aria-hidden=\"true\" style=\"\"></ion-backdrop>\nScreenshot: file:/home/runner/work/d8base-func-test/d8base-func-test/build/reports/tests/1643979327479.14.png\nPage source: file:/home/runner/work/d8base-func-test/d8base-func-test/build/reports/tests/1643979327479.14.html\nTimeout: 10 s.\nCaused by: ElementClickInterceptedException: element click intercepted: Element <ion-item button=\"true\" detail=\"false\" class=\"ionic-selectable-item virtual-item item md ion-activatable ion-focusable hydrated item-label\" style=\"transform: translate3d(0px, 0px, 0px);\">...</ion-item> is not clickable at point (960, 376). Other element would receive the click: <ion-backdrop class=\"sc-ion-alert-md md hydrated\" tabindex=\"-1\" aria-hidden=\"true\" style=\"\"></ion-backdrop>",
    "statusTrace" : "Invalid element state: element click intercepted: Element <ion-item button=\"true\" detail=\"false\" class=\"ionic-selectable-item virtual-item item md ion-activatable ion-focusable hydrated item-label\" style=\"transform: translate3d(0px, 0px, 0px);\">...</ion-item> is not clickable at point (960, 376). Other element would receive the click: <ion-backdrop class=\"sc-ion-alert-md md hydrated\" tabindex=\"-1\" aria-hidden=\"true\" style=\"\"></ion-backdrop>\nScreenshot: file:/home/runner/work/d8base-func-test/d8base-func-test/build/reports/tests/1643979327479.14.png\nPage source: file:/home/runner/work/d8base-func-test/d8base-func-test/build/reports/tests/1643979327479.14.html\nTimeout: 10 s.\nCaused by: ElementClickInterceptedException: element click intercepted: Element <ion-item button=\"true\" detail=\"false\" class=\"ionic-selectable-item virtual-item item md ion-activatable ion-focusable hydrated item-label\" style=\"transform: translate3d(0px, 0px, 0px);\">...</ion-item> is not clickable at point (960, 376). Other element would receive the click: <ion-backdrop class=\"sc-ion-alert-md md hydrated\" tabindex=\"-1\" aria-hidden=\"true\" style=\"\"></ion-backdrop>\n\tat com.codeborne.selenide.impl.ExceptionWrapper.wrap(ExceptionWrapper.java:26)\n\tat com.codeborne.selenide.impl.SelenideElementProxy.dispatchAndRetry(SelenideElementProxy.java:156)\n\tat com.codeborne.selenide.impl.SelenideElementProxy.invoke(SelenideElementProxy.java:86)\n\tat com.sun.proxy.$Proxy43.click(Unknown Source)\n\tat pages.ServicePublish.verifyCategoryListLanguageNotEng(ServicePublish.java:504)\n\tat tests.regressionTests.ServicePublicationTests.t00202(ServicePublicationTests.java:217)\n\tat java.base/jdk.internal.reflect.NativeMethodAccessorImpl.invoke0(Native Method)\n\tat java.base/jdk.internal.reflect.NativeMethodAccessorImpl.invoke(NativeMethodAccessorImpl.java:62)\n\tat java.base/jdk.internal.reflect.DelegatingMethodAccessorImpl.invoke(DelegatingMethodAccessorImpl.java:43)\n\tat java.base/java.lang.reflect.Method.invoke(Method.java:566)\n\tat org.junit.platform.commons.util.ReflectionUtils.invokeMethod(ReflectionUtils.java:725)\n\tat org.junit.jupiter.engine.execution.MethodInvocation.proceed(MethodInvocation.java:60)\n\tat org.junit.jupiter.engine.execution.InvocationInterceptorChain$ValidatingInvocation.proceed(InvocationInterceptorChain.java:131)\n\tat org.junit.jupiter.engine.extension.TimeoutExtension.intercept(TimeoutExtension.java:149)\n\tat org.junit.jupiter.engine.extension.TimeoutExtension.interceptTestableMethod(TimeoutExtension.java:140)\n\tat org.junit.jupiter.engine.extension.TimeoutExtension.interceptTestMethod(TimeoutExtension.java:84)\n\tat org.junit.jupiter.engine.execution.ExecutableInvoker$ReflectiveInterceptorCall.lambda$ofVoidMethod$0(ExecutableInvoker.java:115)\n\tat org.junit.jupiter.engine.execution.ExecutableInvoker.lambda$invoke$0(ExecutableInvoker.java:105)\n\tat org.junit.jupiter.engine.execution.InvocationInterceptorChain$InterceptedInvocation.proceed(InvocationInterceptorChain.java:106)\n\tat org.junit.jupiter.engine.execution.InvocationInterceptorChain.proceed(InvocationInterceptorChain.java:64)\n\tat org.junit.jupiter.engine.execution.InvocationInterceptorChain.chainAndInvoke(InvocationInterceptorChain.java:45)\n\tat org.junit.jupiter.engine.execution.InvocationInterceptorChain.invoke(InvocationInterceptorChain.java:37)\n\tat org.junit.jupiter.engine.execution.ExecutableInvoker.invoke(ExecutableInvoker.java:104)\n\tat org.junit.jupiter.engine.execution.ExecutableInvoker.invoke(ExecutableInvoker.java:98)\n\tat org.junit.jupiter.engine.descriptor.TestMethodTestDescriptor.lambda$invokeTestMethod$7(TestMethodTestDescriptor.java:214)\n\tat org.junit.platform.engine.support.hierarchical.ThrowableCollector.execute(ThrowableCollector.java:73)\n\tat org.junit.jupiter.engine.descriptor.TestMethodTestDescriptor.invokeTestMethod(TestMethodTestDescriptor.java:210)\n\tat org.junit.jupiter.engine.descriptor.TestMethodTestDescriptor.execute(TestMethodTestDescriptor.java:135)\n\tat org.junit.jupiter.engine.descriptor.TestMethodTestDescriptor.execute(TestMethodTestDescriptor.java:66)\n\tat org.junit.platform.engine.support.hierarchical.NodeTestTask.lambda$executeRecursively$6(NodeTestTask.java:151)\n\tat org.junit.platform.engine.support.hierarchical.ThrowableCollector.execute(ThrowableCollector.java:73)\n\tat org.junit.platform.engine.support.hierarchical.NodeTestTask.lambda$executeRecursively$8(NodeTestTask.java:141)\n\tat org.junit.platform.engine.support.hierarchical.Node.around(Node.java:137)\n\tat org.junit.platform.engine.support.hierarchical.NodeTestTask.lambda$executeRecursively$9(NodeTestTask.java:139)\n\tat org.junit.platform.engine.support.hierarchical.ThrowableCollector.execute(ThrowableCollector.java:73)\n\tat org.junit.platform.engine.support.hierarchical.NodeTestTask.executeRecursively(NodeTestTask.java:138)\n\tat org.junit.platform.engine.support.hierarchical.NodeTestTask.execute(NodeTestTask.java:95)\n\tat java.base/java.util.ArrayList.forEach(ArrayList.java:1541)\n\tat org.junit.platform.engine.support.hierarchical.SameThreadHierarchicalTestExecutorService.invokeAll(SameThreadHierarchicalTestExecutorService.java:41)\n\tat org.junit.platform.engine.support.hierarchical.NodeTestTask.lambda$executeRecursively$6(NodeTestTask.java:155)\n\tat org.junit.platform.engine.support.hierarchical.ThrowableCollector.execute(ThrowableCollector.java:73)\n\tat org.junit.platform.engine.support.hierarchical.NodeTestTask.lambda$executeRecursively$8(NodeTestTask.java:141)\n\tat org.junit.platform.engine.support.hierarchical.Node.around(Node.java:137)\n\tat org.junit.platform.engine.support.hierarchical.NodeTestTask.lambda$executeRecursively$9(NodeTestTask.java:139)\n\tat org.junit.platform.engine.support.hierarchical.ThrowableCollector.execute(ThrowableCollector.java:73)\n\tat org.junit.platform.engine.support.hierarchical.NodeTestTask.executeRecursively(NodeTestTask.java:138)\n\tat org.junit.platform.engine.support.hierarchical.NodeTestTask.execute(NodeTestTask.java:95)\n\tat java.base/java.util.ArrayList.forEach(ArrayList.java:1541)\n\tat org.junit.platform.engine.support.hierarchical.SameThreadHierarchicalTestExecutorService.invokeAll(SameThreadHierarchicalTestExecutorService.java:41)\n\tat org.junit.platform.engine.support.hierarchical.NodeTestTask.lambda$executeRecursively$6(NodeTestTask.java:155)\n\tat org.junit.platform.engine.support.hierarchical.ThrowableCollector.execute(ThrowableCollector.java:73)\n\tat org.junit.platform.engine.support.hierarchical.NodeTestTask.lambda$executeRecursively$8(NodeTestTask.java:141)\n\tat org.junit.platform.engine.support.hierarchical.Node.around(Node.java:137)\n\tat org.junit.platform.engine.support.hierarchical.NodeTestTask.lambda$executeRecursively$9(NodeTestTask.java:139)\n\tat org.junit.platform.engine.support.hierarchical.ThrowableCollector.execute(ThrowableCollector.java:73)\n\tat org.junit.platform.engine.support.hierarchical.NodeTestTask.executeRecursively(NodeTestTask.java:138)\n\tat org.junit.platform.engine.support.hierarchical.NodeTestTask.execute(NodeTestTask.java:95)\n\tat org.junit.platform.engine.support.hierarchical.SameThreadHierarchicalTestExecutorService.submit(SameThreadHierarchicalTestExecutorService.java:35)\n\tat org.junit.platform.engine.support.hierarchical.HierarchicalTestExecutor.execute(HierarchicalTestExecutor.java:57)\n\tat org.junit.platform.engine.support.hierarchical.HierarchicalTestEngine.execute(HierarchicalTestEngine.java:54)\n\tat org.junit.platform.launcher.core.EngineExecutionOrchestrator.execute(EngineExecutionOrchestrator.java:107)\n\tat org.junit.platform.launcher.core.EngineExecutionOrchestrator.execute(EngineExecutionOrchestrator.java:88)\n\tat org.junit.platform.launcher.core.EngineExecutionOrchestrator.lambda$execute$0(EngineExecutionOrchestrator.java:54)\n\tat org.junit.platform.launcher.core.EngineExecutionOrchestrator.withInterceptedStreams(EngineExecutionOrchestrator.java:67)\n\tat org.junit.platform.launcher.core.EngineExecutionOrchestrator.execute(EngineExecutionOrchestrator.java:52)\n\tat org.junit.platform.launcher.core.DefaultLauncher.execute(DefaultLauncher.java:114)\n\tat org.junit.platform.launcher.core.DefaultLauncher.execute(DefaultLauncher.java:86)\n\tat org.junit.platform.launcher.core.DefaultLauncherSession$DelegatingLauncher.execute(DefaultLauncherSession.java:86)\n\tat org.junit.platform.launcher.core.SessionPerRequestLauncher.execute(SessionPerRequestLauncher.java:53)\n\tat org.gradle.api.internal.tasks.testing.junitplatform.JUnitPlatformTestClassProcessor$CollectAllTestClassesExecutor.processAllTestClasses(JUnitPlatformTestClassProcessor.java:99)\n\tat org.gradle.api.internal.tasks.testing.junitplatform.JUnitPlatformTestClassProcessor$CollectAllTestClassesExecutor.access$000(JUnitPlatformTestClassProcessor.java:79)\n\tat org.gradle.api.internal.tasks.testing.junitplatform.JUnitPlatformTestClassProcessor.stop(JUnitPlatformTestClassProcessor.java:75)\n\tat org.gradle.api.internal.tasks.testing.SuiteTestClassProcessor.stop(SuiteTestClassProcessor.java:61)\n\tat java.base/jdk.internal.reflect.NativeMethodAccessorImpl.invoke0(Native Method)\n\tat java.base/jdk.internal.reflect.NativeMethodAccessorImpl.invoke(NativeMethodAccessorImpl.java:62)\n\tat java.base/jdk.internal.reflect.DelegatingMethodAccessorImpl.invoke(DelegatingMethodAccessorImpl.java:43)\n\tat java.base/java.lang.reflect.Method.invoke(Method.java:566)\n\tat org.gradle.internal.dispatch.ReflectionDispatch.dispatch(ReflectionDispatch.java:36)\n\tat org.gradle.internal.dispatch.ReflectionDispatch.dispatch(ReflectionDispatch.java:24)\n\tat org.gradle.internal.dispatch.ContextClassLoaderDispatch.dispatch(ContextClassLoaderDispatch.java:33)\n\tat org.gradle.internal.dispatch.ProxyDispatchAdapter$DispatchingInvocationHandler.invoke(ProxyDispatchAdapter.java:94)\n\tat com.sun.proxy.$Proxy2.stop(Unknown Source)\n\tat org.gradle.api.internal.tasks.testing.worker.TestWorker.stop(TestWorker.java:135)\n\tat java.base/jdk.internal.reflect.NativeMethodAccessorImpl.invoke0(Native Method)\n\tat java.base/jdk.internal.reflect.NativeMethodAccessorImpl.invoke(NativeMethodAccessorImpl.java:62)\n\tat java.base/jdk.internal.reflect.DelegatingMethodAccessorImpl.invoke(DelegatingMethodAccessorImpl.java:43)\n\tat java.base/java.lang.reflect.Method.invoke(Method.java:566)\n\tat org.gradle.internal.dispatch.ReflectionDispatch.dispatch(ReflectionDispatch.java:36)\n\tat org.gradle.internal.dispatch.ReflectionDispatch.dispatch(ReflectionDispatch.java:24)\n\tat org.gradle.internal.remote.internal.hub.MessageHubBackedObjectConnection$DispatchWrapper.dispatch(MessageHubBackedObjectConnection.java:182)\n\tat org.gradle.internal.remote.internal.hub.MessageHubBackedObjectConnection$DispatchWrapper.dispatch(MessageHubBackedObjectConnection.java:164)\n\tat org.gradle.internal.remote.internal.hub.MessageHub$Handler.run(MessageHub.java:414)\n\tat org.gradle.internal.concurrent.ExecutorPolicy$CatchAndRecordFailures.onExecute(ExecutorPolicy.java:64)\n\tat org.gradle.internal.concurrent.ManagedExecutorImpl$1.run(ManagedExecutorImpl.java:48)\n\tat java.base/java.util.concurrent.ThreadPoolExecutor.runWorker(ThreadPoolExecutor.java:1128)\n\tat java.base/java.util.concurrent.ThreadPoolExecutor$Worker.run(ThreadPoolExecutor.java:628)\n\tat org.gradle.internal.concurrent.ThreadFactoryImpl$ManagedThreadRunnable.run(ThreadFactoryImpl.java:56)\n\tat java.base/java.lang.Thread.run(Thread.java:829)\nCaused by: org.openqa.selenium.ElementClickInterceptedException: element click intercepted: Element <ion-item button=\"true\" detail=\"false\" class=\"ionic-selectable-item virtual-item item md ion-activatable ion-focusable hydrated item-label\" style=\"transform: translate3d(0px, 0px, 0px);\">...</ion-item> is not clickable at point (960, 376). Other element would receive the click: <ion-backdrop class=\"sc-ion-alert-md md hydrated\" tabindex=\"-1\" aria-hidden=\"true\" style=\"\"></ion-backdrop>\n  (Session info: headless chrome=97.0.4692.99)\nBuild info: version: '3.141.59', revision: 'e82be7d358', time: '2018-11-14T08:17:03'\nSystem info: host: 'fv-az209-621', ip: '10.1.1.4', os.name: 'Linux', os.arch: 'amd64', os.version: '5.11.0-1028-azure', java.version: '11.0.11'\nDriver info: org.openqa.selenium.chrome.ChromeDriver\nCapabilities {acceptInsecureCerts: true, browserName: chrome, browserVersion: 97.0.4692.99, chrome: {chromedriverVersion: 97.0.4692.71 (adefa7837d02a..., userDataDir: /tmp/.com.google.Chrome.v22kM9}, goog:chromeOptions: {debuggerAddress: localhost:46181}, javascriptEnabled: true, networkConnectionEnabled: false, pageLoadStrategy: normal, platform: LINUX, platformName: LINUX, proxy: Proxy(), setWindowRect: true, strictFileInteractability: false, timeouts: {implicit: 0, pageLoad: 300000, script: 30000}, unhandledPromptBehavior: dismiss and notify, webauthn:extension:credBlob: true, webauthn:extension:largeBlob: true, webauthn:virtualAuthenticators: true}\nSession ID: abca35fe70f1e24dfb6220c062892d5a\n\tat java.base/jdk.internal.reflect.NativeConstructorAccessorImpl.newInstance0(Native Method)\n\tat java.base/jdk.internal.reflect.NativeConstructorAccessorImpl.newInstance(NativeConstructorAccessorImpl.java:62)\n\tat java.base/jdk.internal.reflect.DelegatingConstructorAccessorImpl.newInstance(DelegatingConstructorAccessorImpl.java:45)\n\tat java.base/java.lang.reflect.Constructor.newInstance(Constructor.java:490)\n\tat org.openqa.selenium.remote.http.W3CHttpResponseCodec.createException(W3CHttpResponseCodec.java:187)\n\tat org.openqa.selenium.remote.http.W3CHttpResponseCodec.decode(W3CHttpResponseCodec.java:122)\n\tat org.openqa.selenium.remote.http.W3CHttpResponseCodec.decode(W3CHttpResponseCodec.java:49)\n\tat org.openqa.selenium.remote.HttpCommandExecutor.execute(HttpCommandExecutor.java:158)\n\tat org.openqa.selenium.remote.service.DriverCommandExecutor.execute(DriverCommandExecutor.java:83)\n\tat org.openqa.selenium.remote.RemoteWebDriver.execute(RemoteWebDriver.java:552)\n\tat org.openqa.selenium.remote.RemoteWebElement.execute(RemoteWebElement.java:285)\n\tat org.openqa.selenium.remote.RemoteWebElement.click(RemoteWebElement.java:84)\n\tat com.codeborne.selenide.commands.Click.click(Click.java:46)\n\tat com.codeborne.selenide.commands.Click.execute(Click.java:27)\n\tat com.codeborne.selenide.commands.Click.execute(Click.java:16)\n\tat com.codeborne.selenide.commands.Commands.execute(Commands.java:157)\n\tat com.codeborne.selenide.impl.SelenideElementProxy.dispatchAndRetry(SelenideElementProxy.java:134)\n\t... 96 more\n",
    "steps" : [ {
      "name" : "Open URL: https://app.maxibooking.ru",
      "time" : {
        "start" : 1643979297913,
        "stop" : 1643979301364,
        "duration" : 3451
      },
      "status" : "passed",
      "steps" : [ {
        "name" : "$(\"open\") https://app.maxibooking.ru",
        "time" : {
          "start" : 1643979297913,
          "stop" : 1643979301364,
          "duration" : 3451
        },
        "status" : "passed",
        "steps" : [ ],
        "attachments" : [ ],
        "parameters" : [ ],
        "stepsCount" : 0,
        "attachmentsCount" : 0,
        "shouldDisplayMessage" : false,
        "hasContent" : false
      } ],
      "attachments" : [ ],
      "parameters" : [ ],
      "stepsCount" : 1,
      "attachmentsCount" : 0,
      "shouldDisplayMessage" : false,
      "hasContent" : true
    }, {
      "name" : "Pop-up skip",
      "time" : {
        "start" : 1643979301364,
        "stop" : 1643979303356,
        "duration" : 1992
      },
      "status" : "passed",
      "steps" : [ {
        "name" : "$(\"h2.alert-sub-title\") should be([visible, 10 s.])",
        "time" : {
          "start" : 1643979301564,
          "stop" : 1643979301803,
          "duration" : 239
        },
        "status" : "passed",
        "steps" : [ ],
        "attachments" : [ ],
        "parameters" : [ ],
        "stepsCount" : 0,
        "attachmentsCount" : 0,
        "shouldDisplayMessage" : false,
        "hasContent" : false
      }, {
        "name" : "$(\"ion-alert\") press escape()",
        "time" : {
          "start" : 1643979302804,
          "stop" : 1643979302865,
          "duration" : 61
        },
        "status" : "passed",
        "steps" : [ ],
        "attachments" : [ ],
        "parameters" : [ ],
        "stepsCount" : 0,
        "attachmentsCount" : 0,
        "shouldDisplayMessage" : false,
        "hasContent" : false
      }, {
        "name" : "$(\"ion-alert\") should not be([visible, 10 s.])",
        "time" : {
          "start" : 1643979302865,
          "stop" : 1643979303156,
          "duration" : 291
        },
        "status" : "passed",
        "steps" : [ ],
        "attachments" : [ ],
        "parameters" : [ ],
        "stepsCount" : 0,
        "attachmentsCount" : 0,
        "shouldDisplayMessage" : false,
        "hasContent" : false
      } ],
      "attachments" : [ ],
      "parameters" : [ ],
      "stepsCount" : 3,
      "attachmentsCount" : 0,
      "shouldDisplayMessage" : false,
      "hasContent" : true
    }, {
      "name" : "Change language to English",
      "time" : {
        "start" : 1643979303356,
        "stop" : 1643979303895,
        "duration" : 539
      },
      "status" : "passed",
      "steps" : [ {
        "name" : "$(\"[menu='flag-menu'].filter(visible)[0]\") get text()",
        "time" : {
          "start" : 1643979303856,
          "stop" : 1643979303894,
          "duration" : 38
        },
        "status" : "passed",
        "steps" : [ ],
        "attachments" : [ ],
        "parameters" : [ ],
        "stepsCount" : 0,
        "attachmentsCount" : 0,
        "shouldDisplayMessage" : false,
        "hasContent" : false
      } ],
      "attachments" : [ ],
      "parameters" : [ ],
      "stepsCount" : 1,
      "attachmentsCount" : 0,
      "shouldDisplayMessage" : false,
      "hasContent" : true
    }, {
      "name" : "Click Menu > Publish new service",
      "time" : {
        "start" : 1643979303895,
        "stop" : 1643979305083,
        "duration" : 1188
      },
      "status" : "passed",
      "steps" : [ {
        "name" : "$(\"[menu='main-menu'].filter(visible)[0]\") click()",
        "time" : {
          "start" : 1643979304195,
          "stop" : 1643979304326,
          "duration" : 131
        },
        "status" : "passed",
        "steps" : [ ],
        "attachments" : [ ],
        "parameters" : [ ],
        "stepsCount" : 0,
        "attachmentsCount" : 0,
        "shouldDisplayMessage" : false,
        "hasContent" : false
      }, {
        "name" : "$(\"[id='main-menu.become-professional']\") scroll into view(true)",
        "time" : {
          "start" : 1643979304626,
          "stop" : 1643979304658,
          "duration" : 32
        },
        "status" : "passed",
        "steps" : [ {
          "name" : "$(\"[id='main-menu.become-professional']\") get wrapped element()",
          "time" : {
            "start" : 1643979304626,
            "stop" : 1643979304653,
            "duration" : 27
          },
          "status" : "passed",
          "steps" : [ ],
          "attachments" : [ ],
          "parameters" : [ ],
          "stepsCount" : 0,
          "attachmentsCount" : 0,
          "shouldDisplayMessage" : false,
          "hasContent" : false
        } ],
        "attachments" : [ ],
        "parameters" : [ ],
        "stepsCount" : 1,
        "attachmentsCount" : 0,
        "shouldDisplayMessage" : false,
        "hasContent" : true
      }, {
        "name" : "$(\"[id='main-menu.become-professional']\") click()",
        "time" : {
          "start" : 1643979304658,
          "stop" : 1643979304783,
          "duration" : 125
        },
        "status" : "passed",
        "steps" : [ ],
        "attachments" : [ ],
        "parameters" : [ ],
        "stepsCount" : 0,
        "attachmentsCount" : 0,
        "shouldDisplayMessage" : false,
        "hasContent" : false
      } ],
      "attachments" : [ ],
      "parameters" : [ ],
      "stepsCount" : 4,
      "attachmentsCount" : 0,
      "shouldDisplayMessage" : false,
      "hasContent" : true
    }, {
      "name" : "Verify that category/subcategory title language is in English",
      "time" : {
        "start" : 1643979305083,
        "stop" : 1643979305314,
        "duration" : 231
      },
      "status" : "passed",
      "steps" : [ {
        "name" : "$(\"app-service-publish-step-one/app-category-selector/ion-label\") get text()",
        "time" : {
          "start" : 1643979305083,
          "stop" : 1643979305124,
          "duration" : 41
        },
        "status" : "passed",
        "steps" : [ ],
        "attachments" : [ ],
        "parameters" : [ ],
        "stepsCount" : 0,
        "attachmentsCount" : 0,
        "shouldDisplayMessage" : false,
        "hasContent" : false
      }, {
        "name" : "$(\"app-service-publish-step-one/app-subcategory-selector/ion-label\") get text()",
        "time" : {
          "start" : 1643979305124,
          "stop" : 1643979305158,
          "duration" : 34
        },
        "status" : "passed",
        "steps" : [ ],
        "attachments" : [ ],
        "parameters" : [ ],
        "stepsCount" : 0,
        "attachmentsCount" : 0,
        "shouldDisplayMessage" : false,
        "hasContent" : false
      } ],
      "attachments" : [ {
        "uid" : "cd0c5c671433b699",
        "name" : "Screenshot",
        "source" : "cd0c5c671433b699.png",
        "type" : "image/png",
        "size" : 46822
      } ],
      "parameters" : [ ],
      "stepsCount" : 2,
      "attachmentsCount" : 1,
      "shouldDisplayMessage" : false,
      "hasContent" : true
    }, {
      "name" : "Verify that category list language is in English",
      "time" : {
        "start" : 1643979305315,
        "stop" : 1643979306851,
        "duration" : 1536
      },
      "status" : "passed",
      "steps" : [ {
        "name" : "$(\"ionic-selectable\") should be([visible, 10 s.])",
        "time" : {
          "start" : 1643979305315,
          "stop" : 1643979305336,
          "duration" : 21
        },
        "status" : "passed",
        "steps" : [ ],
        "attachments" : [ ],
        "parameters" : [ ],
        "stepsCount" : 0,
        "attachmentsCount" : 0,
        "shouldDisplayMessage" : false,
        "hasContent" : false
      }, {
        "name" : "$(\"ionic-selectable\") click()",
        "time" : {
          "start" : 1643979305336,
          "stop" : 1643979305382,
          "duration" : 46
        },
        "status" : "passed",
        "steps" : [ ],
        "attachments" : [ ],
        "parameters" : [ ],
        "stepsCount" : 0,
        "attachmentsCount" : 0,
        "shouldDisplayMessage" : false,
        "hasContent" : false
      }, {
        "name" : "$(\"ionic-selectable-modal ion-virtual-scroll ion-item ion-label\") should be([visible, 10 s.])",
        "time" : {
          "start" : 1643979305382,
          "stop" : 1643979306144,
          "duration" : 762
        },
        "status" : "passed",
        "steps" : [ ],
        "attachments" : [ ],
        "parameters" : [ ],
        "stepsCount" : 0,
        "attachmentsCount" : 0,
        "shouldDisplayMessage" : false,
        "hasContent" : false
      }, {
        "name" : "$(\"ionic-selectable-modal ion-virtual-scroll ion-item ion-label\") get text()",
        "time" : {
          "start" : 1643979306144,
          "stop" : 1643979306159,
          "duration" : 15
        },
        "status" : "passed",
        "steps" : [ ],
        "attachments" : [ ],
        "parameters" : [ ],
        "stepsCount" : 0,
        "attachmentsCount" : 0,
        "shouldDisplayMessage" : false,
        "hasContent" : false
      }, {
        "name" : "$(\"ionic-selectable-modal ion-virtual-scroll ion-item\") scroll into view(true)",
        "time" : {
          "start" : 1643979306383,
          "stop" : 1643979306397,
          "duration" : 14
        },
        "status" : "passed",
        "steps" : [ {
          "name" : "$(\"ionic-selectable-modal ion-virtual-scroll ion-item\") get wrapped element()",
          "time" : {
            "start" : 1643979306383,
            "stop" : 1643979306392,
            "duration" : 9
          },
          "status" : "passed",
          "steps" : [ ],
          "attachments" : [ ],
          "parameters" : [ ],
          "stepsCount" : 0,
          "attachmentsCount" : 0,
          "shouldDisplayMessage" : false,
          "hasContent" : false
        } ],
        "attachments" : [ ],
        "parameters" : [ ],
        "stepsCount" : 1,
        "attachmentsCount" : 0,
        "shouldDisplayMessage" : false,
        "hasContent" : true
      }, {
        "name" : "$(\"ionic-selectable-modal ion-virtual-scroll ion-item\") click()",
        "time" : {
          "start" : 1643979306397,
          "stop" : 1643979306458,
          "duration" : 61
        },
        "status" : "passed",
        "steps" : [ ],
        "attachments" : [ ],
        "parameters" : [ ],
        "stepsCount" : 0,
        "attachmentsCount" : 0,
        "shouldDisplayMessage" : false,
        "hasContent" : false
      }, {
        "name" : "$(\"ionic-selectable-modal\") should not be([visible, 10 s.])",
        "time" : {
          "start" : 1643979306458,
          "stop" : 1643979306851,
          "duration" : 393
        },
        "status" : "passed",
        "steps" : [ ],
        "attachments" : [ ],
        "parameters" : [ ],
        "stepsCount" : 0,
        "attachmentsCount" : 0,
        "shouldDisplayMessage" : false,
        "hasContent" : false
      } ],
      "attachments" : [ {
        "uid" : "5bf2e765874bf85",
        "name" : "Screenshot",
        "source" : "5bf2e765874bf85.png",
        "type" : "image/png",
        "size" : 75251
      } ],
      "parameters" : [ ],
      "stepsCount" : 8,
      "attachmentsCount" : 1,
      "shouldDisplayMessage" : false,
      "hasContent" : true
    }, {
      "name" : "Verify that subcategory list language is in English",
      "time" : {
        "start" : 1643979306852,
        "stop" : 1643979308084,
        "duration" : 1232
      },
      "status" : "passed",
      "steps" : [ {
        "name" : "$(\"ionic-selectable[1]\") should be([visible, 10 s.])",
        "time" : {
          "start" : 1643979306852,
          "stop" : 1643979306873,
          "duration" : 21
        },
        "status" : "passed",
        "steps" : [ ],
        "attachments" : [ ],
        "parameters" : [ ],
        "stepsCount" : 0,
        "attachmentsCount" : 0,
        "shouldDisplayMessage" : false,
        "hasContent" : false
      }, {
        "name" : "$(\"ionic-selectable[1]\") scroll into view(true)",
        "time" : {
          "start" : 1643979306873,
          "stop" : 1643979306890,
          "duration" : 17
        },
        "status" : "passed",
        "steps" : [ {
          "name" : "$(\"ionic-selectable[1]\") get wrapped element()",
          "time" : {
            "start" : 1643979306873,
            "stop" : 1643979306884,
            "duration" : 11
          },
          "status" : "passed",
          "steps" : [ ],
          "attachments" : [ ],
          "parameters" : [ ],
          "stepsCount" : 0,
          "attachmentsCount" : 0,
          "shouldDisplayMessage" : false,
          "hasContent" : false
        } ],
        "attachments" : [ ],
        "parameters" : [ ],
        "stepsCount" : 1,
        "attachmentsCount" : 0,
        "shouldDisplayMessage" : false,
        "hasContent" : true
      }, {
        "name" : "$(\"ionic-selectable[1]\") click()",
        "time" : {
          "start" : 1643979306890,
          "stop" : 1643979306986,
          "duration" : 96
        },
        "status" : "passed",
        "steps" : [ ],
        "attachments" : [ ],
        "parameters" : [ ],
        "stepsCount" : 0,
        "attachmentsCount" : 0,
        "shouldDisplayMessage" : false,
        "hasContent" : false
      }, {
        "name" : "$(\"ionic-selectable-modal ion-content ion-item ion-label\") should be([visible, 10 s.])",
        "time" : {
          "start" : 1643979306986,
          "stop" : 1643979307433,
          "duration" : 447
        },
        "status" : "passed",
        "steps" : [ ],
        "attachments" : [ ],
        "parameters" : [ ],
        "stepsCount" : 0,
        "attachmentsCount" : 0,
        "shouldDisplayMessage" : false,
        "hasContent" : false
      }, {
        "name" : "$(\"ionic-selectable-modal ion-content ion-item ion-label\") get text()",
        "time" : {
          "start" : 1643979307433,
          "stop" : 1643979307452,
          "duration" : 19
        },
        "status" : "passed",
        "steps" : [ ],
        "attachments" : [ ],
        "parameters" : [ ],
        "stepsCount" : 0,
        "attachmentsCount" : 0,
        "shouldDisplayMessage" : false,
        "hasContent" : false
      }, {
        "name" : "$(\"ionic-selectable-modal ion-content ion-item\") scroll into view(true)",
        "time" : {
          "start" : 1643979307655,
          "stop" : 1643979307670,
          "duration" : 15
        },
        "status" : "passed",
        "steps" : [ {
          "name" : "$(\"ionic-selectable-modal ion-content ion-item\") get wrapped element()",
          "time" : {
            "start" : 1643979307655,
            "stop" : 1643979307665,
            "duration" : 10
          },
          "status" : "passed",
          "steps" : [ ],
          "attachments" : [ ],
          "parameters" : [ ],
          "stepsCount" : 0,
          "attachmentsCount" : 0,
          "shouldDisplayMessage" : false,
          "hasContent" : false
        } ],
        "attachments" : [ ],
        "parameters" : [ ],
        "stepsCount" : 1,
        "attachmentsCount" : 0,
        "shouldDisplayMessage" : false,
        "hasContent" : true
      }, {
        "name" : "$(\"ionic-selectable-modal ion-content ion-item\") click()",
        "time" : {
          "start" : 1643979307670,
          "stop" : 1643979307730,
          "duration" : 60
        },
        "status" : "passed",
        "steps" : [ ],
        "attachments" : [ ],
        "parameters" : [ ],
        "stepsCount" : 0,
        "attachmentsCount" : 0,
        "shouldDisplayMessage" : false,
        "hasContent" : false
      }, {
        "name" : "$(\"ionic-selectable-modal\") should not be([visible, 10 s.])",
        "time" : {
          "start" : 1643979307730,
          "stop" : 1643979308084,
          "duration" : 354
        },
        "status" : "passed",
        "steps" : [ ],
        "attachments" : [ ],
        "parameters" : [ ],
        "stepsCount" : 0,
        "attachmentsCount" : 0,
        "shouldDisplayMessage" : false,
        "hasContent" : false
      } ],
      "attachments" : [ {
        "uid" : "3a7f83002d4f0b1d",
        "name" : "Screenshot",
        "source" : "3a7f83002d4f0b1d.png",
        "type" : "image/png",
        "size" : 88729
      } ],
      "parameters" : [ ],
      "stepsCount" : 10,
      "attachmentsCount" : 1,
      "shouldDisplayMessage" : false,
      "hasContent" : true
    }, {
      "name" : "$(\"refresh\") ",
      "time" : {
        "start" : 1643979308084,
        "stop" : 1643979308658,
        "duration" : 574
      },
      "status" : "passed",
      "steps" : [ ],
      "attachments" : [ ],
      "parameters" : [ ],
      "stepsCount" : 0,
      "attachmentsCount" : 0,
      "shouldDisplayMessage" : false,
      "hasContent" : false
    }, {
      "name" : "Pop-up skip",
      "time" : {
        "start" : 1643979308658,
        "stop" : 1643979310920,
        "duration" : 2262
      },
      "status" : "passed",
      "steps" : [ {
        "name" : "$(\"h2.alert-sub-title\") should be([visible, 10 s.])",
        "time" : {
          "start" : 1643979308858,
          "stop" : 1643979309297,
          "duration" : 439
        },
        "status" : "passed",
        "steps" : [ ],
        "attachments" : [ ],
        "parameters" : [ ],
        "stepsCount" : 0,
        "attachmentsCount" : 0,
        "shouldDisplayMessage" : false,
        "hasContent" : false
      }, {
        "name" : "$(\"ion-alert\") press escape()",
        "time" : {
          "start" : 1643979310297,
          "stop" : 1643979310358,
          "duration" : 61
        },
        "status" : "passed",
        "steps" : [ ],
        "attachments" : [ ],
        "parameters" : [ ],
        "stepsCount" : 0,
        "attachmentsCount" : 0,
        "shouldDisplayMessage" : false,
        "hasContent" : false
      }, {
        "name" : "$(\"ion-alert\") should not be([visible, 10 s.])",
        "time" : {
          "start" : 1643979310358,
          "stop" : 1643979310720,
          "duration" : 362
        },
        "status" : "passed",
        "steps" : [ ],
        "attachments" : [ ],
        "parameters" : [ ],
        "stepsCount" : 0,
        "attachmentsCount" : 0,
        "shouldDisplayMessage" : false,
        "hasContent" : false
      } ],
      "attachments" : [ ],
      "parameters" : [ ],
      "stepsCount" : 3,
      "attachmentsCount" : 0,
      "shouldDisplayMessage" : false,
      "hasContent" : true
    }, {
      "name" : "Verify that category/subcategory title language is in English",
      "time" : {
        "start" : 1643979310920,
        "stop" : 1643979311166,
        "duration" : 246
      },
      "status" : "passed",
      "steps" : [ {
        "name" : "$(\"app-service-publish-step-one/app-category-selector/ion-label\") get text()",
        "time" : {
          "start" : 1643979310920,
          "stop" : 1643979310959,
          "duration" : 39
        },
        "status" : "passed",
        "steps" : [ ],
        "attachments" : [ ],
        "parameters" : [ ],
        "stepsCount" : 0,
        "attachmentsCount" : 0,
        "shouldDisplayMessage" : false,
        "hasContent" : false
      }, {
        "name" : "$(\"app-service-publish-step-one/app-subcategory-selector/ion-label\") get text()",
        "time" : {
          "start" : 1643979310959,
          "stop" : 1643979310996,
          "duration" : 37
        },
        "status" : "passed",
        "steps" : [ ],
        "attachments" : [ ],
        "parameters" : [ ],
        "stepsCount" : 0,
        "attachmentsCount" : 0,
        "shouldDisplayMessage" : false,
        "hasContent" : false
      } ],
      "attachments" : [ {
        "uid" : "1073e126e390f3ec",
        "name" : "Screenshot",
        "source" : "1073e126e390f3ec.png",
        "type" : "image/png",
        "size" : 46822
      } ],
      "parameters" : [ ],
      "stepsCount" : 2,
      "attachmentsCount" : 1,
      "shouldDisplayMessage" : false,
      "hasContent" : true
    }, {
      "name" : "Verify that category list language is in English",
      "time" : {
        "start" : 1643979311166,
        "stop" : 1643979312238,
        "duration" : 1072
      },
      "status" : "passed",
      "steps" : [ {
        "name" : "$(\"ionic-selectable\") should be([visible, 10 s.])",
        "time" : {
          "start" : 1643979311166,
          "stop" : 1643979311190,
          "duration" : 24
        },
        "status" : "passed",
        "steps" : [ ],
        "attachments" : [ ],
        "parameters" : [ ],
        "stepsCount" : 0,
        "attachmentsCount" : 0,
        "shouldDisplayMessage" : false,
        "hasContent" : false
      }, {
        "name" : "$(\"ionic-selectable\") click()",
        "time" : {
          "start" : 1643979311190,
          "stop" : 1643979311297,
          "duration" : 107
        },
        "status" : "passed",
        "steps" : [ ],
        "attachments" : [ ],
        "parameters" : [ ],
        "stepsCount" : 0,
        "attachmentsCount" : 0,
        "shouldDisplayMessage" : false,
        "hasContent" : false
      }, {
        "name" : "$(\"ionic-selectable-modal ion-virtual-scroll ion-item ion-label\") should be([visible, 10 s.])",
        "time" : {
          "start" : 1643979311297,
          "stop" : 1643979311581,
          "duration" : 284
        },
        "status" : "passed",
        "steps" : [ ],
        "attachments" : [ ],
        "parameters" : [ ],
        "stepsCount" : 0,
        "attachmentsCount" : 0,
        "shouldDisplayMessage" : false,
        "hasContent" : false
      }, {
        "name" : "$(\"ionic-selectable-modal ion-virtual-scroll ion-item ion-label\") get text()",
        "time" : {
          "start" : 1643979311581,
          "stop" : 1643979311602,
          "duration" : 21
        },
        "status" : "passed",
        "steps" : [ ],
        "attachments" : [ ],
        "parameters" : [ ],
        "stepsCount" : 0,
        "attachmentsCount" : 0,
        "shouldDisplayMessage" : false,
        "hasContent" : false
      }, {
        "name" : "$(\"ionic-selectable-modal ion-virtual-scroll ion-item\") scroll into view(true)",
        "time" : {
          "start" : 1643979311801,
          "stop" : 1643979311820,
          "duration" : 19
        },
        "status" : "passed",
        "steps" : [ {
          "name" : "$(\"ionic-selectable-modal ion-virtual-scroll ion-item\") get wrapped element()",
          "time" : {
            "start" : 1643979311801,
            "stop" : 1643979311811,
            "duration" : 10
          },
          "status" : "passed",
          "steps" : [ ],
          "attachments" : [ ],
          "parameters" : [ ],
          "stepsCount" : 0,
          "attachmentsCount" : 0,
          "shouldDisplayMessage" : false,
          "hasContent" : false
        } ],
        "attachments" : [ ],
        "parameters" : [ ],
        "stepsCount" : 1,
        "attachmentsCount" : 0,
        "shouldDisplayMessage" : false,
        "hasContent" : true
      }, {
        "name" : "$(\"ionic-selectable-modal ion-virtual-scroll ion-item\") click()",
        "time" : {
          "start" : 1643979311820,
          "stop" : 1643979311880,
          "duration" : 60
        },
        "status" : "passed",
        "steps" : [ ],
        "attachments" : [ ],
        "parameters" : [ ],
        "stepsCount" : 0,
        "attachmentsCount" : 0,
        "shouldDisplayMessage" : false,
        "hasContent" : false
      }, {
        "name" : "$(\"ionic-selectable-modal\") should not be([visible, 10 s.])",
        "time" : {
          "start" : 1643979311880,
          "stop" : 1643979312238,
          "duration" : 358
        },
        "status" : "passed",
        "steps" : [ ],
        "attachments" : [ ],
        "parameters" : [ ],
        "stepsCount" : 0,
        "attachmentsCount" : 0,
        "shouldDisplayMessage" : false,
        "hasContent" : false
      } ],
      "attachments" : [ {
        "uid" : "9933c0094de71f52",
        "name" : "Screenshot",
        "source" : "9933c0094de71f52.png",
        "type" : "image/png",
        "size" : 68821
      } ],
      "parameters" : [ ],
      "stepsCount" : 8,
      "attachmentsCount" : 1,
      "shouldDisplayMessage" : false,
      "hasContent" : true
    }, {
      "name" : "Verify that subcategory list language is in English",
      "time" : {
        "start" : 1643979312238,
        "stop" : 1643979313842,
        "duration" : 1604
      },
      "status" : "passed",
      "steps" : [ {
        "name" : "$(\"ionic-selectable[1]\") should be([visible, 10 s.])",
        "time" : {
          "start" : 1643979312238,
          "stop" : 1643979312257,
          "duration" : 19
        },
        "status" : "passed",
        "steps" : [ ],
        "attachments" : [ ],
        "parameters" : [ ],
        "stepsCount" : 0,
        "attachmentsCount" : 0,
        "shouldDisplayMessage" : false,
        "hasContent" : false
      }, {
        "name" : "$(\"ionic-selectable[1]\") scroll into view(true)",
        "time" : {
          "start" : 1643979312257,
          "stop" : 1643979312274,
          "duration" : 17
        },
        "status" : "passed",
        "steps" : [ {
          "name" : "$(\"ionic-selectable[1]\") get wrapped element()",
          "time" : {
            "start" : 1643979312257,
            "stop" : 1643979312263,
            "duration" : 6
          },
          "status" : "passed",
          "steps" : [ ],
          "attachments" : [ ],
          "parameters" : [ ],
          "stepsCount" : 0,
          "attachmentsCount" : 0,
          "shouldDisplayMessage" : false,
          "hasContent" : false
        } ],
        "attachments" : [ ],
        "parameters" : [ ],
        "stepsCount" : 1,
        "attachmentsCount" : 0,
        "shouldDisplayMessage" : false,
        "hasContent" : true
      }, {
        "name" : "$(\"ionic-selectable[1]\") click()",
        "time" : {
          "start" : 1643979312274,
          "stop" : 1643979312331,
          "duration" : 57
        },
        "status" : "passed",
        "steps" : [ ],
        "attachments" : [ ],
        "parameters" : [ ],
        "stepsCount" : 0,
        "attachmentsCount" : 0,
        "shouldDisplayMessage" : false,
        "hasContent" : false
      }, {
        "name" : "$(\"ionic-selectable-modal ion-content ion-item ion-label\") should be([visible, 10 s.])",
        "time" : {
          "start" : 1643979312331,
          "stop" : 1643979313192,
          "duration" : 861
        },
        "status" : "passed",
        "steps" : [ ],
        "attachments" : [ ],
        "parameters" : [ ],
        "stepsCount" : 0,
        "attachmentsCount" : 0,
        "shouldDisplayMessage" : false,
        "hasContent" : false
      }, {
        "name" : "$(\"ionic-selectable-modal ion-content ion-item ion-label\") get text()",
        "time" : {
          "start" : 1643979313192,
          "stop" : 1643979313213,
          "duration" : 21
        },
        "status" : "passed",
        "steps" : [ ],
        "attachments" : [ ],
        "parameters" : [ ],
        "stepsCount" : 0,
        "attachmentsCount" : 0,
        "shouldDisplayMessage" : false,
        "hasContent" : false
      }, {
        "name" : "$(\"ionic-selectable-modal ion-content ion-item\") scroll into view(true)",
        "time" : {
          "start" : 1643979313406,
          "stop" : 1643979313422,
          "duration" : 16
        },
        "status" : "passed",
        "steps" : [ {
          "name" : "$(\"ionic-selectable-modal ion-content ion-item\") get wrapped element()",
          "time" : {
            "start" : 1643979313406,
            "stop" : 1643979313412,
            "duration" : 6
          },
          "status" : "passed",
          "steps" : [ ],
          "attachments" : [ ],
          "parameters" : [ ],
          "stepsCount" : 0,
          "attachmentsCount" : 0,
          "shouldDisplayMessage" : false,
          "hasContent" : false
        } ],
        "attachments" : [ ],
        "parameters" : [ ],
        "stepsCount" : 1,
        "attachmentsCount" : 0,
        "shouldDisplayMessage" : false,
        "hasContent" : true
      }, {
        "name" : "$(\"ionic-selectable-modal ion-content ion-item\") click()",
        "time" : {
          "start" : 1643979313422,
          "stop" : 1643979313489,
          "duration" : 67
        },
        "status" : "passed",
        "steps" : [ ],
        "attachments" : [ ],
        "parameters" : [ ],
        "stepsCount" : 0,
        "attachmentsCount" : 0,
        "shouldDisplayMessage" : false,
        "hasContent" : false
      }, {
        "name" : "$(\"ionic-selectable-modal\") should not be([visible, 10 s.])",
        "time" : {
          "start" : 1643979313490,
          "stop" : 1643979313841,
          "duration" : 351
        },
        "status" : "passed",
        "steps" : [ ],
        "attachments" : [ ],
        "parameters" : [ ],
        "stepsCount" : 0,
        "attachmentsCount" : 0,
        "shouldDisplayMessage" : false,
        "hasContent" : false
      } ],
      "attachments" : [ {
        "uid" : "39935d0b29409105",
        "name" : "Screenshot",
        "source" : "39935d0b29409105.png",
        "type" : "image/png",
        "size" : 82574
      } ],
      "parameters" : [ ],
      "stepsCount" : 10,
      "attachmentsCount" : 1,
      "shouldDisplayMessage" : false,
      "hasContent" : true
    }, {
      "name" : "Change language to Russian",
      "time" : {
        "start" : 1643979313842,
        "stop" : 1643979316422,
        "duration" : 2580
      },
      "status" : "passed",
      "steps" : [ {
        "name" : "$(\"[menu='flag-menu'].filter(visible)[0]\") get text()",
        "time" : {
          "start" : 1643979314342,
          "stop" : 1643979314375,
          "duration" : 33
        },
        "status" : "passed",
        "steps" : [ ],
        "attachments" : [ ],
        "parameters" : [ ],
        "stepsCount" : 0,
        "attachmentsCount" : 0,
        "shouldDisplayMessage" : false,
        "hasContent" : false
      }, {
        "name" : "$(\"[menu='flag-menu'].filter(visible)[0]\") click()",
        "time" : {
          "start" : 1643979314375,
          "stop" : 1643979314438,
          "duration" : 63
        },
        "status" : "passed",
        "steps" : [ ],
        "attachments" : [ ],
        "parameters" : [ ],
        "stepsCount" : 0,
        "attachmentsCount" : 0,
        "shouldDisplayMessage" : false,
        "hasContent" : false
      }, {
        "name" : "$(\"app-flag-menu ion-select\") click()",
        "time" : {
          "start" : 1643979314438,
          "stop" : 1643979314840,
          "duration" : 402
        },
        "status" : "passed",
        "steps" : [ ],
        "attachments" : [ ],
        "parameters" : [ ],
        "stepsCount" : 0,
        "attachmentsCount" : 0,
        "shouldDisplayMessage" : false,
        "hasContent" : false
      }, {
        "name" : "$(\"ion-alert button[1]\") click()",
        "time" : {
          "start" : 1643979314840,
          "stop" : 1643979315106,
          "duration" : 266
        },
        "status" : "passed",
        "steps" : [ ],
        "attachments" : [ ],
        "parameters" : [ ],
        "stepsCount" : 0,
        "attachmentsCount" : 0,
        "shouldDisplayMessage" : false,
        "hasContent" : false
      }, {
        "name" : "$(\"div.alert-button-group button[1]\") click()",
        "time" : {
          "start" : 1643979315106,
          "stop" : 1643979315173,
          "duration" : 67
        },
        "status" : "passed",
        "steps" : [ ],
        "attachments" : [ ],
        "parameters" : [ ],
        "stepsCount" : 0,
        "attachmentsCount" : 0,
        "shouldDisplayMessage" : false,
        "hasContent" : false
      }, {
        "name" : "$(\"div.alert-radio-group\") should not be([visible, 10 s.])",
        "time" : {
          "start" : 1643979315173,
          "stop" : 1643979315913,
          "duration" : 740
        },
        "status" : "passed",
        "steps" : [ ],
        "attachments" : [ ],
        "parameters" : [ ],
        "stepsCount" : 0,
        "attachmentsCount" : 0,
        "shouldDisplayMessage" : false,
        "hasContent" : false
      }, {
        "name" : "$(\"ion-alert\") exists()",
        "time" : {
          "start" : 1643979316413,
          "stop" : 1643979316422,
          "duration" : 9
        },
        "status" : "passed",
        "steps" : [ ],
        "attachments" : [ ],
        "parameters" : [ ],
        "stepsCount" : 0,
        "attachmentsCount" : 0,
        "shouldDisplayMessage" : false,
        "hasContent" : false
      } ],
      "attachments" : [ ],
      "parameters" : [ ],
      "stepsCount" : 7,
      "attachmentsCount" : 0,
      "shouldDisplayMessage" : false,
      "hasContent" : true
    }, {
      "name" : "Verify that category/subcategory title language is not in English",
      "time" : {
        "start" : 1643979316422,
        "stop" : 1643979316666,
        "duration" : 244
      },
      "status" : "passed",
      "steps" : [ {
        "name" : "$(\"app-service-publish-step-one/app-category-selector/ion-label\") get text()",
        "time" : {
          "start" : 1643979316422,
          "stop" : 1643979316461,
          "duration" : 39
        },
        "status" : "passed",
        "steps" : [ ],
        "attachments" : [ ],
        "parameters" : [ ],
        "stepsCount" : 0,
        "attachmentsCount" : 0,
        "shouldDisplayMessage" : false,
        "hasContent" : false
      }, {
        "name" : "$(\"app-service-publish-step-one/app-subcategory-selector/ion-label\") get text()",
        "time" : {
          "start" : 1643979316461,
          "stop" : 1643979316496,
          "duration" : 35
        },
        "status" : "passed",
        "steps" : [ ],
        "attachments" : [ ],
        "parameters" : [ ],
        "stepsCount" : 0,
        "attachmentsCount" : 0,
        "shouldDisplayMessage" : false,
        "hasContent" : false
      } ],
      "attachments" : [ {
        "uid" : "4e19799468a17aa",
        "name" : "Screenshot",
        "source" : "4e19799468a17aa.png",
        "type" : "image/png",
        "size" : 49985
      } ],
      "parameters" : [ ],
      "stepsCount" : 2,
      "attachmentsCount" : 1,
      "shouldDisplayMessage" : false,
      "hasContent" : true
    }, {
      "name" : "Verify that category list language is not in English",
      "time" : {
        "start" : 1643979316667,
        "stop" : 1643979327898,
        "duration" : 11231
      },
      "status" : "failed",
      "statusMessage" : "Invalid element state: element click intercepted: Element <ion-item button=\"true\" detail=\"false\" class=\"ionic-selectable-item virtual-item item md ion-activatable ion-focusable hydrated item-label\" style=\"transform: translate3d(0px, 0px, 0px);\">...</ion-item> is not clickable at point (960, 376). Other element would receive the click: <ion-backdrop class=\"sc-ion-alert-md md hydrated\" tabindex=\"-1\" aria-hidden=\"true\" style=\"\"></ion-backdrop>\nScreenshot: file:/home/runner/work/d8base-func-test/d8base-func-test/build/reports/tests/1643979327479.14.png\nPage source: file:/home/runner/work/d8base-func-test/d8base-func-test/build/reports/tests/1643979327479.14.html\nTimeout: 10 s.\nCaused by: ElementClickInterceptedException: element click intercepted: Element <ion-item button=\"true\" detail=\"false\" class=\"ionic-selectable-item virtual-item item md ion-activatable ion-focusable hydrated item-label\" style=\"transform: translate3d(0px, 0px, 0px);\">...</ion-item> is not clickable at point (960, 376). Other element would receive the click: <ion-backdrop class=\"sc-ion-alert-md md hydrated\" tabindex=\"-1\" aria-hidden=\"true\" style=\"\"></ion-backdrop>",
      "statusTrace" : "Invalid element state: element click intercepted: Element <ion-item button=\"true\" detail=\"false\" class=\"ionic-selectable-item virtual-item item md ion-activatable ion-focusable hydrated item-label\" style=\"transform: translate3d(0px, 0px, 0px);\">...</ion-item> is not clickable at point (960, 376). Other element would receive the click: <ion-backdrop class=\"sc-ion-alert-md md hydrated\" tabindex=\"-1\" aria-hidden=\"true\" style=\"\"></ion-backdrop>\nScreenshot: file:/home/runner/work/d8base-func-test/d8base-func-test/build/reports/tests/1643979327479.14.png\nPage source: file:/home/runner/work/d8base-func-test/d8base-func-test/build/reports/tests/1643979327479.14.html\nTimeout: 10 s.\nCaused by: ElementClickInterceptedException: element click intercepted: Element <ion-item button=\"true\" detail=\"false\" class=\"ionic-selectable-item virtual-item item md ion-activatable ion-focusable hydrated item-label\" style=\"transform: translate3d(0px, 0px, 0px);\">...</ion-item> is not clickable at point (960, 376). Other element would receive the click: <ion-backdrop class=\"sc-ion-alert-md md hydrated\" tabindex=\"-1\" aria-hidden=\"true\" style=\"\"></ion-backdrop>\n\tat com.codeborne.selenide.impl.ExceptionWrapper.wrap(ExceptionWrapper.java:26)\n\tat com.codeborne.selenide.impl.SelenideElementProxy.dispatchAndRetry(SelenideElementProxy.java:156)\n\tat com.codeborne.selenide.impl.SelenideElementProxy.invoke(SelenideElementProxy.java:86)\n\tat com.sun.proxy.$Proxy43.click(Unknown Source)\n\tat pages.ServicePublish.verifyCategoryListLanguageNotEng(ServicePublish.java:504)\n\tat tests.regressionTests.ServicePublicationTests.t00202(ServicePublicationTests.java:217)\n\tat java.base/jdk.internal.reflect.NativeMethodAccessorImpl.invoke0(Native Method)\n\tat java.base/jdk.internal.reflect.NativeMethodAccessorImpl.invoke(NativeMethodAccessorImpl.java:62)\n\tat java.base/jdk.internal.reflect.DelegatingMethodAccessorImpl.invoke(DelegatingMethodAccessorImpl.java:43)\n\tat java.base/java.lang.reflect.Method.invoke(Method.java:566)\n\tat org.junit.platform.commons.util.ReflectionUtils.invokeMethod(ReflectionUtils.java:725)\n\tat org.junit.jupiter.engine.execution.MethodInvocation.proceed(MethodInvocation.java:60)\n\tat org.junit.jupiter.engine.execution.InvocationInterceptorChain$ValidatingInvocation.proceed(InvocationInterceptorChain.java:131)\n\tat org.junit.jupiter.engine.extension.TimeoutExtension.intercept(TimeoutExtension.java:149)\n\tat org.junit.jupiter.engine.extension.TimeoutExtension.interceptTestableMethod(TimeoutExtension.java:140)\n\tat org.junit.jupiter.engine.extension.TimeoutExtension.interceptTestMethod(TimeoutExtension.java:84)\n\tat org.junit.jupiter.engine.execution.ExecutableInvoker$ReflectiveInterceptorCall.lambda$ofVoidMethod$0(ExecutableInvoker.java:115)\n\tat org.junit.jupiter.engine.execution.ExecutableInvoker.lambda$invoke$0(ExecutableInvoker.java:105)\n\tat org.junit.jupiter.engine.execution.InvocationInterceptorChain$InterceptedInvocation.proceed(InvocationInterceptorChain.java:106)\n\tat org.junit.jupiter.engine.execution.InvocationInterceptorChain.proceed(InvocationInterceptorChain.java:64)\n\tat org.junit.jupiter.engine.execution.InvocationInterceptorChain.chainAndInvoke(InvocationInterceptorChain.java:45)\n\tat org.junit.jupiter.engine.execution.InvocationInterceptorChain.invoke(InvocationInterceptorChain.java:37)\n\tat org.junit.jupiter.engine.execution.ExecutableInvoker.invoke(ExecutableInvoker.java:104)\n\tat org.junit.jupiter.engine.execution.ExecutableInvoker.invoke(ExecutableInvoker.java:98)\n\tat org.junit.jupiter.engine.descriptor.TestMethodTestDescriptor.lambda$invokeTestMethod$7(TestMethodTestDescriptor.java:214)\n\tat org.junit.platform.engine.support.hierarchical.ThrowableCollector.execute(ThrowableCollector.java:73)\n\tat org.junit.jupiter.engine.descriptor.TestMethodTestDescriptor.invokeTestMethod(TestMethodTestDescriptor.java:210)\n\tat org.junit.jupiter.engine.descriptor.TestMethodTestDescriptor.execute(TestMethodTestDescriptor.java:135)\n\tat org.junit.jupiter.engine.descriptor.TestMethodTestDescriptor.execute(TestMethodTestDescriptor.java:66)\n\tat org.junit.platform.engine.support.hierarchical.NodeTestTask.lambda$executeRecursively$6(NodeTestTask.java:151)\n\tat org.junit.platform.engine.support.hierarchical.ThrowableCollector.execute(ThrowableCollector.java:73)\n\tat org.junit.platform.engine.support.hierarchical.NodeTestTask.lambda$executeRecursively$8(NodeTestTask.java:141)\n\tat org.junit.platform.engine.support.hierarchical.Node.around(Node.java:137)\n\tat org.junit.platform.engine.support.hierarchical.NodeTestTask.lambda$executeRecursively$9(NodeTestTask.java:139)\n\tat org.junit.platform.engine.support.hierarchical.ThrowableCollector.execute(ThrowableCollector.java:73)\n\tat org.junit.platform.engine.support.hierarchical.NodeTestTask.executeRecursively(NodeTestTask.java:138)\n\tat org.junit.platform.engine.support.hierarchical.NodeTestTask.execute(NodeTestTask.java:95)\n\tat java.base/java.util.ArrayList.forEach(ArrayList.java:1541)\n\tat org.junit.platform.engine.support.hierarchical.SameThreadHierarchicalTestExecutorService.invokeAll(SameThreadHierarchicalTestExecutorService.java:41)\n\tat org.junit.platform.engine.support.hierarchical.NodeTestTask.lambda$executeRecursively$6(NodeTestTask.java:155)\n\tat org.junit.platform.engine.support.hierarchical.ThrowableCollector.execute(ThrowableCollector.java:73)\n\tat org.junit.platform.engine.support.hierarchical.NodeTestTask.lambda$executeRecursively$8(NodeTestTask.java:141)\n\tat org.junit.platform.engine.support.hierarchical.Node.around(Node.java:137)\n\tat org.junit.platform.engine.support.hierarchical.NodeTestTask.lambda$executeRecursively$9(NodeTestTask.java:139)\n\tat org.junit.platform.engine.support.hierarchical.ThrowableCollector.execute(ThrowableCollector.java:73)\n\tat org.junit.platform.engine.support.hierarchical.NodeTestTask.executeRecursively(NodeTestTask.java:138)\n\tat org.junit.platform.engine.support.hierarchical.NodeTestTask.execute(NodeTestTask.java:95)\n\tat java.base/java.util.ArrayList.forEach(ArrayList.java:1541)\n\tat org.junit.platform.engine.support.hierarchical.SameThreadHierarchicalTestExecutorService.invokeAll(SameThreadHierarchicalTestExecutorService.java:41)\n\tat org.junit.platform.engine.support.hierarchical.NodeTestTask.lambda$executeRecursively$6(NodeTestTask.java:155)\n\tat org.junit.platform.engine.support.hierarchical.ThrowableCollector.execute(ThrowableCollector.java:73)\n\tat org.junit.platform.engine.support.hierarchical.NodeTestTask.lambda$executeRecursively$8(NodeTestTask.java:141)\n\tat org.junit.platform.engine.support.hierarchical.Node.around(Node.java:137)\n\tat org.junit.platform.engine.support.hierarchical.NodeTestTask.lambda$executeRecursively$9(NodeTestTask.java:139)\n\tat org.junit.platform.engine.support.hierarchical.ThrowableCollector.execute(ThrowableCollector.java:73)\n\tat org.junit.platform.engine.support.hierarchical.NodeTestTask.executeRecursively(NodeTestTask.java:138)\n\tat org.junit.platform.engine.support.hierarchical.NodeTestTask.execute(NodeTestTask.java:95)\n\tat org.junit.platform.engine.support.hierarchical.SameThreadHierarchicalTestExecutorService.submit(SameThreadHierarchicalTestExecutorService.java:35)\n\tat org.junit.platform.engine.support.hierarchical.HierarchicalTestExecutor.execute(HierarchicalTestExecutor.java:57)\n\tat org.junit.platform.engine.support.hierarchical.HierarchicalTestEngine.execute(HierarchicalTestEngine.java:54)\n\tat org.junit.platform.launcher.core.EngineExecutionOrchestrator.execute(EngineExecutionOrchestrator.java:107)\n\tat org.junit.platform.launcher.core.EngineExecutionOrchestrator.execute(EngineExecutionOrchestrator.java:88)\n\tat org.junit.platform.launcher.core.EngineExecutionOrchestrator.lambda$execute$0(EngineExecutionOrchestrator.java:54)\n\tat org.junit.platform.launcher.core.EngineExecutionOrchestrator.withInterceptedStreams(EngineExecutionOrchestrator.java:67)\n\tat org.junit.platform.launcher.core.EngineExecutionOrchestrator.execute(EngineExecutionOrchestrator.java:52)\n\tat org.junit.platform.launcher.core.DefaultLauncher.execute(DefaultLauncher.java:114)\n\tat org.junit.platform.launcher.core.DefaultLauncher.execute(DefaultLauncher.java:86)\n\tat org.junit.platform.launcher.core.DefaultLauncherSession$DelegatingLauncher.execute(DefaultLauncherSession.java:86)\n\tat org.junit.platform.launcher.core.SessionPerRequestLauncher.execute(SessionPerRequestLauncher.java:53)\n\tat org.gradle.api.internal.tasks.testing.junitplatform.JUnitPlatformTestClassProcessor$CollectAllTestClassesExecutor.processAllTestClasses(JUnitPlatformTestClassProcessor.java:99)\n\tat org.gradle.api.internal.tasks.testing.junitplatform.JUnitPlatformTestClassProcessor$CollectAllTestClassesExecutor.access$000(JUnitPlatformTestClassProcessor.java:79)\n\tat org.gradle.api.internal.tasks.testing.junitplatform.JUnitPlatformTestClassProcessor.stop(JUnitPlatformTestClassProcessor.java:75)\n\tat org.gradle.api.internal.tasks.testing.SuiteTestClassProcessor.stop(SuiteTestClassProcessor.java:61)\n\tat java.base/jdk.internal.reflect.NativeMethodAccessorImpl.invoke0(Native Method)\n\tat java.base/jdk.internal.reflect.NativeMethodAccessorImpl.invoke(NativeMethodAccessorImpl.java:62)\n\tat java.base/jdk.internal.reflect.DelegatingMethodAccessorImpl.invoke(DelegatingMethodAccessorImpl.java:43)\n\tat java.base/java.lang.reflect.Method.invoke(Method.java:566)\n\tat org.gradle.internal.dispatch.ReflectionDispatch.dispatch(ReflectionDispatch.java:36)\n\tat org.gradle.internal.dispatch.ReflectionDispatch.dispatch(ReflectionDispatch.java:24)\n\tat org.gradle.internal.dispatch.ContextClassLoaderDispatch.dispatch(ContextClassLoaderDispatch.java:33)\n\tat org.gradle.internal.dispatch.ProxyDispatchAdapter$DispatchingInvocationHandler.invoke(ProxyDispatchAdapter.java:94)\n\tat com.sun.proxy.$Proxy2.stop(Unknown Source)\n\tat org.gradle.api.internal.tasks.testing.worker.TestWorker.stop(TestWorker.java:135)\n\tat java.base/jdk.internal.reflect.NativeMethodAccessorImpl.invoke0(Native Method)\n\tat java.base/jdk.internal.reflect.NativeMethodAccessorImpl.invoke(NativeMethodAccessorImpl.java:62)\n\tat java.base/jdk.internal.reflect.DelegatingMethodAccessorImpl.invoke(DelegatingMethodAccessorImpl.java:43)\n\tat java.base/java.lang.reflect.Method.invoke(Method.java:566)\n\tat org.gradle.internal.dispatch.ReflectionDispatch.dispatch(ReflectionDispatch.java:36)\n\tat org.gradle.internal.dispatch.ReflectionDispatch.dispatch(ReflectionDispatch.java:24)\n\tat org.gradle.internal.remote.internal.hub.MessageHubBackedObjectConnection$DispatchWrapper.dispatch(MessageHubBackedObjectConnection.java:182)\n\tat org.gradle.internal.remote.internal.hub.MessageHubBackedObjectConnection$DispatchWrapper.dispatch(MessageHubBackedObjectConnection.java:164)\n\tat org.gradle.internal.remote.internal.hub.MessageHub$Handler.run(MessageHub.java:414)\n\tat org.gradle.internal.concurrent.ExecutorPolicy$CatchAndRecordFailures.onExecute(ExecutorPolicy.java:64)\n\tat org.gradle.internal.concurrent.ManagedExecutorImpl$1.run(ManagedExecutorImpl.java:48)\n\tat java.base/java.util.concurrent.ThreadPoolExecutor.runWorker(ThreadPoolExecutor.java:1128)\n\tat java.base/java.util.concurrent.ThreadPoolExecutor$Worker.run(ThreadPoolExecutor.java:628)\n\tat org.gradle.internal.concurrent.ThreadFactoryImpl$ManagedThreadRunnable.run(ThreadFactoryImpl.java:56)\n\tat java.base/java.lang.Thread.run(Thread.java:829)\nCaused by: org.openqa.selenium.ElementClickInterceptedException: element click intercepted: Element <ion-item button=\"true\" detail=\"false\" class=\"ionic-selectable-item virtual-item item md ion-activatable ion-focusable hydrated item-label\" style=\"transform: translate3d(0px, 0px, 0px);\">...</ion-item> is not clickable at point (960, 376). Other element would receive the click: <ion-backdrop class=\"sc-ion-alert-md md hydrated\" tabindex=\"-1\" aria-hidden=\"true\" style=\"\"></ion-backdrop>\n  (Session info: headless chrome=97.0.4692.99)\nBuild info: version: '3.141.59', revision: 'e82be7d358', time: '2018-11-14T08:17:03'\nSystem info: host: 'fv-az209-621', ip: '10.1.1.4', os.name: 'Linux', os.arch: 'amd64', os.version: '5.11.0-1028-azure', java.version: '11.0.11'\nDriver info: org.openqa.selenium.chrome.ChromeDriver\nCapabilities {acceptInsecureCerts: true, browserName: chrome, browserVersion: 97.0.4692.99, chrome: {chromedriverVersion: 97.0.4692.71 (adefa7837d02a..., userDataDir: /tmp/.com.google.Chrome.v22kM9}, goog:chromeOptions: {debuggerAddress: localhost:46181}, javascriptEnabled: true, networkConnectionEnabled: false, pageLoadStrategy: normal, platform: LINUX, platformName: LINUX, proxy: Proxy(), setWindowRect: true, strictFileInteractability: false, timeouts: {implicit: 0, pageLoad: 300000, script: 30000}, unhandledPromptBehavior: dismiss and notify, webauthn:extension:credBlob: true, webauthn:extension:largeBlob: true, webauthn:virtualAuthenticators: true}\nSession ID: abca35fe70f1e24dfb6220c062892d5a\n\tat java.base/jdk.internal.reflect.NativeConstructorAccessorImpl.newInstance0(Native Method)\n\tat java.base/jdk.internal.reflect.NativeConstructorAccessorImpl.newInstance(NativeConstructorAccessorImpl.java:62)\n\tat java.base/jdk.internal.reflect.DelegatingConstructorAccessorImpl.newInstance(DelegatingConstructorAccessorImpl.java:45)\n\tat java.base/java.lang.reflect.Constructor.newInstance(Constructor.java:490)\n\tat org.openqa.selenium.remote.http.W3CHttpResponseCodec.createException(W3CHttpResponseCodec.java:187)\n\tat org.openqa.selenium.remote.http.W3CHttpResponseCodec.decode(W3CHttpResponseCodec.java:122)\n\tat org.openqa.selenium.remote.http.W3CHttpResponseCodec.decode(W3CHttpResponseCodec.java:49)\n\tat org.openqa.selenium.remote.HttpCommandExecutor.execute(HttpCommandExecutor.java:158)\n\tat org.openqa.selenium.remote.service.DriverCommandExecutor.execute(DriverCommandExecutor.java:83)\n\tat org.openqa.selenium.remote.RemoteWebDriver.execute(RemoteWebDriver.java:552)\n\tat org.openqa.selenium.remote.RemoteWebElement.execute(RemoteWebElement.java:285)\n\tat org.openqa.selenium.remote.RemoteWebElement.click(RemoteWebElement.java:84)\n\tat com.codeborne.selenide.commands.Click.click(Click.java:46)\n\tat com.codeborne.selenide.commands.Click.execute(Click.java:27)\n\tat com.codeborne.selenide.commands.Click.execute(Click.java:16)\n\tat com.codeborne.selenide.commands.Commands.execute(Commands.java:157)\n\tat com.codeborne.selenide.impl.SelenideElementProxy.dispatchAndRetry(SelenideElementProxy.java:134)\n\t... 96 more\n",
      "steps" : [ {
        "name" : "$(\"ionic-selectable\") should be([visible, 10 s.])",
        "time" : {
          "start" : 1643979316667,
          "stop" : 1643979316684,
          "duration" : 17
        },
        "status" : "passed",
        "steps" : [ ],
        "attachments" : [ ],
        "parameters" : [ ],
        "stepsCount" : 0,
        "attachmentsCount" : 0,
        "shouldDisplayMessage" : false,
        "hasContent" : false
      }, {
        "name" : "$(\"ionic-selectable\") click()",
        "time" : {
          "start" : 1643979316684,
          "stop" : 1643979316761,
          "duration" : 77
        },
        "status" : "passed",
        "steps" : [ ],
        "attachments" : [ ],
        "parameters" : [ ],
        "stepsCount" : 0,
        "attachmentsCount" : 0,
        "shouldDisplayMessage" : false,
        "hasContent" : false
      }, {
        "name" : "$(\"ionic-selectable-modal ion-virtual-scroll ion-item ion-label\") should be([visible, 10 s.])",
        "time" : {
          "start" : 1643979316761,
          "stop" : 1643979317054,
          "duration" : 293
        },
        "status" : "passed",
        "steps" : [ ],
        "attachments" : [ ],
        "parameters" : [ ],
        "stepsCount" : 0,
        "attachmentsCount" : 0,
        "shouldDisplayMessage" : false,
        "hasContent" : false
      }, {
        "name" : "$(\"ionic-selectable-modal ion-virtual-scroll ion-item ion-label\") get text()",
        "time" : {
          "start" : 1643979317054,
          "stop" : 1643979317074,
          "duration" : 20
        },
        "status" : "passed",
        "steps" : [ ],
        "attachments" : [ ],
        "parameters" : [ ],
        "stepsCount" : 0,
        "attachmentsCount" : 0,
        "shouldDisplayMessage" : false,
        "hasContent" : false
      }, {
        "name" : "$(\"ionic-selectable-modal/ion-virtual-scroll/ion-item\") click()",
        "time" : {
          "start" : 1643979317278,
          "stop" : 1643979327894,
          "duration" : 10616
        },
        "status" : "failed",
        "statusMessage" : "Invalid element state: element click intercepted: Element <ion-item button=\"true\" detail=\"false\" class=\"ionic-selectable-item virtual-item item md ion-activatable ion-focusable hydrated item-label\" style=\"transform: translate3d(0px, 0px, 0px);\">...</ion-item> is not clickable at point (960, 376). Other element would receive the click: <ion-backdrop class=\"sc-ion-alert-md md hydrated\" tabindex=\"-1\" aria-hidden=\"true\" style=\"\"></ion-backdrop>\nScreenshot: file:/home/runner/work/d8base-func-test/d8base-func-test/build/reports/tests/1643979327479.14.png\nPage source: file:/home/runner/work/d8base-func-test/d8base-func-test/build/reports/tests/1643979327479.14.html\nTimeout: 10 s.\nCaused by: ElementClickInterceptedException: element click intercepted: Element <ion-item button=\"true\" detail=\"false\" class=\"ionic-selectable-item virtual-item item md ion-activatable ion-focusable hydrated item-label\" style=\"transform: translate3d(0px, 0px, 0px);\">...</ion-item> is not clickable at point (960, 376). Other element would receive the click: <ion-backdrop class=\"sc-ion-alert-md md hydrated\" tabindex=\"-1\" aria-hidden=\"true\" style=\"\"></ion-backdrop>",
        "statusTrace" : "Invalid element state: element click intercepted: Element <ion-item button=\"true\" detail=\"false\" class=\"ionic-selectable-item virtual-item item md ion-activatable ion-focusable hydrated item-label\" style=\"transform: translate3d(0px, 0px, 0px);\">...</ion-item> is not clickable at point (960, 376). Other element would receive the click: <ion-backdrop class=\"sc-ion-alert-md md hydrated\" tabindex=\"-1\" aria-hidden=\"true\" style=\"\"></ion-backdrop>\nScreenshot: file:/home/runner/work/d8base-func-test/d8base-func-test/build/reports/tests/1643979327479.14.png\nPage source: file:/home/runner/work/d8base-func-test/d8base-func-test/build/reports/tests/1643979327479.14.html\nTimeout: 10 s.\nCaused by: ElementClickInterceptedException: element click intercepted: Element <ion-item button=\"true\" detail=\"false\" class=\"ionic-selectable-item virtual-item item md ion-activatable ion-focusable hydrated item-label\" style=\"transform: translate3d(0px, 0px, 0px);\">...</ion-item> is not clickable at point (960, 376). Other element would receive the click: <ion-backdrop class=\"sc-ion-alert-md md hydrated\" tabindex=\"-1\" aria-hidden=\"true\" style=\"\"></ion-backdrop>\n\tat com.codeborne.selenide.impl.ExceptionWrapper.wrap(ExceptionWrapper.java:26)\n\tat com.codeborne.selenide.impl.SelenideElementProxy.dispatchAndRetry(SelenideElementProxy.java:156)\n\tat com.codeborne.selenide.impl.SelenideElementProxy.invoke(SelenideElementProxy.java:86)\n\tat com.sun.proxy.$Proxy43.click(Unknown Source)\n\tat pages.ServicePublish.verifyCategoryListLanguageNotEng(ServicePublish.java:504)\n\tat tests.regressionTests.ServicePublicationTests.t00202(ServicePublicationTests.java:217)\n\tat java.base/jdk.internal.reflect.NativeMethodAccessorImpl.invoke0(Native Method)\n\tat java.base/jdk.internal.reflect.NativeMethodAccessorImpl.invoke(NativeMethodAccessorImpl.java:62)\n\tat java.base/jdk.internal.reflect.DelegatingMethodAccessorImpl.invoke(DelegatingMethodAccessorImpl.java:43)\n\tat java.base/java.lang.reflect.Method.invoke(Method.java:566)\n\tat org.junit.platform.commons.util.ReflectionUtils.invokeMethod(ReflectionUtils.java:725)\n\tat org.junit.jupiter.engine.execution.MethodInvocation.proceed(MethodInvocation.java:60)\n\tat org.junit.jupiter.engine.execution.InvocationInterceptorChain$ValidatingInvocation.proceed(InvocationInterceptorChain.java:131)\n\tat org.junit.jupiter.engine.extension.TimeoutExtension.intercept(TimeoutExtension.java:149)\n\tat org.junit.jupiter.engine.extension.TimeoutExtension.interceptTestableMethod(TimeoutExtension.java:140)\n\tat org.junit.jupiter.engine.extension.TimeoutExtension.interceptTestMethod(TimeoutExtension.java:84)\n\tat org.junit.jupiter.engine.execution.ExecutableInvoker$ReflectiveInterceptorCall.lambda$ofVoidMethod$0(ExecutableInvoker.java:115)\n\tat org.junit.jupiter.engine.execution.ExecutableInvoker.lambda$invoke$0(ExecutableInvoker.java:105)\n\tat org.junit.jupiter.engine.execution.InvocationInterceptorChain$InterceptedInvocation.proceed(InvocationInterceptorChain.java:106)\n\tat org.junit.jupiter.engine.execution.InvocationInterceptorChain.proceed(InvocationInterceptorChain.java:64)\n\tat org.junit.jupiter.engine.execution.InvocationInterceptorChain.chainAndInvoke(InvocationInterceptorChain.java:45)\n\tat org.junit.jupiter.engine.execution.InvocationInterceptorChain.invoke(InvocationInterceptorChain.java:37)\n\tat org.junit.jupiter.engine.execution.ExecutableInvoker.invoke(ExecutableInvoker.java:104)\n\tat org.junit.jupiter.engine.execution.ExecutableInvoker.invoke(ExecutableInvoker.java:98)\n\tat org.junit.jupiter.engine.descriptor.TestMethodTestDescriptor.lambda$invokeTestMethod$7(TestMethodTestDescriptor.java:214)\n\tat org.junit.platform.engine.support.hierarchical.ThrowableCollector.execute(ThrowableCollector.java:73)\n\tat org.junit.jupiter.engine.descriptor.TestMethodTestDescriptor.invokeTestMethod(TestMethodTestDescriptor.java:210)\n\tat org.junit.jupiter.engine.descriptor.TestMethodTestDescriptor.execute(TestMethodTestDescriptor.java:135)\n\tat org.junit.jupiter.engine.descriptor.TestMethodTestDescriptor.execute(TestMethodTestDescriptor.java:66)\n\tat org.junit.platform.engine.support.hierarchical.NodeTestTask.lambda$executeRecursively$6(NodeTestTask.java:151)\n\tat org.junit.platform.engine.support.hierarchical.ThrowableCollector.execute(ThrowableCollector.java:73)\n\tat org.junit.platform.engine.support.hierarchical.NodeTestTask.lambda$executeRecursively$8(NodeTestTask.java:141)\n\tat org.junit.platform.engine.support.hierarchical.Node.around(Node.java:137)\n\tat org.junit.platform.engine.support.hierarchical.NodeTestTask.lambda$executeRecursively$9(NodeTestTask.java:139)\n\tat org.junit.platform.engine.support.hierarchical.ThrowableCollector.execute(ThrowableCollector.java:73)\n\tat org.junit.platform.engine.support.hierarchical.NodeTestTask.executeRecursively(NodeTestTask.java:138)\n\tat org.junit.platform.engine.support.hierarchical.NodeTestTask.execute(NodeTestTask.java:95)\n\tat java.base/java.util.ArrayList.forEach(ArrayList.java:1541)\n\tat org.junit.platform.engine.support.hierarchical.SameThreadHierarchicalTestExecutorService.invokeAll(SameThreadHierarchicalTestExecutorService.java:41)\n\tat org.junit.platform.engine.support.hierarchical.NodeTestTask.lambda$executeRecursively$6(NodeTestTask.java:155)\n\tat org.junit.platform.engine.support.hierarchical.ThrowableCollector.execute(ThrowableCollector.java:73)\n\tat org.junit.platform.engine.support.hierarchical.NodeTestTask.lambda$executeRecursively$8(NodeTestTask.java:141)\n\tat org.junit.platform.engine.support.hierarchical.Node.around(Node.java:137)\n\tat org.junit.platform.engine.support.hierarchical.NodeTestTask.lambda$executeRecursively$9(NodeTestTask.java:139)\n\tat org.junit.platform.engine.support.hierarchical.ThrowableCollector.execute(ThrowableCollector.java:73)\n\tat org.junit.platform.engine.support.hierarchical.NodeTestTask.executeRecursively(NodeTestTask.java:138)\n\tat org.junit.platform.engine.support.hierarchical.NodeTestTask.execute(NodeTestTask.java:95)\n\tat java.base/java.util.ArrayList.forEach(ArrayList.java:1541)\n\tat org.junit.platform.engine.support.hierarchical.SameThreadHierarchicalTestExecutorService.invokeAll(SameThreadHierarchicalTestExecutorService.java:41)\n\tat org.junit.platform.engine.support.hierarchical.NodeTestTask.lambda$executeRecursively$6(NodeTestTask.java:155)\n\tat org.junit.platform.engine.support.hierarchical.ThrowableCollector.execute(ThrowableCollector.java:73)\n\tat org.junit.platform.engine.support.hierarchical.NodeTestTask.lambda$executeRecursively$8(NodeTestTask.java:141)\n\tat org.junit.platform.engine.support.hierarchical.Node.around(Node.java:137)\n\tat org.junit.platform.engine.support.hierarchical.NodeTestTask.lambda$executeRecursively$9(NodeTestTask.java:139)\n\tat org.junit.platform.engine.support.hierarchical.ThrowableCollector.execute(ThrowableCollector.java:73)\n\tat org.junit.platform.engine.support.hierarchical.NodeTestTask.executeRecursively(NodeTestTask.java:138)\n\tat org.junit.platform.engine.support.hierarchical.NodeTestTask.execute(NodeTestTask.java:95)\n\tat org.junit.platform.engine.support.hierarchical.SameThreadHierarchicalTestExecutorService.submit(SameThreadHierarchicalTestExecutorService.java:35)\n\tat org.junit.platform.engine.support.hierarchical.HierarchicalTestExecutor.execute(HierarchicalTestExecutor.java:57)\n\tat org.junit.platform.engine.support.hierarchical.HierarchicalTestEngine.execute(HierarchicalTestEngine.java:54)\n\tat org.junit.platform.launcher.core.EngineExecutionOrchestrator.execute(EngineExecutionOrchestrator.java:107)\n\tat org.junit.platform.launcher.core.EngineExecutionOrchestrator.execute(EngineExecutionOrchestrator.java:88)\n\tat org.junit.platform.launcher.core.EngineExecutionOrchestrator.lambda$execute$0(EngineExecutionOrchestrator.java:54)\n\tat org.junit.platform.launcher.core.EngineExecutionOrchestrator.withInterceptedStreams(EngineExecutionOrchestrator.java:67)\n\tat org.junit.platform.launcher.core.EngineExecutionOrchestrator.execute(EngineExecutionOrchestrator.java:52)\n\tat org.junit.platform.launcher.core.DefaultLauncher.execute(DefaultLauncher.java:114)\n\tat org.junit.platform.launcher.core.DefaultLauncher.execute(DefaultLauncher.java:86)\n\tat org.junit.platform.launcher.core.DefaultLauncherSession$DelegatingLauncher.execute(DefaultLauncherSession.java:86)\n\tat org.junit.platform.launcher.core.SessionPerRequestLauncher.execute(SessionPerRequestLauncher.java:53)\n\tat org.gradle.api.internal.tasks.testing.junitplatform.JUnitPlatformTestClassProcessor$CollectAllTestClassesExecutor.processAllTestClasses(JUnitPlatformTestClassProcessor.java:99)\n\tat org.gradle.api.internal.tasks.testing.junitplatform.JUnitPlatformTestClassProcessor$CollectAllTestClassesExecutor.access$000(JUnitPlatformTestClassProcessor.java:79)\n\tat org.gradle.api.internal.tasks.testing.junitplatform.JUnitPlatformTestClassProcessor.stop(JUnitPlatformTestClassProcessor.java:75)\n\tat org.gradle.api.internal.tasks.testing.SuiteTestClassProcessor.stop(SuiteTestClassProcessor.java:61)\n\tat java.base/jdk.internal.reflect.NativeMethodAccessorImpl.invoke0(Native Method)\n\tat java.base/jdk.internal.reflect.NativeMethodAccessorImpl.invoke(NativeMethodAccessorImpl.java:62)\n\tat java.base/jdk.internal.reflect.DelegatingMethodAccessorImpl.invoke(DelegatingMethodAccessorImpl.java:43)\n\tat java.base/java.lang.reflect.Method.invoke(Method.java:566)\n\tat org.gradle.internal.dispatch.ReflectionDispatch.dispatch(ReflectionDispatch.java:36)\n\tat org.gradle.internal.dispatch.ReflectionDispatch.dispatch(ReflectionDispatch.java:24)\n\tat org.gradle.internal.dispatch.ContextClassLoaderDispatch.dispatch(ContextClassLoaderDispatch.java:33)\n\tat org.gradle.internal.dispatch.ProxyDispatchAdapter$DispatchingInvocationHandler.invoke(ProxyDispatchAdapter.java:94)\n\tat com.sun.proxy.$Proxy2.stop(Unknown Source)\n\tat org.gradle.api.internal.tasks.testing.worker.TestWorker.stop(TestWorker.java:135)\n\tat java.base/jdk.internal.reflect.NativeMethodAccessorImpl.invoke0(Native Method)\n\tat java.base/jdk.internal.reflect.NativeMethodAccessorImpl.invoke(NativeMethodAccessorImpl.java:62)\n\tat java.base/jdk.internal.reflect.DelegatingMethodAccessorImpl.invoke(DelegatingMethodAccessorImpl.java:43)\n\tat java.base/java.lang.reflect.Method.invoke(Method.java:566)\n\tat org.gradle.internal.dispatch.ReflectionDispatch.dispatch(ReflectionDispatch.java:36)\n\tat org.gradle.internal.dispatch.ReflectionDispatch.dispatch(ReflectionDispatch.java:24)\n\tat org.gradle.internal.remote.internal.hub.MessageHubBackedObjectConnection$DispatchWrapper.dispatch(MessageHubBackedObjectConnection.java:182)\n\tat org.gradle.internal.remote.internal.hub.MessageHubBackedObjectConnection$DispatchWrapper.dispatch(MessageHubBackedObjectConnection.java:164)\n\tat org.gradle.internal.remote.internal.hub.MessageHub$Handler.run(MessageHub.java:414)\n\tat org.gradle.internal.concurrent.ExecutorPolicy$CatchAndRecordFailures.onExecute(ExecutorPolicy.java:64)\n\tat org.gradle.internal.concurrent.ManagedExecutorImpl$1.run(ManagedExecutorImpl.java:48)\n\tat java.base/java.util.concurrent.ThreadPoolExecutor.runWorker(ThreadPoolExecutor.java:1128)\n\tat java.base/java.util.concurrent.ThreadPoolExecutor$Worker.run(ThreadPoolExecutor.java:628)\n\tat org.gradle.internal.concurrent.ThreadFactoryImpl$ManagedThreadRunnable.run(ThreadFactoryImpl.java:56)\n\tat java.base/java.lang.Thread.run(Thread.java:829)\nCaused by: org.openqa.selenium.ElementClickInterceptedException: element click intercepted: Element <ion-item button=\"true\" detail=\"false\" class=\"ionic-selectable-item virtual-item item md ion-activatable ion-focusable hydrated item-label\" style=\"transform: translate3d(0px, 0px, 0px);\">...</ion-item> is not clickable at point (960, 376). Other element would receive the click: <ion-backdrop class=\"sc-ion-alert-md md hydrated\" tabindex=\"-1\" aria-hidden=\"true\" style=\"\"></ion-backdrop>\n  (Session info: headless chrome=97.0.4692.99)\nBuild info: version: '3.141.59', revision: 'e82be7d358', time: '2018-11-14T08:17:03'\nSystem info: host: 'fv-az209-621', ip: '10.1.1.4', os.name: 'Linux', os.arch: 'amd64', os.version: '5.11.0-1028-azure', java.version: '11.0.11'\nDriver info: org.openqa.selenium.chrome.ChromeDriver\nCapabilities {acceptInsecureCerts: true, browserName: chrome, browserVersion: 97.0.4692.99, chrome: {chromedriverVersion: 97.0.4692.71 (adefa7837d02a..., userDataDir: /tmp/.com.google.Chrome.v22kM9}, goog:chromeOptions: {debuggerAddress: localhost:46181}, javascriptEnabled: true, networkConnectionEnabled: false, pageLoadStrategy: normal, platform: LINUX, platformName: LINUX, proxy: Proxy(), setWindowRect: true, strictFileInteractability: false, timeouts: {implicit: 0, pageLoad: 300000, script: 30000}, unhandledPromptBehavior: dismiss and notify, webauthn:extension:credBlob: true, webauthn:extension:largeBlob: true, webauthn:virtualAuthenticators: true}\nSession ID: abca35fe70f1e24dfb6220c062892d5a\n\tat java.base/jdk.internal.reflect.NativeConstructorAccessorImpl.newInstance0(Native Method)\n\tat java.base/jdk.internal.reflect.NativeConstructorAccessorImpl.newInstance(NativeConstructorAccessorImpl.java:62)\n\tat java.base/jdk.internal.reflect.DelegatingConstructorAccessorImpl.newInstance(DelegatingConstructorAccessorImpl.java:45)\n\tat java.base/java.lang.reflect.Constructor.newInstance(Constructor.java:490)\n\tat org.openqa.selenium.remote.http.W3CHttpResponseCodec.createException(W3CHttpResponseCodec.java:187)\n\tat org.openqa.selenium.remote.http.W3CHttpResponseCodec.decode(W3CHttpResponseCodec.java:122)\n\tat org.openqa.selenium.remote.http.W3CHttpResponseCodec.decode(W3CHttpResponseCodec.java:49)\n\tat org.openqa.selenium.remote.HttpCommandExecutor.execute(HttpCommandExecutor.java:158)\n\tat org.openqa.selenium.remote.service.DriverCommandExecutor.execute(DriverCommandExecutor.java:83)\n\tat org.openqa.selenium.remote.RemoteWebDriver.execute(RemoteWebDriver.java:552)\n\tat org.openqa.selenium.remote.RemoteWebElement.execute(RemoteWebElement.java:285)\n\tat org.openqa.selenium.remote.RemoteWebElement.click(RemoteWebElement.java:84)\n\tat com.codeborne.selenide.commands.Click.click(Click.java:46)\n\tat com.codeborne.selenide.commands.Click.execute(Click.java:27)\n\tat com.codeborne.selenide.commands.Click.execute(Click.java:16)\n\tat com.codeborne.selenide.commands.Commands.execute(Commands.java:157)\n\tat com.codeborne.selenide.impl.SelenideElementProxy.dispatchAndRetry(SelenideElementProxy.java:134)\n\t... 96 more\n",
        "steps" : [ ],
        "attachments" : [ {
          "uid" : "becf84779b877fb",
          "name" : "Screenshot",
          "source" : "becf84779b877fb.png",
          "type" : "image/png",
          "size" : 84826
        }, {
          "uid" : "b15e30f5dd8770ac",
          "name" : "Page source",
          "source" : "b15e30f5dd8770ac.html",
          "type" : "text/html",
          "size" : 85746
        } ],
        "parameters" : [ ],
        "stepsCount" : 0,
        "attachmentsCount" : 2,
        "shouldDisplayMessage" : true,
        "hasContent" : true
      } ],
      "attachments" : [ {
        "uid" : "75e4ec8e1339bd8b",
        "name" : "Screenshot",
        "source" : "75e4ec8e1339bd8b.png",
        "type" : "image/png",
        "size" : 76355
      } ],
      "parameters" : [ ],
      "stepsCount" : 5,
      "attachmentsCount" : 3,
      "shouldDisplayMessage" : false,
      "hasContent" : true
    }, {
      "name" : "$(\"webdriver\") close()",
      "time" : {
        "start" : 1643979328098,
        "stop" : 1643979328171,
        "duration" : 73
      },
      "status" : "passed",
      "steps" : [ ],
      "attachments" : [ ],
      "parameters" : [ ],
      "stepsCount" : 0,
      "attachmentsCount" : 0,
      "shouldDisplayMessage" : false,
      "hasContent" : false
    } ],
    "attachments" : [ {
      "uid" : "a8b1cbff00ae5eec",
      "name" : "Last screenshot",
      "source" : "a8b1cbff00ae5eec.png",
      "type" : "image/png",
      "size" : 84839
    }, {
      "uid" : "eb926f44ac269ea2",
      "name" : "Page source",
      "source" : "eb926f44ac269ea2.html",
      "type" : "text/plain",
      "size" : 85746
    }, {
      "uid" : "e6d9189c7c5c503a",
      "name" : "Browser console logs",
      "source" : "e6d9189c7c5c503a.bin",
      "type" : "text/plain",
      "size" : 0
    } ],
    "parameters" : [ ],
    "stepsCount" : 82,
    "attachmentsCount" : 13,
    "shouldDisplayMessage" : false,
    "hasContent" : true
  },
  "afterStages" : [ ],
  "labels" : [ {
    "name" : "junit.platform.uniqueid",
    "value" : "[engine:junit-jupiter]/[class:tests.regressionTests.ServicePublicationTests]/[method:t00202()]"
  }, {
    "name" : "feature",
    "value" : "Service Publication"
  }, {
    "name" : "story",
    "value" : "https://redmine.maxi-booking.ru/issues/4256"
  }, {
    "name" : "owner",
    "value" : "Egor Khlebnikov"
  }, {
    "name" : "host",
    "value" : "fv-az209-621"
  }, {
    "name" : "thread",
    "value" : "3284@fv-az209-621.Test worker(11)"
  }, {
    "name" : "framework",
    "value" : "junit-platform"
  }, {
    "name" : "language",
    "value" : "java"
  }, {
    "name" : "package",
    "value" : "tests.regressionTests.ServicePublicationTests"
  }, {
    "name" : "testClass",
    "value" : "tests.regressionTests.ServicePublicationTests"
  }, {
    "name" : "testMethod",
    "value" : "t00202"
  }, {
    "name" : "suite",
    "value" : "tests.regressionTests.ServicePublicationTests"
  }, {
    "name" : "severity",
    "value" : "minor"
  }, {
    "name" : "resultFormat",
    "value" : "allure2"
  } ],
  "parameters" : [ ],
  "links" : [ ],
  "hidden" : false,
  "retry" : false,
  "extra" : {
    "severity" : "minor",
    "owner" : "Egor Khlebnikov",
    "retries" : [ ],
    "categories" : [ {
      "name" : "Product defects",
      "matchedStatuses" : [ ],
      "flaky" : false
    } ],
    "history" : {
      "statistic" : {
        "failed" : 5,
        "broken" : 0,
        "skipped" : 0,
        "passed" : 15,
        "unknown" : 0,
        "total" : 20
      },
      "items" : [ {
        "uid" : "73973ebb3f3f676e",
        "reportUrl" : "https://maxi-booking.github.io/d8base-func-test/54//#testresult/73973ebb3f3f676e",
        "status" : "failed",
        "statusDetails" : "Invalid element state: element click intercepted: Element <ionic-selectable itemtextfield=\"name\" itemvaluefield=\"id\" title=\"category\" class=\"ionic-selectable ionic-selectable-has-label ionic-selectable-label-floating ionic-selectable-is-enabled ionic-selectable-can-clear ionic-selectable-md ng-untouched ng-pristine ng-valid\">...</ionic-selectable> is not clickable at point (960, 286). Other element would receive the click: <ion-backdrop class=\"sc-ion-alert-md md hydrated\" tabindex=\"-1\" aria-hidden=\"true\" style=\"\"></ion-backdrop>\nScreenshot: file:/home/runner/work/d8base-func-test/d8base-func-test/build/reports/tests/1643780869630.8.png\nPage source: file:/home/runner/work/d8base-func-test/d8base-func-test/build/reports/tests/1643780869630.8.html\nTimeout: 10 s.\nCaused by: ElementClickInterceptedException: element click intercepted: Element <ionic-selectable itemtextfield=\"name\" itemvaluefield=\"id\" title=\"category\" class=\"ionic-selectable ionic-selectable-has-label ionic-selectable-label-floating ionic-selectable-is-enabled ionic-selectable-can-clear ionic-selectable-md ng-untouched ng-pristine ng-valid\">...</ionic-selectable> is not clickable at point (960, 286). Other element would receive the click: <ion-backdrop class=\"sc-ion-alert-md md hydrated\" tabindex=\"-1\" aria-hidden=\"true\" style=\"\"></ion-backdrop>",
        "time" : {
          "start" : 1643780839476,
          "stop" : 1643780870354,
          "duration" : 30878
        }
      }, {
        "uid" : "cd112f0e8bb7a4d0",
        "reportUrl" : "https://maxi-booking.github.io/d8base-func-test/53//#testresult/cd112f0e8bb7a4d0",
        "status" : "passed",
        "time" : {
          "start" : 1643774935306,
          "stop" : 1643774961555,
          "duration" : 26249
        }
      }, {
        "uid" : "3c0cfa55e2a7e4ee",
        "reportUrl" : "https://maxi-booking.github.io/d8base-func-test/52//#testresult/3c0cfa55e2a7e4ee",
        "status" : "passed",
        "time" : {
          "start" : 1643745690908,
          "stop" : 1643745719019,
          "duration" : 28111
        }
      }, {
        "uid" : "7028085018420e61",
        "reportUrl" : "https://maxi-booking.github.io/d8base-func-test/51//#testresult/7028085018420e61",
        "status" : "failed",
        "statusDetails" : "Element not found {#alert-1-sub-hdr}\nExpected: visible\nScreenshot: file:/home/runner/work/d8base-func-test/d8base-func-test/build/reports/tests/1643740903375.16.png\nPage source: file:/home/runner/work/d8base-func-test/d8base-func-test/build/reports/tests/1643740903375.16.html\nTimeout: 10 s.\nCaused by: NoSuchElementException: no such element: Unable to locate element: {\"method\":\"css selector\",\"selector\":\"#alert-1-sub-hdr\"}",
        "time" : {
          "start" : 1643740891535,
          "stop" : 1643740903865,
          "duration" : 12330
        }
      }, {
        "uid" : "ac3e8535a91e174",
        "reportUrl" : "https://maxi-booking.github.io/d8base-func-test/50//#testresult/ac3e8535a91e174",
        "status" : "passed",
        "time" : {
          "start" : 1643731721471,
          "stop" : 1643731749208,
          "duration" : 27737
        }
      }, {
        "uid" : "8df1b832489b2afb",
        "reportUrl" : "https://maxi-booking.github.io/d8base-func-test/49//#testresult/8df1b832489b2afb",
        "status" : "passed",
        "time" : {
          "start" : 1643636094316,
          "stop" : 1643636120976,
          "duration" : 26660
        }
      }, {
        "uid" : "a6434797e6837a5b",
        "reportUrl" : "https://maxi-booking.github.io/d8base-func-test/48//#testresult/a6434797e6837a5b",
        "status" : "passed",
        "time" : {
          "start" : 1643430497623,
          "stop" : 1643430524303,
          "duration" : 26680
        }
      }, {
        "uid" : "fc03b0af24d6d3d3",
        "reportUrl" : "https://maxi-booking.github.io/d8base-func-test/47//#testresult/fc03b0af24d6d3d3",
        "status" : "passed",
        "time" : {
          "start" : 1643427996749,
          "stop" : 1643428024060,
          "duration" : 27311
        }
      }, {
        "uid" : "fee64e9cd75dd48",
        "reportUrl" : "https://maxi-booking.github.io/d8base-func-test/46//#testresult/fee64e9cd75dd48",
        "status" : "failed",
        "statusDetails" : "",
        "time" : {
          "start" : 1643365380550,
          "stop" : 1643365395538,
          "duration" : 14988
        }
      }, {
        "uid" : "7ecebf116c1c4383",
        "reportUrl" : "https://maxi-booking.github.io/d8base-func-test/45//#testresult/7ecebf116c1c4383",
        "status" : "passed",
        "time" : {
          "start" : 1643359558551,
          "stop" : 1643359587442,
          "duration" : 28891
        }
      }, {
        "uid" : "e3b6f490c69e1625",
        "reportUrl" : "https://maxi-booking.github.io/d8base-func-test/44//#testresult/e3b6f490c69e1625",
        "status" : "passed",
        "time" : {
          "start" : 1643356786053,
          "stop" : 1643356812528,
          "duration" : 26475
        }
      }, {
        "uid" : "a3d895147718b08e",
        "reportUrl" : "https://maxi-booking.github.io/d8base-func-test/42//#testresult/a3d895147718b08e",
        "status" : "passed",
        "time" : {
          "start" : 1643339124502,
          "stop" : 1643339152209,
          "duration" : 27707
        }
      }, {
        "uid" : "701e28a69dffbc24",
        "reportUrl" : "https://maxi-booking.github.io/d8base-func-test/41//#testresult/701e28a69dffbc24",
        "status" : "passed",
        "time" : {
          "start" : 1643000697343,
          "stop" : 1643000724682,
          "duration" : 27339
        }
      }, {
        "uid" : "5db8bc4d25d79abc",
        "reportUrl" : "https://maxi-booking.github.io/d8base-func-test/40//#testresult/5db8bc4d25d79abc",
        "status" : "passed",
        "time" : {
          "start" : 1642086302365,
          "stop" : 1642086331203,
          "duration" : 28838
        }
      }, {
        "uid" : "3f44ced6b5be7db5",
        "reportUrl" : "https://maxi-booking.github.io/d8base-func-test/39//#testresult/3f44ced6b5be7db5",
        "status" : "failed",
        "statusDetails" : "Invalid element state: element click intercepted: Element <ionic-selectable itemtextfield=\"name\" itemvaluefield=\"id\" title=\"category\" class=\"ionic-selectable ionic-selectable-has-label ionic-selectable-label-floating ionic-selectable-is-enabled ionic-selectable-can-clear ionic-selectable-md ng-untouched ng-pristine ng-valid\">...</ionic-selectable> is not clickable at point (960, 286). Other element would receive the click: <ion-backdrop class=\"sc-ion-alert-md md hydrated\" tabindex=\"-1\" aria-hidden=\"true\" style=\"\"></ion-backdrop>\nScreenshot: file:/home/runner/work/d8base-func-test/d8base-func-test/build/reports/tests/1642066143626.4.png\nPage source: file:/home/runner/work/d8base-func-test/d8base-func-test/build/reports/tests/1642066143626.4.html\nTimeout: 10 s.\nCaused by: ElementClickInterceptedException: element click intercepted: Element <ionic-selectable itemtextfield=\"name\" itemvaluefield=\"id\" title=\"category\" class=\"ionic-selectable ionic-selectable-has-label ionic-selectable-label-floating ionic-selectable-is-enabled ionic-selectable-can-clear ionic-selectable-md ng-untouched ng-pristine ng-valid\">...</ionic-selectable> is not clickable at point (960, 286). Other element would receive the click: <ion-backdrop class=\"sc-ion-alert-md md hydrated\" tabindex=\"-1\" aria-hidden=\"true\" style=\"\"></ion-backdrop>",
        "time" : {
          "start" : 1642066113982,
          "stop" : 1642066144390,
          "duration" : 30408
        }
      }, {
        "uid" : "78e4772ce9a82a72",
        "reportUrl" : "https://maxi-booking.github.io/d8base-func-test/38//#testresult/78e4772ce9a82a72",
        "status" : "passed",
        "time" : {
          "start" : 1642062291754,
          "stop" : 1642062321314,
          "duration" : 29560
        }
      }, {
        "uid" : "9f3484b28e103d45",
        "reportUrl" : "https://maxi-booking.github.io/d8base-func-test/37//#testresult/9f3484b28e103d45",
        "status" : "passed",
        "time" : {
          "start" : 1642019881747,
          "stop" : 1642019908441,
          "duration" : 26694
        }
      }, {
        "uid" : "2070af34531ef5d8",
        "reportUrl" : "https://maxi-booking.github.io/d8base-func-test/36//#testresult/2070af34531ef5d8",
        "status" : "passed",
        "time" : {
          "start" : 1642003788649,
          "stop" : 1642003816783,
          "duration" : 28134
        }
      }, {
        "uid" : "c26675d4665407c3",
        "reportUrl" : "https://maxi-booking.github.io/d8base-func-test/35//#testresult/c26675d4665407c3",
        "status" : "passed",
        "time" : {
          "start" : 1642000182189,
          "stop" : 1642000209371,
          "duration" : 27182
        }
      } ]
    },
    "tags" : [ ]
  },
  "source" : "f017987a4e06843b.json",
  "parameterValues" : [ ]
}