{
  "uid" : "3d1dc7affd0f3ad6",
  "name" : "Master completes order: master's place",
  "fullName" : "tests.smokeTests.PositiveTests.t00303",
  "historyId" : "9fade8833db0dee4a7115f324f5572a",
  "time" : {
    "start" : 1646383752341,
    "stop" : 1646383793089,
    "duration" : 40748
  },
  "description" : "",
  "status" : "failed",
  "statusMessage" : "Invalid element state: element click intercepted: Element <ion-button _ngcontent-kya-c280=\"\" slot=\"end\" aria-disabled=\"true\" class=\"md button button-small button-solid button-disabled ion-activatable ion-focusable hydrated\" disabled=\"\">...</ion-button> is not clickable at point (1200, 355). Other element would receive the click: <ion-item _ngcontent-kya-c280=\"\" lines=\"none\" class=\"item md item-lines-none in-list ion-focusable hydrated item-multiple-inputs\">...</ion-item>\nScreenshot: file:/home/runner/work/d8base-func-test/d8base-func-test/build/reports/tests/1646383792471.11.png\nPage source: file:/home/runner/work/d8base-func-test/d8base-func-test/build/reports/tests/1646383792471.11.html\nTimeout: 10 s.\nCaused by: ElementClickInterceptedException: element click intercepted: Element <ion-button _ngcontent-kya-c280=\"\" slot=\"end\" aria-disabled=\"true\" class=\"md button button-small button-solid button-disabled ion-activatable ion-focusable hydrated\" disabled=\"\">...</ion-button> is not clickable at point (1200, 355). Other element would receive the click: <ion-item _ngcontent-kya-c280=\"\" lines=\"none\" class=\"item md item-lines-none in-list ion-focusable hydrated item-multiple-inputs\">...</ion-item>",
  "statusTrace" : "Invalid element state: element click intercepted: Element <ion-button _ngcontent-kya-c280=\"\" slot=\"end\" aria-disabled=\"true\" class=\"md button button-small button-solid button-disabled ion-activatable ion-focusable hydrated\" disabled=\"\">...</ion-button> is not clickable at point (1200, 355). Other element would receive the click: <ion-item _ngcontent-kya-c280=\"\" lines=\"none\" class=\"item md item-lines-none in-list ion-focusable hydrated item-multiple-inputs\">...</ion-item>\nScreenshot: file:/home/runner/work/d8base-func-test/d8base-func-test/build/reports/tests/1646383792471.11.png\nPage source: file:/home/runner/work/d8base-func-test/d8base-func-test/build/reports/tests/1646383792471.11.html\nTimeout: 10 s.\nCaused by: ElementClickInterceptedException: element click intercepted: Element <ion-button _ngcontent-kya-c280=\"\" slot=\"end\" aria-disabled=\"true\" class=\"md button button-small button-solid button-disabled ion-activatable ion-focusable hydrated\" disabled=\"\">...</ion-button> is not clickable at point (1200, 355). Other element would receive the click: <ion-item _ngcontent-kya-c280=\"\" lines=\"none\" class=\"item md item-lines-none in-list ion-focusable hydrated item-multiple-inputs\">...</ion-item>\n\tat com.codeborne.selenide.impl.ExceptionWrapper.wrap(ExceptionWrapper.java:26)\n\tat com.codeborne.selenide.impl.SelenideElementProxy.dispatchAndRetry(SelenideElementProxy.java:156)\n\tat com.codeborne.selenide.impl.SelenideElementProxy.invoke(SelenideElementProxy.java:86)\n\tat com.sun.proxy.$Proxy45.click(Unknown Source)\n\tat pages.Orders.completeOrder(Orders.java:230)\n\tat tests.smokeTests.PositiveTests.t00303(PositiveTests.java:548)\n\tat java.base/jdk.internal.reflect.NativeMethodAccessorImpl.invoke0(Native Method)\n\tat java.base/jdk.internal.reflect.NativeMethodAccessorImpl.invoke(NativeMethodAccessorImpl.java:62)\n\tat java.base/jdk.internal.reflect.DelegatingMethodAccessorImpl.invoke(DelegatingMethodAccessorImpl.java:43)\n\tat java.base/java.lang.reflect.Method.invoke(Method.java:566)\n\tat org.junit.platform.commons.util.ReflectionUtils.invokeMethod(ReflectionUtils.java:725)\n\tat org.junit.jupiter.engine.execution.MethodInvocation.proceed(MethodInvocation.java:60)\n\tat org.junit.jupiter.engine.execution.InvocationInterceptorChain$ValidatingInvocation.proceed(InvocationInterceptorChain.java:131)\n\tat org.junit.jupiter.engine.extension.TimeoutExtension.intercept(TimeoutExtension.java:149)\n\tat org.junit.jupiter.engine.extension.TimeoutExtension.interceptTestableMethod(TimeoutExtension.java:140)\n\tat org.junit.jupiter.engine.extension.TimeoutExtension.interceptTestMethod(TimeoutExtension.java:84)\n\tat org.junit.jupiter.engine.execution.ExecutableInvoker$ReflectiveInterceptorCall.lambda$ofVoidMethod$0(ExecutableInvoker.java:115)\n\tat org.junit.jupiter.engine.execution.ExecutableInvoker.lambda$invoke$0(ExecutableInvoker.java:105)\n\tat org.junit.jupiter.engine.execution.InvocationInterceptorChain$InterceptedInvocation.proceed(InvocationInterceptorChain.java:106)\n\tat org.junit.jupiter.engine.execution.InvocationInterceptorChain.proceed(InvocationInterceptorChain.java:64)\n\tat org.junit.jupiter.engine.execution.InvocationInterceptorChain.chainAndInvoke(InvocationInterceptorChain.java:45)\n\tat org.junit.jupiter.engine.execution.InvocationInterceptorChain.invoke(InvocationInterceptorChain.java:37)\n\tat org.junit.jupiter.engine.execution.ExecutableInvoker.invoke(ExecutableInvoker.java:104)\n\tat org.junit.jupiter.engine.execution.ExecutableInvoker.invoke(ExecutableInvoker.java:98)\n\tat org.junit.jupiter.engine.descriptor.TestMethodTestDescriptor.lambda$invokeTestMethod$7(TestMethodTestDescriptor.java:214)\n\tat org.junit.platform.engine.support.hierarchical.ThrowableCollector.execute(ThrowableCollector.java:73)\n\tat org.junit.jupiter.engine.descriptor.TestMethodTestDescriptor.invokeTestMethod(TestMethodTestDescriptor.java:210)\n\tat org.junit.jupiter.engine.descriptor.TestMethodTestDescriptor.execute(TestMethodTestDescriptor.java:135)\n\tat org.junit.jupiter.engine.descriptor.TestMethodTestDescriptor.execute(TestMethodTestDescriptor.java:66)\n\tat org.junit.platform.engine.support.hierarchical.NodeTestTask.lambda$executeRecursively$6(NodeTestTask.java:151)\n\tat org.junit.platform.engine.support.hierarchical.ThrowableCollector.execute(ThrowableCollector.java:73)\n\tat org.junit.platform.engine.support.hierarchical.NodeTestTask.lambda$executeRecursively$8(NodeTestTask.java:141)\n\tat org.junit.platform.engine.support.hierarchical.Node.around(Node.java:137)\n\tat org.junit.platform.engine.support.hierarchical.NodeTestTask.lambda$executeRecursively$9(NodeTestTask.java:139)\n\tat org.junit.platform.engine.support.hierarchical.ThrowableCollector.execute(ThrowableCollector.java:73)\n\tat org.junit.platform.engine.support.hierarchical.NodeTestTask.executeRecursively(NodeTestTask.java:138)\n\tat org.junit.platform.engine.support.hierarchical.NodeTestTask.execute(NodeTestTask.java:95)\n\tat java.base/java.util.ArrayList.forEach(ArrayList.java:1541)\n\tat org.junit.platform.engine.support.hierarchical.SameThreadHierarchicalTestExecutorService.invokeAll(SameThreadHierarchicalTestExecutorService.java:41)\n\tat org.junit.platform.engine.support.hierarchical.NodeTestTask.lambda$executeRecursively$6(NodeTestTask.java:155)\n\tat org.junit.platform.engine.support.hierarchical.ThrowableCollector.execute(ThrowableCollector.java:73)\n\tat org.junit.platform.engine.support.hierarchical.NodeTestTask.lambda$executeRecursively$8(NodeTestTask.java:141)\n\tat org.junit.platform.engine.support.hierarchical.Node.around(Node.java:137)\n\tat org.junit.platform.engine.support.hierarchical.NodeTestTask.lambda$executeRecursively$9(NodeTestTask.java:139)\n\tat org.junit.platform.engine.support.hierarchical.ThrowableCollector.execute(ThrowableCollector.java:73)\n\tat org.junit.platform.engine.support.hierarchical.NodeTestTask.executeRecursively(NodeTestTask.java:138)\n\tat org.junit.platform.engine.support.hierarchical.NodeTestTask.execute(NodeTestTask.java:95)\n\tat java.base/java.util.ArrayList.forEach(ArrayList.java:1541)\n\tat org.junit.platform.engine.support.hierarchical.SameThreadHierarchicalTestExecutorService.invokeAll(SameThreadHierarchicalTestExecutorService.java:41)\n\tat org.junit.platform.engine.support.hierarchical.NodeTestTask.lambda$executeRecursively$6(NodeTestTask.java:155)\n\tat org.junit.platform.engine.support.hierarchical.ThrowableCollector.execute(ThrowableCollector.java:73)\n\tat org.junit.platform.engine.support.hierarchical.NodeTestTask.lambda$executeRecursively$8(NodeTestTask.java:141)\n\tat org.junit.platform.engine.support.hierarchical.Node.around(Node.java:137)\n\tat org.junit.platform.engine.support.hierarchical.NodeTestTask.lambda$executeRecursively$9(NodeTestTask.java:139)\n\tat org.junit.platform.engine.support.hierarchical.ThrowableCollector.execute(ThrowableCollector.java:73)\n\tat org.junit.platform.engine.support.hierarchical.NodeTestTask.executeRecursively(NodeTestTask.java:138)\n\tat org.junit.platform.engine.support.hierarchical.NodeTestTask.execute(NodeTestTask.java:95)\n\tat org.junit.platform.engine.support.hierarchical.SameThreadHierarchicalTestExecutorService.submit(SameThreadHierarchicalTestExecutorService.java:35)\n\tat org.junit.platform.engine.support.hierarchical.HierarchicalTestExecutor.execute(HierarchicalTestExecutor.java:57)\n\tat org.junit.platform.engine.support.hierarchical.HierarchicalTestEngine.execute(HierarchicalTestEngine.java:54)\n\tat org.junit.platform.launcher.core.EngineExecutionOrchestrator.execute(EngineExecutionOrchestrator.java:107)\n\tat org.junit.platform.launcher.core.EngineExecutionOrchestrator.execute(EngineExecutionOrchestrator.java:88)\n\tat org.junit.platform.launcher.core.EngineExecutionOrchestrator.lambda$execute$0(EngineExecutionOrchestrator.java:54)\n\tat org.junit.platform.launcher.core.EngineExecutionOrchestrator.withInterceptedStreams(EngineExecutionOrchestrator.java:67)\n\tat org.junit.platform.launcher.core.EngineExecutionOrchestrator.execute(EngineExecutionOrchestrator.java:52)\n\tat org.junit.platform.launcher.core.DefaultLauncher.execute(DefaultLauncher.java:114)\n\tat org.junit.platform.launcher.core.DefaultLauncher.execute(DefaultLauncher.java:86)\n\tat org.junit.platform.launcher.core.DefaultLauncherSession$DelegatingLauncher.execute(DefaultLauncherSession.java:86)\n\tat org.junit.platform.launcher.core.SessionPerRequestLauncher.execute(SessionPerRequestLauncher.java:53)\n\tat org.gradle.api.internal.tasks.testing.junitplatform.JUnitPlatformTestClassProcessor$CollectAllTestClassesExecutor.processAllTestClasses(JUnitPlatformTestClassProcessor.java:99)\n\tat org.gradle.api.internal.tasks.testing.junitplatform.JUnitPlatformTestClassProcessor$CollectAllTestClassesExecutor.access$000(JUnitPlatformTestClassProcessor.java:79)\n\tat org.gradle.api.internal.tasks.testing.junitplatform.JUnitPlatformTestClassProcessor.stop(JUnitPlatformTestClassProcessor.java:75)\n\tat org.gradle.api.internal.tasks.testing.SuiteTestClassProcessor.stop(SuiteTestClassProcessor.java:61)\n\tat java.base/jdk.internal.reflect.NativeMethodAccessorImpl.invoke0(Native Method)\n\tat java.base/jdk.internal.reflect.NativeMethodAccessorImpl.invoke(NativeMethodAccessorImpl.java:62)\n\tat java.base/jdk.internal.reflect.DelegatingMethodAccessorImpl.invoke(DelegatingMethodAccessorImpl.java:43)\n\tat java.base/java.lang.reflect.Method.invoke(Method.java:566)\n\tat org.gradle.internal.dispatch.ReflectionDispatch.dispatch(ReflectionDispatch.java:36)\n\tat org.gradle.internal.dispatch.ReflectionDispatch.dispatch(ReflectionDispatch.java:24)\n\tat org.gradle.internal.dispatch.ContextClassLoaderDispatch.dispatch(ContextClassLoaderDispatch.java:33)\n\tat org.gradle.internal.dispatch.ProxyDispatchAdapter$DispatchingInvocationHandler.invoke(ProxyDispatchAdapter.java:94)\n\tat com.sun.proxy.$Proxy2.stop(Unknown Source)\n\tat org.gradle.api.internal.tasks.testing.worker.TestWorker.stop(TestWorker.java:135)\n\tat java.base/jdk.internal.reflect.NativeMethodAccessorImpl.invoke0(Native Method)\n\tat java.base/jdk.internal.reflect.NativeMethodAccessorImpl.invoke(NativeMethodAccessorImpl.java:62)\n\tat java.base/jdk.internal.reflect.DelegatingMethodAccessorImpl.invoke(DelegatingMethodAccessorImpl.java:43)\n\tat java.base/java.lang.reflect.Method.invoke(Method.java:566)\n\tat org.gradle.internal.dispatch.ReflectionDispatch.dispatch(ReflectionDispatch.java:36)\n\tat org.gradle.internal.dispatch.ReflectionDispatch.dispatch(ReflectionDispatch.java:24)\n\tat org.gradle.internal.remote.internal.hub.MessageHubBackedObjectConnection$DispatchWrapper.dispatch(MessageHubBackedObjectConnection.java:182)\n\tat org.gradle.internal.remote.internal.hub.MessageHubBackedObjectConnection$DispatchWrapper.dispatch(MessageHubBackedObjectConnection.java:164)\n\tat org.gradle.internal.remote.internal.hub.MessageHub$Handler.run(MessageHub.java:414)\n\tat org.gradle.internal.concurrent.ExecutorPolicy$CatchAndRecordFailures.onExecute(ExecutorPolicy.java:64)\n\tat org.gradle.internal.concurrent.ManagedExecutorImpl$1.run(ManagedExecutorImpl.java:48)\n\tat java.base/java.util.concurrent.ThreadPoolExecutor.runWorker(ThreadPoolExecutor.java:1128)\n\tat java.base/java.util.concurrent.ThreadPoolExecutor$Worker.run(ThreadPoolExecutor.java:628)\n\tat org.gradle.internal.concurrent.ThreadFactoryImpl$ManagedThreadRunnable.run(ThreadFactoryImpl.java:56)\n\tat java.base/java.lang.Thread.run(Thread.java:829)\nCaused by: org.openqa.selenium.ElementClickInterceptedException: element click intercepted: Element <ion-button _ngcontent-kya-c280=\"\" slot=\"end\" aria-disabled=\"true\" class=\"md button button-small button-solid button-disabled ion-activatable ion-focusable hydrated\" disabled=\"\">...</ion-button> is not clickable at point (1200, 355). Other element would receive the click: <ion-item _ngcontent-kya-c280=\"\" lines=\"none\" class=\"item md item-lines-none in-list ion-focusable hydrated item-multiple-inputs\">...</ion-item>\n  (Session info: headless chrome=98.0.4758.102)\nBuild info: version: '3.141.59', revision: 'e82be7d358', time: '2018-11-14T08:17:03'\nSystem info: host: 'fv-az206-464', ip: '10.1.1.27', os.name: 'Linux', os.arch: 'amd64', os.version: '5.11.0-1028-azure', java.version: '11.0.11'\nDriver info: org.openqa.selenium.chrome.ChromeDriver\nCapabilities {acceptInsecureCerts: true, browserName: chrome, browserVersion: 98.0.4758.102, chrome: {chromedriverVersion: 98.0.4758.102 (273bf7ac8c90..., userDataDir: /tmp/.com.google.Chrome.zX0Kch}, goog:chromeOptions: {debuggerAddress: localhost:35211}, javascriptEnabled: true, networkConnectionEnabled: false, pageLoadStrategy: normal, platform: LINUX, platformName: LINUX, proxy: Proxy(), setWindowRect: true, strictFileInteractability: false, timeouts: {implicit: 0, pageLoad: 300000, script: 30000}, unhandledPromptBehavior: dismiss and notify, webauthn:extension:credBlob: true, webauthn:extension:largeBlob: true, webauthn:virtualAuthenticators: true}\nSession ID: f3e1ea7a1845e26848e341a06e27e66b\n\tat jdk.internal.reflect.GeneratedConstructorAccessor107.newInstance(Unknown Source)\n\tat java.base/jdk.internal.reflect.DelegatingConstructorAccessorImpl.newInstance(DelegatingConstructorAccessorImpl.java:45)\n\tat java.base/java.lang.reflect.Constructor.newInstance(Constructor.java:490)\n\tat org.openqa.selenium.remote.http.W3CHttpResponseCodec.createException(W3CHttpResponseCodec.java:187)\n\tat org.openqa.selenium.remote.http.W3CHttpResponseCodec.decode(W3CHttpResponseCodec.java:122)\n\tat org.openqa.selenium.remote.http.W3CHttpResponseCodec.decode(W3CHttpResponseCodec.java:49)\n\tat org.openqa.selenium.remote.HttpCommandExecutor.execute(HttpCommandExecutor.java:158)\n\tat org.openqa.selenium.remote.service.DriverCommandExecutor.execute(DriverCommandExecutor.java:83)\n\tat org.openqa.selenium.remote.RemoteWebDriver.execute(RemoteWebDriver.java:552)\n\tat org.openqa.selenium.remote.RemoteWebElement.execute(RemoteWebElement.java:285)\n\tat org.openqa.selenium.remote.RemoteWebElement.click(RemoteWebElement.java:84)\n\tat com.codeborne.selenide.commands.Click.click(Click.java:46)\n\tat com.codeborne.selenide.commands.Click.execute(Click.java:27)\n\tat com.codeborne.selenide.commands.Click.execute(Click.java:16)\n\tat com.codeborne.selenide.commands.Commands.execute(Commands.java:157)\n\tat com.codeborne.selenide.impl.SelenideElementProxy.dispatchAndRetry(SelenideElementProxy.java:134)\n\t... 96 more\n",
  "flaky" : true,
  "newFailed" : true,
  "beforeStages" : [ ],
  "testStage" : {
    "description" : "",
    "status" : "failed",
    "statusMessage" : "Invalid element state: element click intercepted: Element <ion-button _ngcontent-kya-c280=\"\" slot=\"end\" aria-disabled=\"true\" class=\"md button button-small button-solid button-disabled ion-activatable ion-focusable hydrated\" disabled=\"\">...</ion-button> is not clickable at point (1200, 355). Other element would receive the click: <ion-item _ngcontent-kya-c280=\"\" lines=\"none\" class=\"item md item-lines-none in-list ion-focusable hydrated item-multiple-inputs\">...</ion-item>\nScreenshot: file:/home/runner/work/d8base-func-test/d8base-func-test/build/reports/tests/1646383792471.11.png\nPage source: file:/home/runner/work/d8base-func-test/d8base-func-test/build/reports/tests/1646383792471.11.html\nTimeout: 10 s.\nCaused by: ElementClickInterceptedException: element click intercepted: Element <ion-button _ngcontent-kya-c280=\"\" slot=\"end\" aria-disabled=\"true\" class=\"md button button-small button-solid button-disabled ion-activatable ion-focusable hydrated\" disabled=\"\">...</ion-button> is not clickable at point (1200, 355). Other element would receive the click: <ion-item _ngcontent-kya-c280=\"\" lines=\"none\" class=\"item md item-lines-none in-list ion-focusable hydrated item-multiple-inputs\">...</ion-item>",
    "statusTrace" : "Invalid element state: element click intercepted: Element <ion-button _ngcontent-kya-c280=\"\" slot=\"end\" aria-disabled=\"true\" class=\"md button button-small button-solid button-disabled ion-activatable ion-focusable hydrated\" disabled=\"\">...</ion-button> is not clickable at point (1200, 355). Other element would receive the click: <ion-item _ngcontent-kya-c280=\"\" lines=\"none\" class=\"item md item-lines-none in-list ion-focusable hydrated item-multiple-inputs\">...</ion-item>\nScreenshot: file:/home/runner/work/d8base-func-test/d8base-func-test/build/reports/tests/1646383792471.11.png\nPage source: file:/home/runner/work/d8base-func-test/d8base-func-test/build/reports/tests/1646383792471.11.html\nTimeout: 10 s.\nCaused by: ElementClickInterceptedException: element click intercepted: Element <ion-button _ngcontent-kya-c280=\"\" slot=\"end\" aria-disabled=\"true\" class=\"md button button-small button-solid button-disabled ion-activatable ion-focusable hydrated\" disabled=\"\">...</ion-button> is not clickable at point (1200, 355). Other element would receive the click: <ion-item _ngcontent-kya-c280=\"\" lines=\"none\" class=\"item md item-lines-none in-list ion-focusable hydrated item-multiple-inputs\">...</ion-item>\n\tat com.codeborne.selenide.impl.ExceptionWrapper.wrap(ExceptionWrapper.java:26)\n\tat com.codeborne.selenide.impl.SelenideElementProxy.dispatchAndRetry(SelenideElementProxy.java:156)\n\tat com.codeborne.selenide.impl.SelenideElementProxy.invoke(SelenideElementProxy.java:86)\n\tat com.sun.proxy.$Proxy45.click(Unknown Source)\n\tat pages.Orders.completeOrder(Orders.java:230)\n\tat tests.smokeTests.PositiveTests.t00303(PositiveTests.java:548)\n\tat java.base/jdk.internal.reflect.NativeMethodAccessorImpl.invoke0(Native Method)\n\tat java.base/jdk.internal.reflect.NativeMethodAccessorImpl.invoke(NativeMethodAccessorImpl.java:62)\n\tat java.base/jdk.internal.reflect.DelegatingMethodAccessorImpl.invoke(DelegatingMethodAccessorImpl.java:43)\n\tat java.base/java.lang.reflect.Method.invoke(Method.java:566)\n\tat org.junit.platform.commons.util.ReflectionUtils.invokeMethod(ReflectionUtils.java:725)\n\tat org.junit.jupiter.engine.execution.MethodInvocation.proceed(MethodInvocation.java:60)\n\tat org.junit.jupiter.engine.execution.InvocationInterceptorChain$ValidatingInvocation.proceed(InvocationInterceptorChain.java:131)\n\tat org.junit.jupiter.engine.extension.TimeoutExtension.intercept(TimeoutExtension.java:149)\n\tat org.junit.jupiter.engine.extension.TimeoutExtension.interceptTestableMethod(TimeoutExtension.java:140)\n\tat org.junit.jupiter.engine.extension.TimeoutExtension.interceptTestMethod(TimeoutExtension.java:84)\n\tat org.junit.jupiter.engine.execution.ExecutableInvoker$ReflectiveInterceptorCall.lambda$ofVoidMethod$0(ExecutableInvoker.java:115)\n\tat org.junit.jupiter.engine.execution.ExecutableInvoker.lambda$invoke$0(ExecutableInvoker.java:105)\n\tat org.junit.jupiter.engine.execution.InvocationInterceptorChain$InterceptedInvocation.proceed(InvocationInterceptorChain.java:106)\n\tat org.junit.jupiter.engine.execution.InvocationInterceptorChain.proceed(InvocationInterceptorChain.java:64)\n\tat org.junit.jupiter.engine.execution.InvocationInterceptorChain.chainAndInvoke(InvocationInterceptorChain.java:45)\n\tat org.junit.jupiter.engine.execution.InvocationInterceptorChain.invoke(InvocationInterceptorChain.java:37)\n\tat org.junit.jupiter.engine.execution.ExecutableInvoker.invoke(ExecutableInvoker.java:104)\n\tat org.junit.jupiter.engine.execution.ExecutableInvoker.invoke(ExecutableInvoker.java:98)\n\tat org.junit.jupiter.engine.descriptor.TestMethodTestDescriptor.lambda$invokeTestMethod$7(TestMethodTestDescriptor.java:214)\n\tat org.junit.platform.engine.support.hierarchical.ThrowableCollector.execute(ThrowableCollector.java:73)\n\tat org.junit.jupiter.engine.descriptor.TestMethodTestDescriptor.invokeTestMethod(TestMethodTestDescriptor.java:210)\n\tat org.junit.jupiter.engine.descriptor.TestMethodTestDescriptor.execute(TestMethodTestDescriptor.java:135)\n\tat org.junit.jupiter.engine.descriptor.TestMethodTestDescriptor.execute(TestMethodTestDescriptor.java:66)\n\tat org.junit.platform.engine.support.hierarchical.NodeTestTask.lambda$executeRecursively$6(NodeTestTask.java:151)\n\tat org.junit.platform.engine.support.hierarchical.ThrowableCollector.execute(ThrowableCollector.java:73)\n\tat org.junit.platform.engine.support.hierarchical.NodeTestTask.lambda$executeRecursively$8(NodeTestTask.java:141)\n\tat org.junit.platform.engine.support.hierarchical.Node.around(Node.java:137)\n\tat org.junit.platform.engine.support.hierarchical.NodeTestTask.lambda$executeRecursively$9(NodeTestTask.java:139)\n\tat org.junit.platform.engine.support.hierarchical.ThrowableCollector.execute(ThrowableCollector.java:73)\n\tat org.junit.platform.engine.support.hierarchical.NodeTestTask.executeRecursively(NodeTestTask.java:138)\n\tat org.junit.platform.engine.support.hierarchical.NodeTestTask.execute(NodeTestTask.java:95)\n\tat java.base/java.util.ArrayList.forEach(ArrayList.java:1541)\n\tat org.junit.platform.engine.support.hierarchical.SameThreadHierarchicalTestExecutorService.invokeAll(SameThreadHierarchicalTestExecutorService.java:41)\n\tat org.junit.platform.engine.support.hierarchical.NodeTestTask.lambda$executeRecursively$6(NodeTestTask.java:155)\n\tat org.junit.platform.engine.support.hierarchical.ThrowableCollector.execute(ThrowableCollector.java:73)\n\tat org.junit.platform.engine.support.hierarchical.NodeTestTask.lambda$executeRecursively$8(NodeTestTask.java:141)\n\tat org.junit.platform.engine.support.hierarchical.Node.around(Node.java:137)\n\tat org.junit.platform.engine.support.hierarchical.NodeTestTask.lambda$executeRecursively$9(NodeTestTask.java:139)\n\tat org.junit.platform.engine.support.hierarchical.ThrowableCollector.execute(ThrowableCollector.java:73)\n\tat org.junit.platform.engine.support.hierarchical.NodeTestTask.executeRecursively(NodeTestTask.java:138)\n\tat org.junit.platform.engine.support.hierarchical.NodeTestTask.execute(NodeTestTask.java:95)\n\tat java.base/java.util.ArrayList.forEach(ArrayList.java:1541)\n\tat org.junit.platform.engine.support.hierarchical.SameThreadHierarchicalTestExecutorService.invokeAll(SameThreadHierarchicalTestExecutorService.java:41)\n\tat org.junit.platform.engine.support.hierarchical.NodeTestTask.lambda$executeRecursively$6(NodeTestTask.java:155)\n\tat org.junit.platform.engine.support.hierarchical.ThrowableCollector.execute(ThrowableCollector.java:73)\n\tat org.junit.platform.engine.support.hierarchical.NodeTestTask.lambda$executeRecursively$8(NodeTestTask.java:141)\n\tat org.junit.platform.engine.support.hierarchical.Node.around(Node.java:137)\n\tat org.junit.platform.engine.support.hierarchical.NodeTestTask.lambda$executeRecursively$9(NodeTestTask.java:139)\n\tat org.junit.platform.engine.support.hierarchical.ThrowableCollector.execute(ThrowableCollector.java:73)\n\tat org.junit.platform.engine.support.hierarchical.NodeTestTask.executeRecursively(NodeTestTask.java:138)\n\tat org.junit.platform.engine.support.hierarchical.NodeTestTask.execute(NodeTestTask.java:95)\n\tat org.junit.platform.engine.support.hierarchical.SameThreadHierarchicalTestExecutorService.submit(SameThreadHierarchicalTestExecutorService.java:35)\n\tat org.junit.platform.engine.support.hierarchical.HierarchicalTestExecutor.execute(HierarchicalTestExecutor.java:57)\n\tat org.junit.platform.engine.support.hierarchical.HierarchicalTestEngine.execute(HierarchicalTestEngine.java:54)\n\tat org.junit.platform.launcher.core.EngineExecutionOrchestrator.execute(EngineExecutionOrchestrator.java:107)\n\tat org.junit.platform.launcher.core.EngineExecutionOrchestrator.execute(EngineExecutionOrchestrator.java:88)\n\tat org.junit.platform.launcher.core.EngineExecutionOrchestrator.lambda$execute$0(EngineExecutionOrchestrator.java:54)\n\tat org.junit.platform.launcher.core.EngineExecutionOrchestrator.withInterceptedStreams(EngineExecutionOrchestrator.java:67)\n\tat org.junit.platform.launcher.core.EngineExecutionOrchestrator.execute(EngineExecutionOrchestrator.java:52)\n\tat org.junit.platform.launcher.core.DefaultLauncher.execute(DefaultLauncher.java:114)\n\tat org.junit.platform.launcher.core.DefaultLauncher.execute(DefaultLauncher.java:86)\n\tat org.junit.platform.launcher.core.DefaultLauncherSession$DelegatingLauncher.execute(DefaultLauncherSession.java:86)\n\tat org.junit.platform.launcher.core.SessionPerRequestLauncher.execute(SessionPerRequestLauncher.java:53)\n\tat org.gradle.api.internal.tasks.testing.junitplatform.JUnitPlatformTestClassProcessor$CollectAllTestClassesExecutor.processAllTestClasses(JUnitPlatformTestClassProcessor.java:99)\n\tat org.gradle.api.internal.tasks.testing.junitplatform.JUnitPlatformTestClassProcessor$CollectAllTestClassesExecutor.access$000(JUnitPlatformTestClassProcessor.java:79)\n\tat org.gradle.api.internal.tasks.testing.junitplatform.JUnitPlatformTestClassProcessor.stop(JUnitPlatformTestClassProcessor.java:75)\n\tat org.gradle.api.internal.tasks.testing.SuiteTestClassProcessor.stop(SuiteTestClassProcessor.java:61)\n\tat java.base/jdk.internal.reflect.NativeMethodAccessorImpl.invoke0(Native Method)\n\tat java.base/jdk.internal.reflect.NativeMethodAccessorImpl.invoke(NativeMethodAccessorImpl.java:62)\n\tat java.base/jdk.internal.reflect.DelegatingMethodAccessorImpl.invoke(DelegatingMethodAccessorImpl.java:43)\n\tat java.base/java.lang.reflect.Method.invoke(Method.java:566)\n\tat org.gradle.internal.dispatch.ReflectionDispatch.dispatch(ReflectionDispatch.java:36)\n\tat org.gradle.internal.dispatch.ReflectionDispatch.dispatch(ReflectionDispatch.java:24)\n\tat org.gradle.internal.dispatch.ContextClassLoaderDispatch.dispatch(ContextClassLoaderDispatch.java:33)\n\tat org.gradle.internal.dispatch.ProxyDispatchAdapter$DispatchingInvocationHandler.invoke(ProxyDispatchAdapter.java:94)\n\tat com.sun.proxy.$Proxy2.stop(Unknown Source)\n\tat org.gradle.api.internal.tasks.testing.worker.TestWorker.stop(TestWorker.java:135)\n\tat java.base/jdk.internal.reflect.NativeMethodAccessorImpl.invoke0(Native Method)\n\tat java.base/jdk.internal.reflect.NativeMethodAccessorImpl.invoke(NativeMethodAccessorImpl.java:62)\n\tat java.base/jdk.internal.reflect.DelegatingMethodAccessorImpl.invoke(DelegatingMethodAccessorImpl.java:43)\n\tat java.base/java.lang.reflect.Method.invoke(Method.java:566)\n\tat org.gradle.internal.dispatch.ReflectionDispatch.dispatch(ReflectionDispatch.java:36)\n\tat org.gradle.internal.dispatch.ReflectionDispatch.dispatch(ReflectionDispatch.java:24)\n\tat org.gradle.internal.remote.internal.hub.MessageHubBackedObjectConnection$DispatchWrapper.dispatch(MessageHubBackedObjectConnection.java:182)\n\tat org.gradle.internal.remote.internal.hub.MessageHubBackedObjectConnection$DispatchWrapper.dispatch(MessageHubBackedObjectConnection.java:164)\n\tat org.gradle.internal.remote.internal.hub.MessageHub$Handler.run(MessageHub.java:414)\n\tat org.gradle.internal.concurrent.ExecutorPolicy$CatchAndRecordFailures.onExecute(ExecutorPolicy.java:64)\n\tat org.gradle.internal.concurrent.ManagedExecutorImpl$1.run(ManagedExecutorImpl.java:48)\n\tat java.base/java.util.concurrent.ThreadPoolExecutor.runWorker(ThreadPoolExecutor.java:1128)\n\tat java.base/java.util.concurrent.ThreadPoolExecutor$Worker.run(ThreadPoolExecutor.java:628)\n\tat org.gradle.internal.concurrent.ThreadFactoryImpl$ManagedThreadRunnable.run(ThreadFactoryImpl.java:56)\n\tat java.base/java.lang.Thread.run(Thread.java:829)\nCaused by: org.openqa.selenium.ElementClickInterceptedException: element click intercepted: Element <ion-button _ngcontent-kya-c280=\"\" slot=\"end\" aria-disabled=\"true\" class=\"md button button-small button-solid button-disabled ion-activatable ion-focusable hydrated\" disabled=\"\">...</ion-button> is not clickable at point (1200, 355). Other element would receive the click: <ion-item _ngcontent-kya-c280=\"\" lines=\"none\" class=\"item md item-lines-none in-list ion-focusable hydrated item-multiple-inputs\">...</ion-item>\n  (Session info: headless chrome=98.0.4758.102)\nBuild info: version: '3.141.59', revision: 'e82be7d358', time: '2018-11-14T08:17:03'\nSystem info: host: 'fv-az206-464', ip: '10.1.1.27', os.name: 'Linux', os.arch: 'amd64', os.version: '5.11.0-1028-azure', java.version: '11.0.11'\nDriver info: org.openqa.selenium.chrome.ChromeDriver\nCapabilities {acceptInsecureCerts: true, browserName: chrome, browserVersion: 98.0.4758.102, chrome: {chromedriverVersion: 98.0.4758.102 (273bf7ac8c90..., userDataDir: /tmp/.com.google.Chrome.zX0Kch}, goog:chromeOptions: {debuggerAddress: localhost:35211}, javascriptEnabled: true, networkConnectionEnabled: false, pageLoadStrategy: normal, platform: LINUX, platformName: LINUX, proxy: Proxy(), setWindowRect: true, strictFileInteractability: false, timeouts: {implicit: 0, pageLoad: 300000, script: 30000}, unhandledPromptBehavior: dismiss and notify, webauthn:extension:credBlob: true, webauthn:extension:largeBlob: true, webauthn:virtualAuthenticators: true}\nSession ID: f3e1ea7a1845e26848e341a06e27e66b\n\tat jdk.internal.reflect.GeneratedConstructorAccessor107.newInstance(Unknown Source)\n\tat java.base/jdk.internal.reflect.DelegatingConstructorAccessorImpl.newInstance(DelegatingConstructorAccessorImpl.java:45)\n\tat java.base/java.lang.reflect.Constructor.newInstance(Constructor.java:490)\n\tat org.openqa.selenium.remote.http.W3CHttpResponseCodec.createException(W3CHttpResponseCodec.java:187)\n\tat org.openqa.selenium.remote.http.W3CHttpResponseCodec.decode(W3CHttpResponseCodec.java:122)\n\tat org.openqa.selenium.remote.http.W3CHttpResponseCodec.decode(W3CHttpResponseCodec.java:49)\n\tat org.openqa.selenium.remote.HttpCommandExecutor.execute(HttpCommandExecutor.java:158)\n\tat org.openqa.selenium.remote.service.DriverCommandExecutor.execute(DriverCommandExecutor.java:83)\n\tat org.openqa.selenium.remote.RemoteWebDriver.execute(RemoteWebDriver.java:552)\n\tat org.openqa.selenium.remote.RemoteWebElement.execute(RemoteWebElement.java:285)\n\tat org.openqa.selenium.remote.RemoteWebElement.click(RemoteWebElement.java:84)\n\tat com.codeborne.selenide.commands.Click.click(Click.java:46)\n\tat com.codeborne.selenide.commands.Click.execute(Click.java:27)\n\tat com.codeborne.selenide.commands.Click.execute(Click.java:16)\n\tat com.codeborne.selenide.commands.Commands.execute(Commands.java:157)\n\tat com.codeborne.selenide.impl.SelenideElementProxy.dispatchAndRetry(SelenideElementProxy.java:134)\n\t... 96 more\n",
    "steps" : [ {
      "name" : "Open URL: https://app.maxibooking.ru",
      "time" : {
        "start" : 1646383767908,
        "stop" : 1646383770598,
        "duration" : 2690
      },
      "status" : "passed",
      "steps" : [ {
        "name" : "$(\"open\") https://app.maxibooking.ru",
        "time" : {
          "start" : 1646383767908,
          "stop" : 1646383770598,
          "duration" : 2690
        },
        "status" : "passed",
        "steps" : [ ],
        "attachments" : [ ],
        "parameters" : [ ],
        "stepsCount" : 0,
        "attachmentsCount" : 0,
        "shouldDisplayMessage" : false,
        "hasContent" : false
      } ],
      "attachments" : [ ],
      "parameters" : [ ],
      "stepsCount" : 1,
      "attachmentsCount" : 0,
      "shouldDisplayMessage" : false,
      "hasContent" : true
    }, {
      "name" : "Pop-up skip",
      "time" : {
        "start" : 1646383770598,
        "stop" : 1646383772449,
        "duration" : 1851
      },
      "status" : "passed",
      "steps" : [ {
        "name" : "$(\"h2.alert-sub-title\") should be([visible, 10 s.])",
        "time" : {
          "start" : 1646383770798,
          "stop" : 1646383770870,
          "duration" : 72
        },
        "status" : "passed",
        "steps" : [ ],
        "attachments" : [ ],
        "parameters" : [ ],
        "stepsCount" : 0,
        "attachmentsCount" : 0,
        "shouldDisplayMessage" : false,
        "hasContent" : false
      }, {
        "name" : "$(\"ion-alert\") press escape()",
        "time" : {
          "start" : 1646383771870,
          "stop" : 1646383771945,
          "duration" : 75
        },
        "status" : "passed",
        "steps" : [ ],
        "attachments" : [ ],
        "parameters" : [ ],
        "stepsCount" : 0,
        "attachmentsCount" : 0,
        "shouldDisplayMessage" : false,
        "hasContent" : false
      }, {
        "name" : "$(\"ion-alert\") should not be([visible, 10 s.])",
        "time" : {
          "start" : 1646383771945,
          "stop" : 1646383772249,
          "duration" : 304
        },
        "status" : "passed",
        "steps" : [ ],
        "attachments" : [ ],
        "parameters" : [ ],
        "stepsCount" : 0,
        "attachmentsCount" : 0,
        "shouldDisplayMessage" : false,
        "hasContent" : false
      } ],
      "attachments" : [ ],
      "parameters" : [ ],
      "stepsCount" : 3,
      "attachmentsCount" : 0,
      "shouldDisplayMessage" : false,
      "hasContent" : true
    }, {
      "name" : "Log In with fcbqhlkqlp@officia.pp : 6t1gbb3drb",
      "time" : {
        "start" : 1646383772449,
        "stop" : 1646383777040,
        "duration" : 4591
      },
      "status" : "passed",
      "steps" : [ {
        "name" : "Change language to English",
        "time" : {
          "start" : 1646383772449,
          "stop" : 1646383773491,
          "duration" : 1042
        },
        "status" : "passed",
        "steps" : [ {
          "name" : "$(\"[menu='flag-menu'].filter(visible)[0]\") get text()",
          "time" : {
            "start" : 1646383773450,
            "stop" : 1646383773491,
            "duration" : 41
          },
          "status" : "passed",
          "steps" : [ ],
          "attachments" : [ ],
          "parameters" : [ ],
          "stepsCount" : 0,
          "attachmentsCount" : 0,
          "shouldDisplayMessage" : false,
          "hasContent" : false
        } ],
        "attachments" : [ ],
        "parameters" : [ ],
        "stepsCount" : 1,
        "attachmentsCount" : 0,
        "shouldDisplayMessage" : false,
        "hasContent" : true
      }, {
        "name" : "Click Menu > Log in",
        "time" : {
          "start" : 1646383773491,
          "stop" : 1646383774647,
          "duration" : 1156
        },
        "status" : "passed",
        "steps" : [ {
          "name" : "$(\"[menu='main-menu'].filter(visible)[0]\") click()",
          "time" : {
            "start" : 1646383773792,
            "stop" : 1646383773937,
            "duration" : 145
          },
          "status" : "passed",
          "steps" : [ ],
          "attachments" : [ ],
          "parameters" : [ ],
          "stepsCount" : 0,
          "attachmentsCount" : 0,
          "shouldDisplayMessage" : false,
          "hasContent" : false
        }, {
          "name" : "$(\"[id='main-menu.log-in']\") scroll into view(true)",
          "time" : {
            "start" : 1646383774237,
            "stop" : 1646383774260,
            "duration" : 23
          },
          "status" : "passed",
          "steps" : [ {
            "name" : "$(\"[id='main-menu.log-in']\") get wrapped element()",
            "time" : {
              "start" : 1646383774237,
              "stop" : 1646383774254,
              "duration" : 17
            },
            "status" : "passed",
            "steps" : [ ],
            "attachments" : [ ],
            "parameters" : [ ],
            "stepsCount" : 0,
            "attachmentsCount" : 0,
            "shouldDisplayMessage" : false,
            "hasContent" : false
          } ],
          "attachments" : [ ],
          "parameters" : [ ],
          "stepsCount" : 1,
          "attachmentsCount" : 0,
          "shouldDisplayMessage" : false,
          "hasContent" : true
        }, {
          "name" : "$(\"[id='main-menu.log-in']\") click()",
          "time" : {
            "start" : 1646383774260,
            "stop" : 1646383774347,
            "duration" : 87
          },
          "status" : "passed",
          "steps" : [ ],
          "attachments" : [ ],
          "parameters" : [ ],
          "stepsCount" : 0,
          "attachmentsCount" : 0,
          "shouldDisplayMessage" : false,
          "hasContent" : false
        } ],
        "attachments" : [ ],
        "parameters" : [ ],
        "stepsCount" : 4,
        "attachmentsCount" : 0,
        "shouldDisplayMessage" : false,
        "hasContent" : true
      }, {
        "name" : "$(\"app-login/input\") set value(fcbqhlkqlp@officia.pp)",
        "time" : {
          "start" : 1646383774648,
          "stop" : 1646383774813,
          "duration" : 165
        },
        "status" : "passed",
        "steps" : [ ],
        "attachments" : [ ],
        "parameters" : [ ],
        "stepsCount" : 0,
        "attachmentsCount" : 0,
        "shouldDisplayMessage" : false,
        "hasContent" : false
      }, {
        "name" : "$(\"app-login/input[1]\") set value(6t1gbb3drb)",
        "time" : {
          "start" : 1646383774813,
          "stop" : 1646383774925,
          "duration" : 112
        },
        "status" : "passed",
        "steps" : [ ],
        "attachments" : [ ],
        "parameters" : [ ],
        "stepsCount" : 0,
        "attachmentsCount" : 0,
        "shouldDisplayMessage" : false,
        "hasContent" : false
      }, {
        "name" : "$(\"app-login-form ion-button[type='submit']\") click()",
        "time" : {
          "start" : 1646383775099,
          "stop" : 1646383775160,
          "duration" : 61
        },
        "status" : "passed",
        "steps" : [ ],
        "attachments" : [ ],
        "parameters" : [ ],
        "stepsCount" : 0,
        "attachmentsCount" : 0,
        "shouldDisplayMessage" : false,
        "hasContent" : false
      }, {
        "name" : "$(\"app-login-form ion-button[type='submit']\") should not be([visible, 10 s.])",
        "time" : {
          "start" : 1646383775160,
          "stop" : 1646383777040,
          "duration" : 1880
        },
        "status" : "passed",
        "steps" : [ ],
        "attachments" : [ ],
        "parameters" : [ ],
        "stepsCount" : 0,
        "attachmentsCount" : 0,
        "shouldDisplayMessage" : false,
        "hasContent" : false
      } ],
      "attachments" : [ {
        "uid" : "5d8c183ef772375e",
        "name" : "Screenshot",
        "source" : "5d8c183ef772375e.png",
        "type" : "image/png",
        "size" : 29919
      } ],
      "parameters" : [ ],
      "stepsCount" : 11,
      "attachmentsCount" : 1,
      "shouldDisplayMessage" : false,
      "hasContent" : true
    }, {
      "name" : "Change language to English",
      "time" : {
        "start" : 1646383777040,
        "stop" : 1646383780742,
        "duration" : 3702
      },
      "status" : "passed",
      "steps" : [ {
        "name" : "$(\"[menu='flag-menu'].filter(visible)[0]\") get text()",
        "time" : {
          "start" : 1646383778041,
          "stop" : 1646383778106,
          "duration" : 65
        },
        "status" : "passed",
        "steps" : [ ],
        "attachments" : [ ],
        "parameters" : [ ],
        "stepsCount" : 0,
        "attachmentsCount" : 0,
        "shouldDisplayMessage" : false,
        "hasContent" : false
      }, {
        "name" : "$(\"[menu='flag-menu'].filter(visible)[0]\") click()",
        "time" : {
          "start" : 1646383778106,
          "stop" : 1646383778196,
          "duration" : 90
        },
        "status" : "passed",
        "steps" : [ ],
        "attachments" : [ ],
        "parameters" : [ ],
        "stepsCount" : 0,
        "attachmentsCount" : 0,
        "shouldDisplayMessage" : false,
        "hasContent" : false
      }, {
        "name" : "$(\"app-flag-menu ion-select\") click()",
        "time" : {
          "start" : 1646383778196,
          "stop" : 1646383778560,
          "duration" : 364
        },
        "status" : "passed",
        "steps" : [ ],
        "attachments" : [ ],
        "parameters" : [ ],
        "stepsCount" : 0,
        "attachmentsCount" : 0,
        "shouldDisplayMessage" : false,
        "hasContent" : false
      }, {
        "name" : "$(\"ion-alert button\") click()",
        "time" : {
          "start" : 1646383778560,
          "stop" : 1646383778824,
          "duration" : 264
        },
        "status" : "passed",
        "steps" : [ ],
        "attachments" : [ ],
        "parameters" : [ ],
        "stepsCount" : 0,
        "attachmentsCount" : 0,
        "shouldDisplayMessage" : false,
        "hasContent" : false
      }, {
        "name" : "$(\"div.alert-button-group button[1]\") click()",
        "time" : {
          "start" : 1646383778824,
          "stop" : 1646383778891,
          "duration" : 67
        },
        "status" : "passed",
        "steps" : [ ],
        "attachments" : [ ],
        "parameters" : [ ],
        "stepsCount" : 0,
        "attachmentsCount" : 0,
        "shouldDisplayMessage" : false,
        "hasContent" : false
      }, {
        "name" : "$(\"div.alert-radio-group\") should not be([visible, 10 s.])",
        "time" : {
          "start" : 1646383778891,
          "stop" : 1646383779216,
          "duration" : 325
        },
        "status" : "passed",
        "steps" : [ ],
        "attachments" : [ ],
        "parameters" : [ ],
        "stepsCount" : 0,
        "attachmentsCount" : 0,
        "shouldDisplayMessage" : false,
        "hasContent" : false
      }, {
        "name" : "$(\"ion-alert\") exists()",
        "time" : {
          "start" : 1646383780717,
          "stop" : 1646383780742,
          "duration" : 25
        },
        "status" : "passed",
        "steps" : [ ],
        "attachments" : [ ],
        "parameters" : [ ],
        "stepsCount" : 0,
        "attachmentsCount" : 0,
        "shouldDisplayMessage" : false,
        "hasContent" : false
      } ],
      "attachments" : [ ],
      "parameters" : [ ],
      "stepsCount" : 7,
      "attachmentsCount" : 0,
      "shouldDisplayMessage" : false,
      "hasContent" : true
    }, {
      "name" : "Top Bar: click My Orders",
      "time" : {
        "start" : 1646383780742,
        "stop" : 1646383781341,
        "duration" : 599
      },
      "status" : "passed",
      "steps" : [ {
        "name" : "$(\"ion-item.my-orders.filter(visible)[0]\") click()",
        "time" : {
          "start" : 1646383781042,
          "stop" : 1646383781141,
          "duration" : 99
        },
        "status" : "passed",
        "steps" : [ ],
        "attachments" : [ ],
        "parameters" : [ ],
        "stepsCount" : 0,
        "attachmentsCount" : 0,
        "shouldDisplayMessage" : false,
        "hasContent" : false
      } ],
      "attachments" : [ ],
      "parameters" : [ ],
      "stepsCount" : 1,
      "attachmentsCount" : 0,
      "shouldDisplayMessage" : false,
      "hasContent" : true
    }, {
      "name" : "Select current orders: Inbox",
      "time" : {
        "start" : 1646383781342,
        "stop" : 1646383781504,
        "duration" : 162
      },
      "status" : "passed",
      "steps" : [ {
        "name" : "$(\"app-inbox-page/ion-segment-button[1]\") scroll into view(true)",
        "time" : {
          "start" : 1646383781342,
          "stop" : 1646383781374,
          "duration" : 32
        },
        "status" : "passed",
        "steps" : [ {
          "name" : "$(\"app-inbox-page/ion-segment-button[1]\") get wrapped element()",
          "time" : {
            "start" : 1646383781342,
            "stop" : 1646383781369,
            "duration" : 27
          },
          "status" : "passed",
          "steps" : [ ],
          "attachments" : [ ],
          "parameters" : [ ],
          "stepsCount" : 0,
          "attachmentsCount" : 0,
          "shouldDisplayMessage" : false,
          "hasContent" : false
        } ],
        "attachments" : [ ],
        "parameters" : [ ],
        "stepsCount" : 1,
        "attachmentsCount" : 0,
        "shouldDisplayMessage" : false,
        "hasContent" : true
      }, {
        "name" : "$(\"app-inbox-page/ion-segment-button[1]\") click()",
        "time" : {
          "start" : 1646383781374,
          "stop" : 1646383781504,
          "duration" : 130
        },
        "status" : "passed",
        "steps" : [ ],
        "attachments" : [ ],
        "parameters" : [ ],
        "stepsCount" : 0,
        "attachmentsCount" : 0,
        "shouldDisplayMessage" : false,
        "hasContent" : false
      } ],
      "attachments" : [ ],
      "parameters" : [ ],
      "stepsCount" : 3,
      "attachmentsCount" : 0,
      "shouldDisplayMessage" : false,
      "hasContent" : true
    }, {
      "name" : "Simple order check inbox: order exists",
      "time" : {
        "start" : 1646383781504,
        "stop" : 1646383782435,
        "duration" : 931
      },
      "status" : "passed",
      "steps" : [ {
        "name" : "$(\"app-inbox-page app-client-widget\") should have(text 'Sharri')",
        "time" : {
          "start" : 1646383782102,
          "stop" : 1646383782131,
          "duration" : 29
        },
        "status" : "passed",
        "steps" : [ ],
        "attachments" : [ ],
        "parameters" : [ ],
        "stepsCount" : 0,
        "attachmentsCount" : 0,
        "shouldDisplayMessage" : false,
        "hasContent" : false
      }, {
        "name" : "$(\"app-inbox app-duration-viewer\") should have(text '15')",
        "time" : {
          "start" : 1646383782131,
          "stop" : 1646383782371,
          "duration" : 240
        },
        "status" : "passed",
        "steps" : [ ],
        "attachments" : [ ],
        "parameters" : [ ],
        "stepsCount" : 0,
        "attachmentsCount" : 0,
        "shouldDisplayMessage" : false,
        "hasContent" : false
      }, {
        "name" : "$(\"app-inbox-page/app-price\") exists()",
        "time" : {
          "start" : 1646383782371,
          "stop" : 1646383782389,
          "duration" : 18
        },
        "status" : "passed",
        "steps" : [ ],
        "attachments" : [ ],
        "parameters" : [ ],
        "stepsCount" : 0,
        "attachmentsCount" : 0,
        "shouldDisplayMessage" : false,
        "hasContent" : false
      }, {
        "name" : "$(\"app-inbox-page/app-price\") get text()",
        "time" : {
          "start" : 1646383782389,
          "stop" : 1646383782419,
          "duration" : 30
        },
        "status" : "passed",
        "steps" : [ ],
        "attachments" : [ ],
        "parameters" : [ ],
        "stepsCount" : 0,
        "attachmentsCount" : 0,
        "shouldDisplayMessage" : false,
        "hasContent" : false
      }, {
        "name" : "$(\"app-inbox-page/app-price[1]\") exists()",
        "time" : {
          "start" : 1646383782419,
          "stop" : 1646383782435,
          "duration" : 16
        },
        "status" : "passed",
        "steps" : [ ],
        "attachments" : [ ],
        "parameters" : [ ],
        "stepsCount" : 0,
        "attachmentsCount" : 0,
        "shouldDisplayMessage" : false,
        "hasContent" : false
      } ],
      "attachments" : [ {
        "uid" : "5918777b61c104f3",
        "name" : "Screenshot",
        "source" : "5918777b61c104f3.png",
        "type" : "image/png",
        "size" : 21637
      } ],
      "parameters" : [ {
        "name" : "userFirstName",
        "value" : "Sharri"
      }, {
        "name" : "servicePrice",
        "value" : "480"
      }, {
        "name" : "serviceTotalDuration",
        "value" : "15"
      } ],
      "stepsCount" : 5,
      "attachmentsCount" : 1,
      "shouldDisplayMessage" : false,
      "hasContent" : true
    }, {
      "name" : "Complete the order",
      "time" : {
        "start" : 1646383782436,
        "stop" : 1646383792817,
        "duration" : 10381
      },
      "status" : "failed",
      "statusMessage" : "Invalid element state: element click intercepted: Element <ion-button _ngcontent-kya-c280=\"\" slot=\"end\" aria-disabled=\"true\" class=\"md button button-small button-solid button-disabled ion-activatable ion-focusable hydrated\" disabled=\"\">...</ion-button> is not clickable at point (1200, 355). Other element would receive the click: <ion-item _ngcontent-kya-c280=\"\" lines=\"none\" class=\"item md item-lines-none in-list ion-focusable hydrated item-multiple-inputs\">...</ion-item>\nScreenshot: file:/home/runner/work/d8base-func-test/d8base-func-test/build/reports/tests/1646383792471.11.png\nPage source: file:/home/runner/work/d8base-func-test/d8base-func-test/build/reports/tests/1646383792471.11.html\nTimeout: 10 s.\nCaused by: ElementClickInterceptedException: element click intercepted: Element <ion-button _ngcontent-kya-c280=\"\" slot=\"end\" aria-disabled=\"true\" class=\"md button button-small button-solid button-disabled ion-activatable ion-focusable hydrated\" disabled=\"\">...</ion-button> is not clickable at point (1200, 355). Other element would receive the click: <ion-item _ngcontent-kya-c280=\"\" lines=\"none\" class=\"item md item-lines-none in-list ion-focusable hydrated item-multiple-inputs\">...</ion-item>",
      "statusTrace" : "Invalid element state: element click intercepted: Element <ion-button _ngcontent-kya-c280=\"\" slot=\"end\" aria-disabled=\"true\" class=\"md button button-small button-solid button-disabled ion-activatable ion-focusable hydrated\" disabled=\"\">...</ion-button> is not clickable at point (1200, 355). Other element would receive the click: <ion-item _ngcontent-kya-c280=\"\" lines=\"none\" class=\"item md item-lines-none in-list ion-focusable hydrated item-multiple-inputs\">...</ion-item>\nScreenshot: file:/home/runner/work/d8base-func-test/d8base-func-test/build/reports/tests/1646383792471.11.png\nPage source: file:/home/runner/work/d8base-func-test/d8base-func-test/build/reports/tests/1646383792471.11.html\nTimeout: 10 s.\nCaused by: ElementClickInterceptedException: element click intercepted: Element <ion-button _ngcontent-kya-c280=\"\" slot=\"end\" aria-disabled=\"true\" class=\"md button button-small button-solid button-disabled ion-activatable ion-focusable hydrated\" disabled=\"\">...</ion-button> is not clickable at point (1200, 355). Other element would receive the click: <ion-item _ngcontent-kya-c280=\"\" lines=\"none\" class=\"item md item-lines-none in-list ion-focusable hydrated item-multiple-inputs\">...</ion-item>\n\tat com.codeborne.selenide.impl.ExceptionWrapper.wrap(ExceptionWrapper.java:26)\n\tat com.codeborne.selenide.impl.SelenideElementProxy.dispatchAndRetry(SelenideElementProxy.java:156)\n\tat com.codeborne.selenide.impl.SelenideElementProxy.invoke(SelenideElementProxy.java:86)\n\tat com.sun.proxy.$Proxy45.click(Unknown Source)\n\tat pages.Orders.completeOrder(Orders.java:230)\n\tat tests.smokeTests.PositiveTests.t00303(PositiveTests.java:548)\n\tat java.base/jdk.internal.reflect.NativeMethodAccessorImpl.invoke0(Native Method)\n\tat java.base/jdk.internal.reflect.NativeMethodAccessorImpl.invoke(NativeMethodAccessorImpl.java:62)\n\tat java.base/jdk.internal.reflect.DelegatingMethodAccessorImpl.invoke(DelegatingMethodAccessorImpl.java:43)\n\tat java.base/java.lang.reflect.Method.invoke(Method.java:566)\n\tat org.junit.platform.commons.util.ReflectionUtils.invokeMethod(ReflectionUtils.java:725)\n\tat org.junit.jupiter.engine.execution.MethodInvocation.proceed(MethodInvocation.java:60)\n\tat org.junit.jupiter.engine.execution.InvocationInterceptorChain$ValidatingInvocation.proceed(InvocationInterceptorChain.java:131)\n\tat org.junit.jupiter.engine.extension.TimeoutExtension.intercept(TimeoutExtension.java:149)\n\tat org.junit.jupiter.engine.extension.TimeoutExtension.interceptTestableMethod(TimeoutExtension.java:140)\n\tat org.junit.jupiter.engine.extension.TimeoutExtension.interceptTestMethod(TimeoutExtension.java:84)\n\tat org.junit.jupiter.engine.execution.ExecutableInvoker$ReflectiveInterceptorCall.lambda$ofVoidMethod$0(ExecutableInvoker.java:115)\n\tat org.junit.jupiter.engine.execution.ExecutableInvoker.lambda$invoke$0(ExecutableInvoker.java:105)\n\tat org.junit.jupiter.engine.execution.InvocationInterceptorChain$InterceptedInvocation.proceed(InvocationInterceptorChain.java:106)\n\tat org.junit.jupiter.engine.execution.InvocationInterceptorChain.proceed(InvocationInterceptorChain.java:64)\n\tat org.junit.jupiter.engine.execution.InvocationInterceptorChain.chainAndInvoke(InvocationInterceptorChain.java:45)\n\tat org.junit.jupiter.engine.execution.InvocationInterceptorChain.invoke(InvocationInterceptorChain.java:37)\n\tat org.junit.jupiter.engine.execution.ExecutableInvoker.invoke(ExecutableInvoker.java:104)\n\tat org.junit.jupiter.engine.execution.ExecutableInvoker.invoke(ExecutableInvoker.java:98)\n\tat org.junit.jupiter.engine.descriptor.TestMethodTestDescriptor.lambda$invokeTestMethod$7(TestMethodTestDescriptor.java:214)\n\tat org.junit.platform.engine.support.hierarchical.ThrowableCollector.execute(ThrowableCollector.java:73)\n\tat org.junit.jupiter.engine.descriptor.TestMethodTestDescriptor.invokeTestMethod(TestMethodTestDescriptor.java:210)\n\tat org.junit.jupiter.engine.descriptor.TestMethodTestDescriptor.execute(TestMethodTestDescriptor.java:135)\n\tat org.junit.jupiter.engine.descriptor.TestMethodTestDescriptor.execute(TestMethodTestDescriptor.java:66)\n\tat org.junit.platform.engine.support.hierarchical.NodeTestTask.lambda$executeRecursively$6(NodeTestTask.java:151)\n\tat org.junit.platform.engine.support.hierarchical.ThrowableCollector.execute(ThrowableCollector.java:73)\n\tat org.junit.platform.engine.support.hierarchical.NodeTestTask.lambda$executeRecursively$8(NodeTestTask.java:141)\n\tat org.junit.platform.engine.support.hierarchical.Node.around(Node.java:137)\n\tat org.junit.platform.engine.support.hierarchical.NodeTestTask.lambda$executeRecursively$9(NodeTestTask.java:139)\n\tat org.junit.platform.engine.support.hierarchical.ThrowableCollector.execute(ThrowableCollector.java:73)\n\tat org.junit.platform.engine.support.hierarchical.NodeTestTask.executeRecursively(NodeTestTask.java:138)\n\tat org.junit.platform.engine.support.hierarchical.NodeTestTask.execute(NodeTestTask.java:95)\n\tat java.base/java.util.ArrayList.forEach(ArrayList.java:1541)\n\tat org.junit.platform.engine.support.hierarchical.SameThreadHierarchicalTestExecutorService.invokeAll(SameThreadHierarchicalTestExecutorService.java:41)\n\tat org.junit.platform.engine.support.hierarchical.NodeTestTask.lambda$executeRecursively$6(NodeTestTask.java:155)\n\tat org.junit.platform.engine.support.hierarchical.ThrowableCollector.execute(ThrowableCollector.java:73)\n\tat org.junit.platform.engine.support.hierarchical.NodeTestTask.lambda$executeRecursively$8(NodeTestTask.java:141)\n\tat org.junit.platform.engine.support.hierarchical.Node.around(Node.java:137)\n\tat org.junit.platform.engine.support.hierarchical.NodeTestTask.lambda$executeRecursively$9(NodeTestTask.java:139)\n\tat org.junit.platform.engine.support.hierarchical.ThrowableCollector.execute(ThrowableCollector.java:73)\n\tat org.junit.platform.engine.support.hierarchical.NodeTestTask.executeRecursively(NodeTestTask.java:138)\n\tat org.junit.platform.engine.support.hierarchical.NodeTestTask.execute(NodeTestTask.java:95)\n\tat java.base/java.util.ArrayList.forEach(ArrayList.java:1541)\n\tat org.junit.platform.engine.support.hierarchical.SameThreadHierarchicalTestExecutorService.invokeAll(SameThreadHierarchicalTestExecutorService.java:41)\n\tat org.junit.platform.engine.support.hierarchical.NodeTestTask.lambda$executeRecursively$6(NodeTestTask.java:155)\n\tat org.junit.platform.engine.support.hierarchical.ThrowableCollector.execute(ThrowableCollector.java:73)\n\tat org.junit.platform.engine.support.hierarchical.NodeTestTask.lambda$executeRecursively$8(NodeTestTask.java:141)\n\tat org.junit.platform.engine.support.hierarchical.Node.around(Node.java:137)\n\tat org.junit.platform.engine.support.hierarchical.NodeTestTask.lambda$executeRecursively$9(NodeTestTask.java:139)\n\tat org.junit.platform.engine.support.hierarchical.ThrowableCollector.execute(ThrowableCollector.java:73)\n\tat org.junit.platform.engine.support.hierarchical.NodeTestTask.executeRecursively(NodeTestTask.java:138)\n\tat org.junit.platform.engine.support.hierarchical.NodeTestTask.execute(NodeTestTask.java:95)\n\tat org.junit.platform.engine.support.hierarchical.SameThreadHierarchicalTestExecutorService.submit(SameThreadHierarchicalTestExecutorService.java:35)\n\tat org.junit.platform.engine.support.hierarchical.HierarchicalTestExecutor.execute(HierarchicalTestExecutor.java:57)\n\tat org.junit.platform.engine.support.hierarchical.HierarchicalTestEngine.execute(HierarchicalTestEngine.java:54)\n\tat org.junit.platform.launcher.core.EngineExecutionOrchestrator.execute(EngineExecutionOrchestrator.java:107)\n\tat org.junit.platform.launcher.core.EngineExecutionOrchestrator.execute(EngineExecutionOrchestrator.java:88)\n\tat org.junit.platform.launcher.core.EngineExecutionOrchestrator.lambda$execute$0(EngineExecutionOrchestrator.java:54)\n\tat org.junit.platform.launcher.core.EngineExecutionOrchestrator.withInterceptedStreams(EngineExecutionOrchestrator.java:67)\n\tat org.junit.platform.launcher.core.EngineExecutionOrchestrator.execute(EngineExecutionOrchestrator.java:52)\n\tat org.junit.platform.launcher.core.DefaultLauncher.execute(DefaultLauncher.java:114)\n\tat org.junit.platform.launcher.core.DefaultLauncher.execute(DefaultLauncher.java:86)\n\tat org.junit.platform.launcher.core.DefaultLauncherSession$DelegatingLauncher.execute(DefaultLauncherSession.java:86)\n\tat org.junit.platform.launcher.core.SessionPerRequestLauncher.execute(SessionPerRequestLauncher.java:53)\n\tat org.gradle.api.internal.tasks.testing.junitplatform.JUnitPlatformTestClassProcessor$CollectAllTestClassesExecutor.processAllTestClasses(JUnitPlatformTestClassProcessor.java:99)\n\tat org.gradle.api.internal.tasks.testing.junitplatform.JUnitPlatformTestClassProcessor$CollectAllTestClassesExecutor.access$000(JUnitPlatformTestClassProcessor.java:79)\n\tat org.gradle.api.internal.tasks.testing.junitplatform.JUnitPlatformTestClassProcessor.stop(JUnitPlatformTestClassProcessor.java:75)\n\tat org.gradle.api.internal.tasks.testing.SuiteTestClassProcessor.stop(SuiteTestClassProcessor.java:61)\n\tat java.base/jdk.internal.reflect.NativeMethodAccessorImpl.invoke0(Native Method)\n\tat java.base/jdk.internal.reflect.NativeMethodAccessorImpl.invoke(NativeMethodAccessorImpl.java:62)\n\tat java.base/jdk.internal.reflect.DelegatingMethodAccessorImpl.invoke(DelegatingMethodAccessorImpl.java:43)\n\tat java.base/java.lang.reflect.Method.invoke(Method.java:566)\n\tat org.gradle.internal.dispatch.ReflectionDispatch.dispatch(ReflectionDispatch.java:36)\n\tat org.gradle.internal.dispatch.ReflectionDispatch.dispatch(ReflectionDispatch.java:24)\n\tat org.gradle.internal.dispatch.ContextClassLoaderDispatch.dispatch(ContextClassLoaderDispatch.java:33)\n\tat org.gradle.internal.dispatch.ProxyDispatchAdapter$DispatchingInvocationHandler.invoke(ProxyDispatchAdapter.java:94)\n\tat com.sun.proxy.$Proxy2.stop(Unknown Source)\n\tat org.gradle.api.internal.tasks.testing.worker.TestWorker.stop(TestWorker.java:135)\n\tat java.base/jdk.internal.reflect.NativeMethodAccessorImpl.invoke0(Native Method)\n\tat java.base/jdk.internal.reflect.NativeMethodAccessorImpl.invoke(NativeMethodAccessorImpl.java:62)\n\tat java.base/jdk.internal.reflect.DelegatingMethodAccessorImpl.invoke(DelegatingMethodAccessorImpl.java:43)\n\tat java.base/java.lang.reflect.Method.invoke(Method.java:566)\n\tat org.gradle.internal.dispatch.ReflectionDispatch.dispatch(ReflectionDispatch.java:36)\n\tat org.gradle.internal.dispatch.ReflectionDispatch.dispatch(ReflectionDispatch.java:24)\n\tat org.gradle.internal.remote.internal.hub.MessageHubBackedObjectConnection$DispatchWrapper.dispatch(MessageHubBackedObjectConnection.java:182)\n\tat org.gradle.internal.remote.internal.hub.MessageHubBackedObjectConnection$DispatchWrapper.dispatch(MessageHubBackedObjectConnection.java:164)\n\tat org.gradle.internal.remote.internal.hub.MessageHub$Handler.run(MessageHub.java:414)\n\tat org.gradle.internal.concurrent.ExecutorPolicy$CatchAndRecordFailures.onExecute(ExecutorPolicy.java:64)\n\tat org.gradle.internal.concurrent.ManagedExecutorImpl$1.run(ManagedExecutorImpl.java:48)\n\tat java.base/java.util.concurrent.ThreadPoolExecutor.runWorker(ThreadPoolExecutor.java:1128)\n\tat java.base/java.util.concurrent.ThreadPoolExecutor$Worker.run(ThreadPoolExecutor.java:628)\n\tat org.gradle.internal.concurrent.ThreadFactoryImpl$ManagedThreadRunnable.run(ThreadFactoryImpl.java:56)\n\tat java.base/java.lang.Thread.run(Thread.java:829)\nCaused by: org.openqa.selenium.ElementClickInterceptedException: element click intercepted: Element <ion-button _ngcontent-kya-c280=\"\" slot=\"end\" aria-disabled=\"true\" class=\"md button button-small button-solid button-disabled ion-activatable ion-focusable hydrated\" disabled=\"\">...</ion-button> is not clickable at point (1200, 355). Other element would receive the click: <ion-item _ngcontent-kya-c280=\"\" lines=\"none\" class=\"item md item-lines-none in-list ion-focusable hydrated item-multiple-inputs\">...</ion-item>\n  (Session info: headless chrome=98.0.4758.102)\nBuild info: version: '3.141.59', revision: 'e82be7d358', time: '2018-11-14T08:17:03'\nSystem info: host: 'fv-az206-464', ip: '10.1.1.27', os.name: 'Linux', os.arch: 'amd64', os.version: '5.11.0-1028-azure', java.version: '11.0.11'\nDriver info: org.openqa.selenium.chrome.ChromeDriver\nCapabilities {acceptInsecureCerts: true, browserName: chrome, browserVersion: 98.0.4758.102, chrome: {chromedriverVersion: 98.0.4758.102 (273bf7ac8c90..., userDataDir: /tmp/.com.google.Chrome.zX0Kch}, goog:chromeOptions: {debuggerAddress: localhost:35211}, javascriptEnabled: true, networkConnectionEnabled: false, pageLoadStrategy: normal, platform: LINUX, platformName: LINUX, proxy: Proxy(), setWindowRect: true, strictFileInteractability: false, timeouts: {implicit: 0, pageLoad: 300000, script: 30000}, unhandledPromptBehavior: dismiss and notify, webauthn:extension:credBlob: true, webauthn:extension:largeBlob: true, webauthn:virtualAuthenticators: true}\nSession ID: f3e1ea7a1845e26848e341a06e27e66b\n\tat jdk.internal.reflect.GeneratedConstructorAccessor107.newInstance(Unknown Source)\n\tat java.base/jdk.internal.reflect.DelegatingConstructorAccessorImpl.newInstance(DelegatingConstructorAccessorImpl.java:45)\n\tat java.base/java.lang.reflect.Constructor.newInstance(Constructor.java:490)\n\tat org.openqa.selenium.remote.http.W3CHttpResponseCodec.createException(W3CHttpResponseCodec.java:187)\n\tat org.openqa.selenium.remote.http.W3CHttpResponseCodec.decode(W3CHttpResponseCodec.java:122)\n\tat org.openqa.selenium.remote.http.W3CHttpResponseCodec.decode(W3CHttpResponseCodec.java:49)\n\tat org.openqa.selenium.remote.HttpCommandExecutor.execute(HttpCommandExecutor.java:158)\n\tat org.openqa.selenium.remote.service.DriverCommandExecutor.execute(DriverCommandExecutor.java:83)\n\tat org.openqa.selenium.remote.RemoteWebDriver.execute(RemoteWebDriver.java:552)\n\tat org.openqa.selenium.remote.RemoteWebElement.execute(RemoteWebElement.java:285)\n\tat org.openqa.selenium.remote.RemoteWebElement.click(RemoteWebElement.java:84)\n\tat com.codeborne.selenide.commands.Click.click(Click.java:46)\n\tat com.codeborne.selenide.commands.Click.execute(Click.java:27)\n\tat com.codeborne.selenide.commands.Click.execute(Click.java:16)\n\tat com.codeborne.selenide.commands.Commands.execute(Commands.java:157)\n\tat com.codeborne.selenide.impl.SelenideElementProxy.dispatchAndRetry(SelenideElementProxy.java:134)\n\t... 96 more\n",
      "steps" : [ {
        "name" : "$(\"ion-card\") exists()",
        "time" : {
          "start" : 1646383782436,
          "stop" : 1646383782444,
          "duration" : 8
        },
        "status" : "passed",
        "steps" : [ ],
        "attachments" : [ ],
        "parameters" : [ ],
        "stepsCount" : 0,
        "attachmentsCount" : 0,
        "shouldDisplayMessage" : false,
        "hasContent" : false
      }, {
        "name" : "$(\"ion-card[1]\") exists()",
        "time" : {
          "start" : 1646383782444,
          "stop" : 1646383782454,
          "duration" : 10
        },
        "status" : "passed",
        "steps" : [ ],
        "attachments" : [ ],
        "parameters" : [ ],
        "stepsCount" : 0,
        "attachmentsCount" : 0,
        "shouldDisplayMessage" : false,
        "hasContent" : false
      }, {
        "name" : "$(\"app-received-order-list-item ion-card ion-button[color='danger']\") exists()",
        "time" : {
          "start" : 1646383782454,
          "stop" : 1646383782465,
          "duration" : 11
        },
        "status" : "passed",
        "steps" : [ ],
        "attachments" : [ ],
        "parameters" : [ ],
        "stepsCount" : 0,
        "attachmentsCount" : 0,
        "shouldDisplayMessage" : false,
        "hasContent" : false
      }, {
        "name" : "$(\"app-received-order-list-item ion-card ion-button[1]\") click()",
        "time" : {
          "start" : 1646383782465,
          "stop" : 1646383792810,
          "duration" : 10345
        },
        "status" : "failed",
        "statusMessage" : "Invalid element state: element click intercepted: Element <ion-button _ngcontent-kya-c280=\"\" slot=\"end\" aria-disabled=\"true\" class=\"md button button-small button-solid button-disabled ion-activatable ion-focusable hydrated\" disabled=\"\">...</ion-button> is not clickable at point (1200, 355). Other element would receive the click: <ion-item _ngcontent-kya-c280=\"\" lines=\"none\" class=\"item md item-lines-none in-list ion-focusable hydrated item-multiple-inputs\">...</ion-item>\nScreenshot: file:/home/runner/work/d8base-func-test/d8base-func-test/build/reports/tests/1646383792471.11.png\nPage source: file:/home/runner/work/d8base-func-test/d8base-func-test/build/reports/tests/1646383792471.11.html\nTimeout: 10 s.\nCaused by: ElementClickInterceptedException: element click intercepted: Element <ion-button _ngcontent-kya-c280=\"\" slot=\"end\" aria-disabled=\"true\" class=\"md button button-small button-solid button-disabled ion-activatable ion-focusable hydrated\" disabled=\"\">...</ion-button> is not clickable at point (1200, 355). Other element would receive the click: <ion-item _ngcontent-kya-c280=\"\" lines=\"none\" class=\"item md item-lines-none in-list ion-focusable hydrated item-multiple-inputs\">...</ion-item>",
        "statusTrace" : "Invalid element state: element click intercepted: Element <ion-button _ngcontent-kya-c280=\"\" slot=\"end\" aria-disabled=\"true\" class=\"md button button-small button-solid button-disabled ion-activatable ion-focusable hydrated\" disabled=\"\">...</ion-button> is not clickable at point (1200, 355). Other element would receive the click: <ion-item _ngcontent-kya-c280=\"\" lines=\"none\" class=\"item md item-lines-none in-list ion-focusable hydrated item-multiple-inputs\">...</ion-item>\nScreenshot: file:/home/runner/work/d8base-func-test/d8base-func-test/build/reports/tests/1646383792471.11.png\nPage source: file:/home/runner/work/d8base-func-test/d8base-func-test/build/reports/tests/1646383792471.11.html\nTimeout: 10 s.\nCaused by: ElementClickInterceptedException: element click intercepted: Element <ion-button _ngcontent-kya-c280=\"\" slot=\"end\" aria-disabled=\"true\" class=\"md button button-small button-solid button-disabled ion-activatable ion-focusable hydrated\" disabled=\"\">...</ion-button> is not clickable at point (1200, 355). Other element would receive the click: <ion-item _ngcontent-kya-c280=\"\" lines=\"none\" class=\"item md item-lines-none in-list ion-focusable hydrated item-multiple-inputs\">...</ion-item>\n\tat com.codeborne.selenide.impl.ExceptionWrapper.wrap(ExceptionWrapper.java:26)\n\tat com.codeborne.selenide.impl.SelenideElementProxy.dispatchAndRetry(SelenideElementProxy.java:156)\n\tat com.codeborne.selenide.impl.SelenideElementProxy.invoke(SelenideElementProxy.java:86)\n\tat com.sun.proxy.$Proxy45.click(Unknown Source)\n\tat pages.Orders.completeOrder(Orders.java:230)\n\tat tests.smokeTests.PositiveTests.t00303(PositiveTests.java:548)\n\tat java.base/jdk.internal.reflect.NativeMethodAccessorImpl.invoke0(Native Method)\n\tat java.base/jdk.internal.reflect.NativeMethodAccessorImpl.invoke(NativeMethodAccessorImpl.java:62)\n\tat java.base/jdk.internal.reflect.DelegatingMethodAccessorImpl.invoke(DelegatingMethodAccessorImpl.java:43)\n\tat java.base/java.lang.reflect.Method.invoke(Method.java:566)\n\tat org.junit.platform.commons.util.ReflectionUtils.invokeMethod(ReflectionUtils.java:725)\n\tat org.junit.jupiter.engine.execution.MethodInvocation.proceed(MethodInvocation.java:60)\n\tat org.junit.jupiter.engine.execution.InvocationInterceptorChain$ValidatingInvocation.proceed(InvocationInterceptorChain.java:131)\n\tat org.junit.jupiter.engine.extension.TimeoutExtension.intercept(TimeoutExtension.java:149)\n\tat org.junit.jupiter.engine.extension.TimeoutExtension.interceptTestableMethod(TimeoutExtension.java:140)\n\tat org.junit.jupiter.engine.extension.TimeoutExtension.interceptTestMethod(TimeoutExtension.java:84)\n\tat org.junit.jupiter.engine.execution.ExecutableInvoker$ReflectiveInterceptorCall.lambda$ofVoidMethod$0(ExecutableInvoker.java:115)\n\tat org.junit.jupiter.engine.execution.ExecutableInvoker.lambda$invoke$0(ExecutableInvoker.java:105)\n\tat org.junit.jupiter.engine.execution.InvocationInterceptorChain$InterceptedInvocation.proceed(InvocationInterceptorChain.java:106)\n\tat org.junit.jupiter.engine.execution.InvocationInterceptorChain.proceed(InvocationInterceptorChain.java:64)\n\tat org.junit.jupiter.engine.execution.InvocationInterceptorChain.chainAndInvoke(InvocationInterceptorChain.java:45)\n\tat org.junit.jupiter.engine.execution.InvocationInterceptorChain.invoke(InvocationInterceptorChain.java:37)\n\tat org.junit.jupiter.engine.execution.ExecutableInvoker.invoke(ExecutableInvoker.java:104)\n\tat org.junit.jupiter.engine.execution.ExecutableInvoker.invoke(ExecutableInvoker.java:98)\n\tat org.junit.jupiter.engine.descriptor.TestMethodTestDescriptor.lambda$invokeTestMethod$7(TestMethodTestDescriptor.java:214)\n\tat org.junit.platform.engine.support.hierarchical.ThrowableCollector.execute(ThrowableCollector.java:73)\n\tat org.junit.jupiter.engine.descriptor.TestMethodTestDescriptor.invokeTestMethod(TestMethodTestDescriptor.java:210)\n\tat org.junit.jupiter.engine.descriptor.TestMethodTestDescriptor.execute(TestMethodTestDescriptor.java:135)\n\tat org.junit.jupiter.engine.descriptor.TestMethodTestDescriptor.execute(TestMethodTestDescriptor.java:66)\n\tat org.junit.platform.engine.support.hierarchical.NodeTestTask.lambda$executeRecursively$6(NodeTestTask.java:151)\n\tat org.junit.platform.engine.support.hierarchical.ThrowableCollector.execute(ThrowableCollector.java:73)\n\tat org.junit.platform.engine.support.hierarchical.NodeTestTask.lambda$executeRecursively$8(NodeTestTask.java:141)\n\tat org.junit.platform.engine.support.hierarchical.Node.around(Node.java:137)\n\tat org.junit.platform.engine.support.hierarchical.NodeTestTask.lambda$executeRecursively$9(NodeTestTask.java:139)\n\tat org.junit.platform.engine.support.hierarchical.ThrowableCollector.execute(ThrowableCollector.java:73)\n\tat org.junit.platform.engine.support.hierarchical.NodeTestTask.executeRecursively(NodeTestTask.java:138)\n\tat org.junit.platform.engine.support.hierarchical.NodeTestTask.execute(NodeTestTask.java:95)\n\tat java.base/java.util.ArrayList.forEach(ArrayList.java:1541)\n\tat org.junit.platform.engine.support.hierarchical.SameThreadHierarchicalTestExecutorService.invokeAll(SameThreadHierarchicalTestExecutorService.java:41)\n\tat org.junit.platform.engine.support.hierarchical.NodeTestTask.lambda$executeRecursively$6(NodeTestTask.java:155)\n\tat org.junit.platform.engine.support.hierarchical.ThrowableCollector.execute(ThrowableCollector.java:73)\n\tat org.junit.platform.engine.support.hierarchical.NodeTestTask.lambda$executeRecursively$8(NodeTestTask.java:141)\n\tat org.junit.platform.engine.support.hierarchical.Node.around(Node.java:137)\n\tat org.junit.platform.engine.support.hierarchical.NodeTestTask.lambda$executeRecursively$9(NodeTestTask.java:139)\n\tat org.junit.platform.engine.support.hierarchical.ThrowableCollector.execute(ThrowableCollector.java:73)\n\tat org.junit.platform.engine.support.hierarchical.NodeTestTask.executeRecursively(NodeTestTask.java:138)\n\tat org.junit.platform.engine.support.hierarchical.NodeTestTask.execute(NodeTestTask.java:95)\n\tat java.base/java.util.ArrayList.forEach(ArrayList.java:1541)\n\tat org.junit.platform.engine.support.hierarchical.SameThreadHierarchicalTestExecutorService.invokeAll(SameThreadHierarchicalTestExecutorService.java:41)\n\tat org.junit.platform.engine.support.hierarchical.NodeTestTask.lambda$executeRecursively$6(NodeTestTask.java:155)\n\tat org.junit.platform.engine.support.hierarchical.ThrowableCollector.execute(ThrowableCollector.java:73)\n\tat org.junit.platform.engine.support.hierarchical.NodeTestTask.lambda$executeRecursively$8(NodeTestTask.java:141)\n\tat org.junit.platform.engine.support.hierarchical.Node.around(Node.java:137)\n\tat org.junit.platform.engine.support.hierarchical.NodeTestTask.lambda$executeRecursively$9(NodeTestTask.java:139)\n\tat org.junit.platform.engine.support.hierarchical.ThrowableCollector.execute(ThrowableCollector.java:73)\n\tat org.junit.platform.engine.support.hierarchical.NodeTestTask.executeRecursively(NodeTestTask.java:138)\n\tat org.junit.platform.engine.support.hierarchical.NodeTestTask.execute(NodeTestTask.java:95)\n\tat org.junit.platform.engine.support.hierarchical.SameThreadHierarchicalTestExecutorService.submit(SameThreadHierarchicalTestExecutorService.java:35)\n\tat org.junit.platform.engine.support.hierarchical.HierarchicalTestExecutor.execute(HierarchicalTestExecutor.java:57)\n\tat org.junit.platform.engine.support.hierarchical.HierarchicalTestEngine.execute(HierarchicalTestEngine.java:54)\n\tat org.junit.platform.launcher.core.EngineExecutionOrchestrator.execute(EngineExecutionOrchestrator.java:107)\n\tat org.junit.platform.launcher.core.EngineExecutionOrchestrator.execute(EngineExecutionOrchestrator.java:88)\n\tat org.junit.platform.launcher.core.EngineExecutionOrchestrator.lambda$execute$0(EngineExecutionOrchestrator.java:54)\n\tat org.junit.platform.launcher.core.EngineExecutionOrchestrator.withInterceptedStreams(EngineExecutionOrchestrator.java:67)\n\tat org.junit.platform.launcher.core.EngineExecutionOrchestrator.execute(EngineExecutionOrchestrator.java:52)\n\tat org.junit.platform.launcher.core.DefaultLauncher.execute(DefaultLauncher.java:114)\n\tat org.junit.platform.launcher.core.DefaultLauncher.execute(DefaultLauncher.java:86)\n\tat org.junit.platform.launcher.core.DefaultLauncherSession$DelegatingLauncher.execute(DefaultLauncherSession.java:86)\n\tat org.junit.platform.launcher.core.SessionPerRequestLauncher.execute(SessionPerRequestLauncher.java:53)\n\tat org.gradle.api.internal.tasks.testing.junitplatform.JUnitPlatformTestClassProcessor$CollectAllTestClassesExecutor.processAllTestClasses(JUnitPlatformTestClassProcessor.java:99)\n\tat org.gradle.api.internal.tasks.testing.junitplatform.JUnitPlatformTestClassProcessor$CollectAllTestClassesExecutor.access$000(JUnitPlatformTestClassProcessor.java:79)\n\tat org.gradle.api.internal.tasks.testing.junitplatform.JUnitPlatformTestClassProcessor.stop(JUnitPlatformTestClassProcessor.java:75)\n\tat org.gradle.api.internal.tasks.testing.SuiteTestClassProcessor.stop(SuiteTestClassProcessor.java:61)\n\tat java.base/jdk.internal.reflect.NativeMethodAccessorImpl.invoke0(Native Method)\n\tat java.base/jdk.internal.reflect.NativeMethodAccessorImpl.invoke(NativeMethodAccessorImpl.java:62)\n\tat java.base/jdk.internal.reflect.DelegatingMethodAccessorImpl.invoke(DelegatingMethodAccessorImpl.java:43)\n\tat java.base/java.lang.reflect.Method.invoke(Method.java:566)\n\tat org.gradle.internal.dispatch.ReflectionDispatch.dispatch(ReflectionDispatch.java:36)\n\tat org.gradle.internal.dispatch.ReflectionDispatch.dispatch(ReflectionDispatch.java:24)\n\tat org.gradle.internal.dispatch.ContextClassLoaderDispatch.dispatch(ContextClassLoaderDispatch.java:33)\n\tat org.gradle.internal.dispatch.ProxyDispatchAdapter$DispatchingInvocationHandler.invoke(ProxyDispatchAdapter.java:94)\n\tat com.sun.proxy.$Proxy2.stop(Unknown Source)\n\tat org.gradle.api.internal.tasks.testing.worker.TestWorker.stop(TestWorker.java:135)\n\tat java.base/jdk.internal.reflect.NativeMethodAccessorImpl.invoke0(Native Method)\n\tat java.base/jdk.internal.reflect.NativeMethodAccessorImpl.invoke(NativeMethodAccessorImpl.java:62)\n\tat java.base/jdk.internal.reflect.DelegatingMethodAccessorImpl.invoke(DelegatingMethodAccessorImpl.java:43)\n\tat java.base/java.lang.reflect.Method.invoke(Method.java:566)\n\tat org.gradle.internal.dispatch.ReflectionDispatch.dispatch(ReflectionDispatch.java:36)\n\tat org.gradle.internal.dispatch.ReflectionDispatch.dispatch(ReflectionDispatch.java:24)\n\tat org.gradle.internal.remote.internal.hub.MessageHubBackedObjectConnection$DispatchWrapper.dispatch(MessageHubBackedObjectConnection.java:182)\n\tat org.gradle.internal.remote.internal.hub.MessageHubBackedObjectConnection$DispatchWrapper.dispatch(MessageHubBackedObjectConnection.java:164)\n\tat org.gradle.internal.remote.internal.hub.MessageHub$Handler.run(MessageHub.java:414)\n\tat org.gradle.internal.concurrent.ExecutorPolicy$CatchAndRecordFailures.onExecute(ExecutorPolicy.java:64)\n\tat org.gradle.internal.concurrent.ManagedExecutorImpl$1.run(ManagedExecutorImpl.java:48)\n\tat java.base/java.util.concurrent.ThreadPoolExecutor.runWorker(ThreadPoolExecutor.java:1128)\n\tat java.base/java.util.concurrent.ThreadPoolExecutor$Worker.run(ThreadPoolExecutor.java:628)\n\tat org.gradle.internal.concurrent.ThreadFactoryImpl$ManagedThreadRunnable.run(ThreadFactoryImpl.java:56)\n\tat java.base/java.lang.Thread.run(Thread.java:829)\nCaused by: org.openqa.selenium.ElementClickInterceptedException: element click intercepted: Element <ion-button _ngcontent-kya-c280=\"\" slot=\"end\" aria-disabled=\"true\" class=\"md button button-small button-solid button-disabled ion-activatable ion-focusable hydrated\" disabled=\"\">...</ion-button> is not clickable at point (1200, 355). Other element would receive the click: <ion-item _ngcontent-kya-c280=\"\" lines=\"none\" class=\"item md item-lines-none in-list ion-focusable hydrated item-multiple-inputs\">...</ion-item>\n  (Session info: headless chrome=98.0.4758.102)\nBuild info: version: '3.141.59', revision: 'e82be7d358', time: '2018-11-14T08:17:03'\nSystem info: host: 'fv-az206-464', ip: '10.1.1.27', os.name: 'Linux', os.arch: 'amd64', os.version: '5.11.0-1028-azure', java.version: '11.0.11'\nDriver info: org.openqa.selenium.chrome.ChromeDriver\nCapabilities {acceptInsecureCerts: true, browserName: chrome, browserVersion: 98.0.4758.102, chrome: {chromedriverVersion: 98.0.4758.102 (273bf7ac8c90..., userDataDir: /tmp/.com.google.Chrome.zX0Kch}, goog:chromeOptions: {debuggerAddress: localhost:35211}, javascriptEnabled: true, networkConnectionEnabled: false, pageLoadStrategy: normal, platform: LINUX, platformName: LINUX, proxy: Proxy(), setWindowRect: true, strictFileInteractability: false, timeouts: {implicit: 0, pageLoad: 300000, script: 30000}, unhandledPromptBehavior: dismiss and notify, webauthn:extension:credBlob: true, webauthn:extension:largeBlob: true, webauthn:virtualAuthenticators: true}\nSession ID: f3e1ea7a1845e26848e341a06e27e66b\n\tat jdk.internal.reflect.GeneratedConstructorAccessor107.newInstance(Unknown Source)\n\tat java.base/jdk.internal.reflect.DelegatingConstructorAccessorImpl.newInstance(DelegatingConstructorAccessorImpl.java:45)\n\tat java.base/java.lang.reflect.Constructor.newInstance(Constructor.java:490)\n\tat org.openqa.selenium.remote.http.W3CHttpResponseCodec.createException(W3CHttpResponseCodec.java:187)\n\tat org.openqa.selenium.remote.http.W3CHttpResponseCodec.decode(W3CHttpResponseCodec.java:122)\n\tat org.openqa.selenium.remote.http.W3CHttpResponseCodec.decode(W3CHttpResponseCodec.java:49)\n\tat org.openqa.selenium.remote.HttpCommandExecutor.execute(HttpCommandExecutor.java:158)\n\tat org.openqa.selenium.remote.service.DriverCommandExecutor.execute(DriverCommandExecutor.java:83)\n\tat org.openqa.selenium.remote.RemoteWebDriver.execute(RemoteWebDriver.java:552)\n\tat org.openqa.selenium.remote.RemoteWebElement.execute(RemoteWebElement.java:285)\n\tat org.openqa.selenium.remote.RemoteWebElement.click(RemoteWebElement.java:84)\n\tat com.codeborne.selenide.commands.Click.click(Click.java:46)\n\tat com.codeborne.selenide.commands.Click.execute(Click.java:27)\n\tat com.codeborne.selenide.commands.Click.execute(Click.java:16)\n\tat com.codeborne.selenide.commands.Commands.execute(Commands.java:157)\n\tat com.codeborne.selenide.impl.SelenideElementProxy.dispatchAndRetry(SelenideElementProxy.java:134)\n\t... 96 more\n",
        "steps" : [ ],
        "attachments" : [ {
          "uid" : "cb3bf89b3fdc61d3",
          "name" : "Screenshot",
          "source" : "cb3bf89b3fdc61d3.png",
          "type" : "image/png",
          "size" : 41634
        }, {
          "uid" : "803e5a487ef53271",
          "name" : "Page source",
          "source" : "803e5a487ef53271.html",
          "type" : "text/html",
          "size" : 65853
        } ],
        "parameters" : [ ],
        "stepsCount" : 0,
        "attachmentsCount" : 2,
        "shouldDisplayMessage" : true,
        "hasContent" : true
      } ],
      "attachments" : [ ],
      "parameters" : [ ],
      "stepsCount" : 4,
      "attachmentsCount" : 2,
      "shouldDisplayMessage" : false,
      "hasContent" : true
    }, {
      "name" : "$(\"webdriver\") close()",
      "time" : {
        "start" : 1646383793003,
        "stop" : 1646383793081,
        "duration" : 78
      },
      "status" : "passed",
      "steps" : [ ],
      "attachments" : [ ],
      "parameters" : [ ],
      "stepsCount" : 0,
      "attachmentsCount" : 0,
      "shouldDisplayMessage" : false,
      "hasContent" : false
    } ],
    "attachments" : [ {
      "uid" : "9f7b98ee75e6751f",
      "name" : "Request",
      "source" : "9f7b98ee75e6751f.html",
      "type" : "text/html",
      "size" : 2168
    }, {
      "uid" : "b6b68202aa6546c4",
      "name" : "HTTP/1.1 201 Created",
      "source" : "b6b68202aa6546c4.html",
      "type" : "text/html",
      "size" : 3442
    }, {
      "uid" : "7ba98c5c36431eac",
      "name" : "Request",
      "source" : "7ba98c5c36431eac.html",
      "type" : "text/html",
      "size" : 549
    }, {
      "uid" : "486bb3320e8d96ca",
      "name" : "HTTP/1.1 200 OK",
      "source" : "486bb3320e8d96ca.html",
      "type" : "text/html",
      "size" : 4027
    }, {
      "uid" : "df3ba3dc25f77c8a",
      "name" : "Request",
      "source" : "df3ba3dc25f77c8a.html",
      "type" : "text/html",
      "size" : 549
    }, {
      "uid" : "7e4d8080b270568",
      "name" : "HTTP/1.1 200 OK",
      "source" : "7e4d8080b270568.html",
      "type" : "text/html",
      "size" : 4027
    }, {
      "uid" : "45be555da609f904",
      "name" : "Request",
      "source" : "45be555da609f904.html",
      "type" : "text/html",
      "size" : 585
    }, {
      "uid" : "d9f5bbd73b72d814",
      "name" : "HTTP/1.1 200 OK",
      "source" : "d9f5bbd73b72d814.html",
      "type" : "text/html",
      "size" : 1847
    }, {
      "uid" : "696c292d498fcf99",
      "name" : "Request",
      "source" : "696c292d498fcf99.html",
      "type" : "text/html",
      "size" : 2127
    }, {
      "uid" : "f561f95bd02b783b",
      "name" : "HTTP/1.1 201 Created",
      "source" : "f561f95bd02b783b.html",
      "type" : "text/html",
      "size" : 3230
    }, {
      "uid" : "9c7a1d55e48573cc",
      "name" : "Request",
      "source" : "9c7a1d55e48573cc.html",
      "type" : "text/html",
      "size" : 2109
    }, {
      "uid" : "ccd3ac9437c90ce1",
      "name" : "HTTP/1.1 201 Created",
      "source" : "ccd3ac9437c90ce1.html",
      "type" : "text/html",
      "size" : 3292
    }, {
      "uid" : "ab9717dc24914a52",
      "name" : "Request",
      "source" : "ab9717dc24914a52.html",
      "type" : "text/html",
      "size" : 567
    }, {
      "uid" : "1ac12c808dd0fc49",
      "name" : "HTTP/1.1 200 OK",
      "source" : "1ac12c808dd0fc49.html",
      "type" : "text/html",
      "size" : 20222
    }, {
      "uid" : "89ecf6da5da43f52",
      "name" : "Request",
      "source" : "89ecf6da5da43f52.html",
      "type" : "text/html",
      "size" : 2183
    }, {
      "uid" : "8037e538b31815bc",
      "name" : "HTTP/1.1 201 Created",
      "source" : "8037e538b31815bc.html",
      "type" : "text/html",
      "size" : 3110
    }, {
      "uid" : "5fd6c81a7ca0b3ef",
      "name" : "Request",
      "source" : "5fd6c81a7ca0b3ef.html",
      "type" : "text/html",
      "size" : 2753
    }, {
      "uid" : "ad90693a8e0b37bd",
      "name" : "HTTP/1.1 201 Created",
      "source" : "ad90693a8e0b37bd.html",
      "type" : "text/html",
      "size" : 3422
    }, {
      "uid" : "c091a14264afe6a6",
      "name" : "Request",
      "source" : "c091a14264afe6a6.html",
      "type" : "text/html",
      "size" : 549
    }, {
      "uid" : "dfed753f9638cb18",
      "name" : "HTTP/1.1 200 OK",
      "source" : "dfed753f9638cb18.html",
      "type" : "text/html",
      "size" : 4027
    }, {
      "uid" : "e3653038caf7e3ab",
      "name" : "Request",
      "source" : "e3653038caf7e3ab.html",
      "type" : "text/html",
      "size" : 2375
    }, {
      "uid" : "435a8d6bd54d3e7e",
      "name" : "HTTP/1.1 201 Created",
      "source" : "435a8d6bd54d3e7e.html",
      "type" : "text/html",
      "size" : 3314
    }, {
      "uid" : "cafefa02356b38e3",
      "name" : "Request",
      "source" : "cafefa02356b38e3.html",
      "type" : "text/html",
      "size" : 4255
    }, {
      "uid" : "6d17baacaf02c02b",
      "name" : "HTTP/1.1 201 Created",
      "source" : "6d17baacaf02c02b.html",
      "type" : "text/html",
      "size" : 3895
    }, {
      "uid" : "20a388c42965a55e",
      "name" : "Request",
      "source" : "20a388c42965a55e.html",
      "type" : "text/html",
      "size" : 2187
    }, {
      "uid" : "9f8e0b6ece88cc46",
      "name" : "HTTP/1.1 201 Created",
      "source" : "9f8e0b6ece88cc46.html",
      "type" : "text/html",
      "size" : 3076
    }, {
      "uid" : "d289835c08e7e801",
      "name" : "Request",
      "source" : "d289835c08e7e801.html",
      "type" : "text/html",
      "size" : 2375
    }, {
      "uid" : "8e75086ad77c4937",
      "name" : "HTTP/1.1 201 Created",
      "source" : "8e75086ad77c4937.html",
      "type" : "text/html",
      "size" : 3217
    }, {
      "uid" : "eed3cbec601d9d33",
      "name" : "Request",
      "source" : "eed3cbec601d9d33.html",
      "type" : "text/html",
      "size" : 2124
    }, {
      "uid" : "4f12e8d4d78e69a2",
      "name" : "HTTP/1.1 201 Created",
      "source" : "4f12e8d4d78e69a2.html",
      "type" : "text/html",
      "size" : 3435
    }, {
      "uid" : "400bc10b8415551",
      "name" : "Request",
      "source" : "400bc10b8415551.html",
      "type" : "text/html",
      "size" : 549
    }, {
      "uid" : "99afe12d290ee92b",
      "name" : "HTTP/1.1 200 OK",
      "source" : "99afe12d290ee92b.html",
      "type" : "text/html",
      "size" : 4027
    }, {
      "uid" : "20233c774e3b332c",
      "name" : "Request",
      "source" : "20233c774e3b332c.html",
      "type" : "text/html",
      "size" : 549
    }, {
      "uid" : "b76ac36f78f1c58a",
      "name" : "HTTP/1.1 200 OK",
      "source" : "b76ac36f78f1c58a.html",
      "type" : "text/html",
      "size" : 4027
    }, {
      "uid" : "efcbb18deaa506ca",
      "name" : "Request",
      "source" : "efcbb18deaa506ca.html",
      "type" : "text/html",
      "size" : 585
    }, {
      "uid" : "cf3cc84e37d15ae3",
      "name" : "HTTP/1.1 200 OK",
      "source" : "cf3cc84e37d15ae3.html",
      "type" : "text/html",
      "size" : 1847
    }, {
      "uid" : "a0ae2abdf358f7f5",
      "name" : "Request",
      "source" : "a0ae2abdf358f7f5.html",
      "type" : "text/html",
      "size" : 2127
    }, {
      "uid" : "7209c926c5763ed",
      "name" : "HTTP/1.1 201 Created",
      "source" : "7209c926c5763ed.html",
      "type" : "text/html",
      "size" : 3230
    }, {
      "uid" : "1676d0be43082268",
      "name" : "Request",
      "source" : "1676d0be43082268.html",
      "type" : "text/html",
      "size" : 2543
    }, {
      "uid" : "a0ff81b93cc9cef2",
      "name" : "HTTP/1.1 201 Created",
      "source" : "a0ff81b93cc9cef2.html",
      "type" : "text/html",
      "size" : 3384
    }, {
      "uid" : "f0dd07132c9383ba",
      "name" : "Last screenshot",
      "source" : "f0dd07132c9383ba.png",
      "type" : "image/png",
      "size" : 41634
    }, {
      "uid" : "7645a0de9cc17a2a",
      "name" : "Page source",
      "source" : "7645a0de9cc17a2a.html",
      "type" : "text/plain",
      "size" : 65853
    }, {
      "uid" : "7198b854c1b94909",
      "name" : "Browser console logs",
      "source" : "7198b854c1b94909.txt",
      "type" : "text/plain",
      "size" : 283
    } ],
    "parameters" : [ ],
    "stepsCount" : 44,
    "attachmentsCount" : 47,
    "shouldDisplayMessage" : false,
    "hasContent" : true
  },
  "afterStages" : [ ],
  "labels" : [ {
    "name" : "junit.platform.uniqueid",
    "value" : "[engine:junit-jupiter]/[class:tests.smokeTests.PositiveTests]/[method:t00303()]"
  }, {
    "name" : "feature",
    "value" : "Orders"
  }, {
    "name" : "story",
    "value" : "Order check"
  }, {
    "name" : "owner",
    "value" : "Egor Khlebnikov"
  }, {
    "name" : "host",
    "value" : "fv-az206-464"
  }, {
    "name" : "thread",
    "value" : "2727@fv-az206-464.Test worker(11)"
  }, {
    "name" : "framework",
    "value" : "junit-platform"
  }, {
    "name" : "language",
    "value" : "java"
  }, {
    "name" : "package",
    "value" : "tests.smokeTests.PositiveTests"
  }, {
    "name" : "testClass",
    "value" : "tests.smokeTests.PositiveTests"
  }, {
    "name" : "testMethod",
    "value" : "t00303"
  }, {
    "name" : "suite",
    "value" : "tests.smokeTests.PositiveTests"
  }, {
    "name" : "severity",
    "value" : "blocker"
  }, {
    "name" : "resultFormat",
    "value" : "allure2"
  } ],
  "parameters" : [ ],
  "links" : [ ],
  "hidden" : false,
  "retry" : false,
  "extra" : {
    "severity" : "blocker",
    "owner" : "Egor Khlebnikov",
    "retries" : [ ],
    "categories" : [ {
      "name" : "Product defects",
      "matchedStatuses" : [ ],
      "flaky" : false
    } ],
    "history" : {
      "statistic" : {
        "failed" : 5,
        "broken" : 0,
        "skipped" : 0,
        "passed" : 21,
        "unknown" : 0,
        "total" : 26
      },
      "items" : [ {
        "uid" : "6fa3a737e2fac208",
        "reportUrl" : "https://maxi-booking.github.io/d8base-func-test/59//#testresult/6fa3a737e2fac208",
        "status" : "passed",
        "time" : {
          "start" : 1645769853912,
          "stop" : 1645769884242,
          "duration" : 30330
        }
      }, {
        "uid" : "3f72393f500d4a39",
        "reportUrl" : "https://maxi-booking.github.io/d8base-func-test/58//#testresult/3f72393f500d4a39",
        "status" : "passed",
        "time" : {
          "start" : 1645765226523,
          "stop" : 1645765257644,
          "duration" : 31121
        }
      }, {
        "uid" : "2d29e4ab3afe003d",
        "reportUrl" : "https://maxi-booking.github.io/d8base-func-test/57//#testresult/2d29e4ab3afe003d",
        "status" : "passed",
        "time" : {
          "start" : 1645685527995,
          "stop" : 1645685559825,
          "duration" : 31830
        }
      }, {
        "uid" : "7279cf234279a3df",
        "reportUrl" : "https://maxi-booking.github.io/d8base-func-test/56//#testresult/7279cf234279a3df",
        "status" : "passed",
        "time" : {
          "start" : 1643984686332,
          "stop" : 1643984699686,
          "duration" : 13354
        }
      }, {
        "uid" : "55e66c87a77e9311",
        "reportUrl" : "https://maxi-booking.github.io/d8base-func-test/55//#testresult/55e66c87a77e9311",
        "status" : "passed",
        "time" : {
          "start" : 1643980186248,
          "stop" : 1643980199970,
          "duration" : 13722
        }
      }, {
        "uid" : "7c310c05a68c46d8",
        "reportUrl" : "https://maxi-booking.github.io/d8base-func-test/54//#testresult/7c310c05a68c46d8",
        "status" : "passed",
        "time" : {
          "start" : 1643779855505,
          "stop" : 1643779869996,
          "duration" : 14491
        }
      }, {
        "uid" : "e0fd77e53fecc88e",
        "reportUrl" : "https://maxi-booking.github.io/d8base-func-test/53//#testresult/e0fd77e53fecc88e",
        "status" : "passed",
        "time" : {
          "start" : 1643774066746,
          "stop" : 1643774078672,
          "duration" : 11926
        }
      }, {
        "uid" : "57d7ec2ffd857268",
        "reportUrl" : "https://maxi-booking.github.io/d8base-func-test/52//#testresult/57d7ec2ffd857268",
        "status" : "passed",
        "time" : {
          "start" : 1643744790910,
          "stop" : 1643744803751,
          "duration" : 12841
        }
      }, {
        "uid" : "7bc52487e190dce3",
        "reportUrl" : "https://maxi-booking.github.io/d8base-func-test/51//#testresult/7bc52487e190dce3",
        "status" : "passed",
        "time" : {
          "start" : 1643740145642,
          "stop" : 1643740157574,
          "duration" : 11932
        }
      }, {
        "uid" : "c75d52982ecdcfbd",
        "reportUrl" : "https://maxi-booking.github.io/d8base-func-test/50//#testresult/c75d52982ecdcfbd",
        "status" : "passed",
        "time" : {
          "start" : 1643730829225,
          "stop" : 1643730842343,
          "duration" : 13118
        }
      }, {
        "uid" : "261b0552257ce10a",
        "reportUrl" : "https://maxi-booking.github.io/d8base-func-test/49//#testresult/261b0552257ce10a",
        "status" : "failed",
        "statusDetails" : "Element not found {app-inbox-page app-client-widget}\nExpected: text 'LeandroJamika'\nScreenshot: file:/home/runner/work/d8base-func-test/d8base-func-test/build/reports/tests/1643635189311.13.png\nPage source: file:/home/runner/work/d8base-func-test/d8base-func-test/build/reports/tests/1643635189311.13.html\nTimeout: 10 s.\nCaused by: NoSuchElementException: no such element: Unable to locate element: {\"method\":\"css selector\",\"selector\":\"app-inbox-page app-client-widget\"}",
        "time" : {
          "start" : 1643635167014,
          "stop" : 1643635189940,
          "duration" : 22926
        }
      }, {
        "uid" : "8737ed8e01fd70cd",
        "reportUrl" : "https://maxi-booking.github.io/d8base-func-test/48//#testresult/8737ed8e01fd70cd",
        "status" : "passed",
        "time" : {
          "start" : 1643429642612,
          "stop" : 1643429654862,
          "duration" : 12250
        }
      }, {
        "uid" : "27b141a111792209",
        "reportUrl" : "https://maxi-booking.github.io/d8base-func-test/47//#testresult/27b141a111792209",
        "status" : "passed",
        "time" : {
          "start" : 1643427097445,
          "stop" : 1643427110130,
          "duration" : 12685
        }
      }, {
        "uid" : "af0060f1d98e3e68",
        "reportUrl" : "https://maxi-booking.github.io/d8base-func-test/46//#testresult/af0060f1d98e3e68",
        "status" : "passed",
        "time" : {
          "start" : 1643364493112,
          "stop" : 1643364505898,
          "duration" : 12786
        }
      }, {
        "uid" : "373ed19901242023",
        "reportUrl" : "https://maxi-booking.github.io/d8base-func-test/45//#testresult/373ed19901242023",
        "status" : "passed",
        "time" : {
          "start" : 1643358568055,
          "stop" : 1643358582730,
          "duration" : 14675
        }
      }, {
        "uid" : "4513790fe0af4c49",
        "reportUrl" : "https://maxi-booking.github.io/d8base-func-test/44//#testresult/4513790fe0af4c49",
        "status" : "passed",
        "time" : {
          "start" : 1643355909200,
          "stop" : 1643355921000,
          "duration" : 11800
        }
      }, {
        "uid" : "245a097ab71ff26c",
        "reportUrl" : "https://maxi-booking.github.io/d8base-func-test/43//#testresult/245a097ab71ff26c",
        "status" : "failed",
        "statusDetails" : "Element not found {#alert-1-sub-hdr}\nExpected: visible\nScreenshot: file:/home/runner/work/d8base-func-test/d8base-func-test/build/reports/tests/1643355013753.8.png\nPage source: file:/home/runner/work/d8base-func-test/d8base-func-test/build/reports/tests/1643355013753.8.html\nTimeout: 10 s.\nCaused by: NoSuchElementException: no such element: Unable to locate element: {\"method\":\"css selector\",\"selector\":\"#alert-1-sub-hdr\"}",
        "time" : {
          "start" : 1643354999253,
          "stop" : 1643355015056,
          "duration" : 15803
        }
      }, {
        "uid" : "4144c94373b15b94",
        "reportUrl" : "https://maxi-booking.github.io/d8base-func-test/42//#testresult/4144c94373b15b94",
        "status" : "passed",
        "time" : {
          "start" : 1643337765106,
          "stop" : 1643337778376,
          "duration" : 13270
        }
      }, {
        "uid" : "c78a8e233efb99a",
        "reportUrl" : "https://maxi-booking.github.io/d8base-func-test/41//#testresult/c78a8e233efb99a",
        "status" : "passed",
        "time" : {
          "start" : 1642999759839,
          "stop" : 1642999772676,
          "duration" : 12837
        }
      }, {
        "uid" : "7d44386c2f9480cb",
        "reportUrl" : "https://maxi-booking.github.io/d8base-func-test/40//#testresult/7d44386c2f9480cb",
        "status" : "passed",
        "time" : {
          "start" : 1642087872477,
          "stop" : 1642087887392,
          "duration" : 14915
        }
      } ]
    },
    "tags" : [ ]
  },
  "source" : "3d1dc7affd0f3ad6.json",
  "parameterValues" : [ ]
}