{
  "uid" : "f9aadc4a498cb486",
  "name" : "Master completes order: client's place",
  "fullName" : "tests.smokeTests.PositiveTests.t00302",
  "historyId" : "4c1306a83a85eba92a4c956c84f11a15",
  "time" : {
    "start" : 1646383710684,
    "stop" : 1646383752335,
    "duration" : 41651
  },
  "description" : "",
  "status" : "failed",
  "statusMessage" : "Invalid element state: element click intercepted: Element <ion-button _ngcontent-kqa-c278=\"\" slot=\"end\" aria-disabled=\"true\" class=\"md button button-small button-solid button-disabled ion-activatable ion-focusable hydrated\" disabled=\"\">...</ion-button> is not clickable at point (1200, 355). Other element would receive the click: <ion-item _ngcontent-kqa-c278=\"\" lines=\"none\" class=\"item md item-lines-none in-list ion-focusable hydrated item-multiple-inputs\">...</ion-item>\nScreenshot: file:/home/runner/work/d8base-func-test/d8base-func-test/build/reports/tests/1646383751719.10.png\nPage source: file:/home/runner/work/d8base-func-test/d8base-func-test/build/reports/tests/1646383751719.10.html\nTimeout: 10 s.\nCaused by: ElementClickInterceptedException: element click intercepted: Element <ion-button _ngcontent-kqa-c278=\"\" slot=\"end\" aria-disabled=\"true\" class=\"md button button-small button-solid button-disabled ion-activatable ion-focusable hydrated\" disabled=\"\">...</ion-button> is not clickable at point (1200, 355). Other element would receive the click: <ion-item _ngcontent-kqa-c278=\"\" lines=\"none\" class=\"item md item-lines-none in-list ion-focusable hydrated item-multiple-inputs\">...</ion-item>",
  "statusTrace" : "Invalid element state: element click intercepted: Element <ion-button _ngcontent-kqa-c278=\"\" slot=\"end\" aria-disabled=\"true\" class=\"md button button-small button-solid button-disabled ion-activatable ion-focusable hydrated\" disabled=\"\">...</ion-button> is not clickable at point (1200, 355). Other element would receive the click: <ion-item _ngcontent-kqa-c278=\"\" lines=\"none\" class=\"item md item-lines-none in-list ion-focusable hydrated item-multiple-inputs\">...</ion-item>\nScreenshot: file:/home/runner/work/d8base-func-test/d8base-func-test/build/reports/tests/1646383751719.10.png\nPage source: file:/home/runner/work/d8base-func-test/d8base-func-test/build/reports/tests/1646383751719.10.html\nTimeout: 10 s.\nCaused by: ElementClickInterceptedException: element click intercepted: Element <ion-button _ngcontent-kqa-c278=\"\" slot=\"end\" aria-disabled=\"true\" class=\"md button button-small button-solid button-disabled ion-activatable ion-focusable hydrated\" disabled=\"\">...</ion-button> is not clickable at point (1200, 355). Other element would receive the click: <ion-item _ngcontent-kqa-c278=\"\" lines=\"none\" class=\"item md item-lines-none in-list ion-focusable hydrated item-multiple-inputs\">...</ion-item>\n\tat com.codeborne.selenide.impl.ExceptionWrapper.wrap(ExceptionWrapper.java:26)\n\tat com.codeborne.selenide.impl.SelenideElementProxy.dispatchAndRetry(SelenideElementProxy.java:156)\n\tat com.codeborne.selenide.impl.SelenideElementProxy.invoke(SelenideElementProxy.java:86)\n\tat com.sun.proxy.$Proxy45.click(Unknown Source)\n\tat pages.Orders.completeOrder(Orders.java:230)\n\tat tests.smokeTests.PositiveTests.t00302(PositiveTests.java:526)\n\tat java.base/jdk.internal.reflect.NativeMethodAccessorImpl.invoke0(Native Method)\n\tat java.base/jdk.internal.reflect.NativeMethodAccessorImpl.invoke(NativeMethodAccessorImpl.java:62)\n\tat java.base/jdk.internal.reflect.DelegatingMethodAccessorImpl.invoke(DelegatingMethodAccessorImpl.java:43)\n\tat java.base/java.lang.reflect.Method.invoke(Method.java:566)\n\tat org.junit.platform.commons.util.ReflectionUtils.invokeMethod(ReflectionUtils.java:725)\n\tat org.junit.jupiter.engine.execution.MethodInvocation.proceed(MethodInvocation.java:60)\n\tat org.junit.jupiter.engine.execution.InvocationInterceptorChain$ValidatingInvocation.proceed(InvocationInterceptorChain.java:131)\n\tat org.junit.jupiter.engine.extension.TimeoutExtension.intercept(TimeoutExtension.java:149)\n\tat org.junit.jupiter.engine.extension.TimeoutExtension.interceptTestableMethod(TimeoutExtension.java:140)\n\tat org.junit.jupiter.engine.extension.TimeoutExtension.interceptTestMethod(TimeoutExtension.java:84)\n\tat org.junit.jupiter.engine.execution.ExecutableInvoker$ReflectiveInterceptorCall.lambda$ofVoidMethod$0(ExecutableInvoker.java:115)\n\tat org.junit.jupiter.engine.execution.ExecutableInvoker.lambda$invoke$0(ExecutableInvoker.java:105)\n\tat org.junit.jupiter.engine.execution.InvocationInterceptorChain$InterceptedInvocation.proceed(InvocationInterceptorChain.java:106)\n\tat org.junit.jupiter.engine.execution.InvocationInterceptorChain.proceed(InvocationInterceptorChain.java:64)\n\tat org.junit.jupiter.engine.execution.InvocationInterceptorChain.chainAndInvoke(InvocationInterceptorChain.java:45)\n\tat org.junit.jupiter.engine.execution.InvocationInterceptorChain.invoke(InvocationInterceptorChain.java:37)\n\tat org.junit.jupiter.engine.execution.ExecutableInvoker.invoke(ExecutableInvoker.java:104)\n\tat org.junit.jupiter.engine.execution.ExecutableInvoker.invoke(ExecutableInvoker.java:98)\n\tat org.junit.jupiter.engine.descriptor.TestMethodTestDescriptor.lambda$invokeTestMethod$7(TestMethodTestDescriptor.java:214)\n\tat org.junit.platform.engine.support.hierarchical.ThrowableCollector.execute(ThrowableCollector.java:73)\n\tat org.junit.jupiter.engine.descriptor.TestMethodTestDescriptor.invokeTestMethod(TestMethodTestDescriptor.java:210)\n\tat org.junit.jupiter.engine.descriptor.TestMethodTestDescriptor.execute(TestMethodTestDescriptor.java:135)\n\tat org.junit.jupiter.engine.descriptor.TestMethodTestDescriptor.execute(TestMethodTestDescriptor.java:66)\n\tat org.junit.platform.engine.support.hierarchical.NodeTestTask.lambda$executeRecursively$6(NodeTestTask.java:151)\n\tat org.junit.platform.engine.support.hierarchical.ThrowableCollector.execute(ThrowableCollector.java:73)\n\tat org.junit.platform.engine.support.hierarchical.NodeTestTask.lambda$executeRecursively$8(NodeTestTask.java:141)\n\tat org.junit.platform.engine.support.hierarchical.Node.around(Node.java:137)\n\tat org.junit.platform.engine.support.hierarchical.NodeTestTask.lambda$executeRecursively$9(NodeTestTask.java:139)\n\tat org.junit.platform.engine.support.hierarchical.ThrowableCollector.execute(ThrowableCollector.java:73)\n\tat org.junit.platform.engine.support.hierarchical.NodeTestTask.executeRecursively(NodeTestTask.java:138)\n\tat org.junit.platform.engine.support.hierarchical.NodeTestTask.execute(NodeTestTask.java:95)\n\tat java.base/java.util.ArrayList.forEach(ArrayList.java:1541)\n\tat org.junit.platform.engine.support.hierarchical.SameThreadHierarchicalTestExecutorService.invokeAll(SameThreadHierarchicalTestExecutorService.java:41)\n\tat org.junit.platform.engine.support.hierarchical.NodeTestTask.lambda$executeRecursively$6(NodeTestTask.java:155)\n\tat org.junit.platform.engine.support.hierarchical.ThrowableCollector.execute(ThrowableCollector.java:73)\n\tat org.junit.platform.engine.support.hierarchical.NodeTestTask.lambda$executeRecursively$8(NodeTestTask.java:141)\n\tat org.junit.platform.engine.support.hierarchical.Node.around(Node.java:137)\n\tat org.junit.platform.engine.support.hierarchical.NodeTestTask.lambda$executeRecursively$9(NodeTestTask.java:139)\n\tat org.junit.platform.engine.support.hierarchical.ThrowableCollector.execute(ThrowableCollector.java:73)\n\tat org.junit.platform.engine.support.hierarchical.NodeTestTask.executeRecursively(NodeTestTask.java:138)\n\tat org.junit.platform.engine.support.hierarchical.NodeTestTask.execute(NodeTestTask.java:95)\n\tat java.base/java.util.ArrayList.forEach(ArrayList.java:1541)\n\tat org.junit.platform.engine.support.hierarchical.SameThreadHierarchicalTestExecutorService.invokeAll(SameThreadHierarchicalTestExecutorService.java:41)\n\tat org.junit.platform.engine.support.hierarchical.NodeTestTask.lambda$executeRecursively$6(NodeTestTask.java:155)\n\tat org.junit.platform.engine.support.hierarchical.ThrowableCollector.execute(ThrowableCollector.java:73)\n\tat org.junit.platform.engine.support.hierarchical.NodeTestTask.lambda$executeRecursively$8(NodeTestTask.java:141)\n\tat org.junit.platform.engine.support.hierarchical.Node.around(Node.java:137)\n\tat org.junit.platform.engine.support.hierarchical.NodeTestTask.lambda$executeRecursively$9(NodeTestTask.java:139)\n\tat org.junit.platform.engine.support.hierarchical.ThrowableCollector.execute(ThrowableCollector.java:73)\n\tat org.junit.platform.engine.support.hierarchical.NodeTestTask.executeRecursively(NodeTestTask.java:138)\n\tat org.junit.platform.engine.support.hierarchical.NodeTestTask.execute(NodeTestTask.java:95)\n\tat org.junit.platform.engine.support.hierarchical.SameThreadHierarchicalTestExecutorService.submit(SameThreadHierarchicalTestExecutorService.java:35)\n\tat org.junit.platform.engine.support.hierarchical.HierarchicalTestExecutor.execute(HierarchicalTestExecutor.java:57)\n\tat org.junit.platform.engine.support.hierarchical.HierarchicalTestEngine.execute(HierarchicalTestEngine.java:54)\n\tat org.junit.platform.launcher.core.EngineExecutionOrchestrator.execute(EngineExecutionOrchestrator.java:107)\n\tat org.junit.platform.launcher.core.EngineExecutionOrchestrator.execute(EngineExecutionOrchestrator.java:88)\n\tat org.junit.platform.launcher.core.EngineExecutionOrchestrator.lambda$execute$0(EngineExecutionOrchestrator.java:54)\n\tat org.junit.platform.launcher.core.EngineExecutionOrchestrator.withInterceptedStreams(EngineExecutionOrchestrator.java:67)\n\tat org.junit.platform.launcher.core.EngineExecutionOrchestrator.execute(EngineExecutionOrchestrator.java:52)\n\tat org.junit.platform.launcher.core.DefaultLauncher.execute(DefaultLauncher.java:114)\n\tat org.junit.platform.launcher.core.DefaultLauncher.execute(DefaultLauncher.java:86)\n\tat org.junit.platform.launcher.core.DefaultLauncherSession$DelegatingLauncher.execute(DefaultLauncherSession.java:86)\n\tat org.junit.platform.launcher.core.SessionPerRequestLauncher.execute(SessionPerRequestLauncher.java:53)\n\tat org.gradle.api.internal.tasks.testing.junitplatform.JUnitPlatformTestClassProcessor$CollectAllTestClassesExecutor.processAllTestClasses(JUnitPlatformTestClassProcessor.java:99)\n\tat org.gradle.api.internal.tasks.testing.junitplatform.JUnitPlatformTestClassProcessor$CollectAllTestClassesExecutor.access$000(JUnitPlatformTestClassProcessor.java:79)\n\tat org.gradle.api.internal.tasks.testing.junitplatform.JUnitPlatformTestClassProcessor.stop(JUnitPlatformTestClassProcessor.java:75)\n\tat org.gradle.api.internal.tasks.testing.SuiteTestClassProcessor.stop(SuiteTestClassProcessor.java:61)\n\tat java.base/jdk.internal.reflect.NativeMethodAccessorImpl.invoke0(Native Method)\n\tat java.base/jdk.internal.reflect.NativeMethodAccessorImpl.invoke(NativeMethodAccessorImpl.java:62)\n\tat java.base/jdk.internal.reflect.DelegatingMethodAccessorImpl.invoke(DelegatingMethodAccessorImpl.java:43)\n\tat java.base/java.lang.reflect.Method.invoke(Method.java:566)\n\tat org.gradle.internal.dispatch.ReflectionDispatch.dispatch(ReflectionDispatch.java:36)\n\tat org.gradle.internal.dispatch.ReflectionDispatch.dispatch(ReflectionDispatch.java:24)\n\tat org.gradle.internal.dispatch.ContextClassLoaderDispatch.dispatch(ContextClassLoaderDispatch.java:33)\n\tat org.gradle.internal.dispatch.ProxyDispatchAdapter$DispatchingInvocationHandler.invoke(ProxyDispatchAdapter.java:94)\n\tat com.sun.proxy.$Proxy2.stop(Unknown Source)\n\tat org.gradle.api.internal.tasks.testing.worker.TestWorker.stop(TestWorker.java:135)\n\tat java.base/jdk.internal.reflect.NativeMethodAccessorImpl.invoke0(Native Method)\n\tat java.base/jdk.internal.reflect.NativeMethodAccessorImpl.invoke(NativeMethodAccessorImpl.java:62)\n\tat java.base/jdk.internal.reflect.DelegatingMethodAccessorImpl.invoke(DelegatingMethodAccessorImpl.java:43)\n\tat java.base/java.lang.reflect.Method.invoke(Method.java:566)\n\tat org.gradle.internal.dispatch.ReflectionDispatch.dispatch(ReflectionDispatch.java:36)\n\tat org.gradle.internal.dispatch.ReflectionDispatch.dispatch(ReflectionDispatch.java:24)\n\tat org.gradle.internal.remote.internal.hub.MessageHubBackedObjectConnection$DispatchWrapper.dispatch(MessageHubBackedObjectConnection.java:182)\n\tat org.gradle.internal.remote.internal.hub.MessageHubBackedObjectConnection$DispatchWrapper.dispatch(MessageHubBackedObjectConnection.java:164)\n\tat org.gradle.internal.remote.internal.hub.MessageHub$Handler.run(MessageHub.java:414)\n\tat org.gradle.internal.concurrent.ExecutorPolicy$CatchAndRecordFailures.onExecute(ExecutorPolicy.java:64)\n\tat org.gradle.internal.concurrent.ManagedExecutorImpl$1.run(ManagedExecutorImpl.java:48)\n\tat java.base/java.util.concurrent.ThreadPoolExecutor.runWorker(ThreadPoolExecutor.java:1128)\n\tat java.base/java.util.concurrent.ThreadPoolExecutor$Worker.run(ThreadPoolExecutor.java:628)\n\tat org.gradle.internal.concurrent.ThreadFactoryImpl$ManagedThreadRunnable.run(ThreadFactoryImpl.java:56)\n\tat java.base/java.lang.Thread.run(Thread.java:829)\nCaused by: org.openqa.selenium.ElementClickInterceptedException: element click intercepted: Element <ion-button _ngcontent-kqa-c278=\"\" slot=\"end\" aria-disabled=\"true\" class=\"md button button-small button-solid button-disabled ion-activatable ion-focusable hydrated\" disabled=\"\">...</ion-button> is not clickable at point (1200, 355). Other element would receive the click: <ion-item _ngcontent-kqa-c278=\"\" lines=\"none\" class=\"item md item-lines-none in-list ion-focusable hydrated item-multiple-inputs\">...</ion-item>\n  (Session info: headless chrome=98.0.4758.102)\nBuild info: version: '3.141.59', revision: 'e82be7d358', time: '2018-11-14T08:17:03'\nSystem info: host: 'fv-az206-464', ip: '10.1.1.27', os.name: 'Linux', os.arch: 'amd64', os.version: '5.11.0-1028-azure', java.version: '11.0.11'\nDriver info: org.openqa.selenium.chrome.ChromeDriver\nCapabilities {acceptInsecureCerts: true, browserName: chrome, browserVersion: 98.0.4758.102, chrome: {chromedriverVersion: 98.0.4758.102 (273bf7ac8c90..., userDataDir: /tmp/.com.google.Chrome.UEsE1y}, goog:chromeOptions: {debuggerAddress: localhost:40143}, javascriptEnabled: true, networkConnectionEnabled: false, pageLoadStrategy: normal, platform: LINUX, platformName: LINUX, proxy: Proxy(), setWindowRect: true, strictFileInteractability: false, timeouts: {implicit: 0, pageLoad: 300000, script: 30000}, unhandledPromptBehavior: dismiss and notify, webauthn:extension:credBlob: true, webauthn:extension:largeBlob: true, webauthn:virtualAuthenticators: true}\nSession ID: bd61271eb622c8d22918a74432ed19b9\n\tat jdk.internal.reflect.GeneratedConstructorAccessor107.newInstance(Unknown Source)\n\tat java.base/jdk.internal.reflect.DelegatingConstructorAccessorImpl.newInstance(DelegatingConstructorAccessorImpl.java:45)\n\tat java.base/java.lang.reflect.Constructor.newInstance(Constructor.java:490)\n\tat org.openqa.selenium.remote.http.W3CHttpResponseCodec.createException(W3CHttpResponseCodec.java:187)\n\tat org.openqa.selenium.remote.http.W3CHttpResponseCodec.decode(W3CHttpResponseCodec.java:122)\n\tat org.openqa.selenium.remote.http.W3CHttpResponseCodec.decode(W3CHttpResponseCodec.java:49)\n\tat org.openqa.selenium.remote.HttpCommandExecutor.execute(HttpCommandExecutor.java:158)\n\tat org.openqa.selenium.remote.service.DriverCommandExecutor.execute(DriverCommandExecutor.java:83)\n\tat org.openqa.selenium.remote.RemoteWebDriver.execute(RemoteWebDriver.java:552)\n\tat org.openqa.selenium.remote.RemoteWebElement.execute(RemoteWebElement.java:285)\n\tat org.openqa.selenium.remote.RemoteWebElement.click(RemoteWebElement.java:84)\n\tat com.codeborne.selenide.commands.Click.click(Click.java:46)\n\tat com.codeborne.selenide.commands.Click.execute(Click.java:27)\n\tat com.codeborne.selenide.commands.Click.execute(Click.java:16)\n\tat com.codeborne.selenide.commands.Commands.execute(Commands.java:157)\n\tat com.codeborne.selenide.impl.SelenideElementProxy.dispatchAndRetry(SelenideElementProxy.java:134)\n\t... 96 more\n",
  "flaky" : true,
  "newFailed" : true,
  "beforeStages" : [ ],
  "testStage" : {
    "description" : "",
    "status" : "failed",
    "statusMessage" : "Invalid element state: element click intercepted: Element <ion-button _ngcontent-kqa-c278=\"\" slot=\"end\" aria-disabled=\"true\" class=\"md button button-small button-solid button-disabled ion-activatable ion-focusable hydrated\" disabled=\"\">...</ion-button> is not clickable at point (1200, 355). Other element would receive the click: <ion-item _ngcontent-kqa-c278=\"\" lines=\"none\" class=\"item md item-lines-none in-list ion-focusable hydrated item-multiple-inputs\">...</ion-item>\nScreenshot: file:/home/runner/work/d8base-func-test/d8base-func-test/build/reports/tests/1646383751719.10.png\nPage source: file:/home/runner/work/d8base-func-test/d8base-func-test/build/reports/tests/1646383751719.10.html\nTimeout: 10 s.\nCaused by: ElementClickInterceptedException: element click intercepted: Element <ion-button _ngcontent-kqa-c278=\"\" slot=\"end\" aria-disabled=\"true\" class=\"md button button-small button-solid button-disabled ion-activatable ion-focusable hydrated\" disabled=\"\">...</ion-button> is not clickable at point (1200, 355). Other element would receive the click: <ion-item _ngcontent-kqa-c278=\"\" lines=\"none\" class=\"item md item-lines-none in-list ion-focusable hydrated item-multiple-inputs\">...</ion-item>",
    "statusTrace" : "Invalid element state: element click intercepted: Element <ion-button _ngcontent-kqa-c278=\"\" slot=\"end\" aria-disabled=\"true\" class=\"md button button-small button-solid button-disabled ion-activatable ion-focusable hydrated\" disabled=\"\">...</ion-button> is not clickable at point (1200, 355). Other element would receive the click: <ion-item _ngcontent-kqa-c278=\"\" lines=\"none\" class=\"item md item-lines-none in-list ion-focusable hydrated item-multiple-inputs\">...</ion-item>\nScreenshot: file:/home/runner/work/d8base-func-test/d8base-func-test/build/reports/tests/1646383751719.10.png\nPage source: file:/home/runner/work/d8base-func-test/d8base-func-test/build/reports/tests/1646383751719.10.html\nTimeout: 10 s.\nCaused by: ElementClickInterceptedException: element click intercepted: Element <ion-button _ngcontent-kqa-c278=\"\" slot=\"end\" aria-disabled=\"true\" class=\"md button button-small button-solid button-disabled ion-activatable ion-focusable hydrated\" disabled=\"\">...</ion-button> is not clickable at point (1200, 355). Other element would receive the click: <ion-item _ngcontent-kqa-c278=\"\" lines=\"none\" class=\"item md item-lines-none in-list ion-focusable hydrated item-multiple-inputs\">...</ion-item>\n\tat com.codeborne.selenide.impl.ExceptionWrapper.wrap(ExceptionWrapper.java:26)\n\tat com.codeborne.selenide.impl.SelenideElementProxy.dispatchAndRetry(SelenideElementProxy.java:156)\n\tat com.codeborne.selenide.impl.SelenideElementProxy.invoke(SelenideElementProxy.java:86)\n\tat com.sun.proxy.$Proxy45.click(Unknown Source)\n\tat pages.Orders.completeOrder(Orders.java:230)\n\tat tests.smokeTests.PositiveTests.t00302(PositiveTests.java:526)\n\tat java.base/jdk.internal.reflect.NativeMethodAccessorImpl.invoke0(Native Method)\n\tat java.base/jdk.internal.reflect.NativeMethodAccessorImpl.invoke(NativeMethodAccessorImpl.java:62)\n\tat java.base/jdk.internal.reflect.DelegatingMethodAccessorImpl.invoke(DelegatingMethodAccessorImpl.java:43)\n\tat java.base/java.lang.reflect.Method.invoke(Method.java:566)\n\tat org.junit.platform.commons.util.ReflectionUtils.invokeMethod(ReflectionUtils.java:725)\n\tat org.junit.jupiter.engine.execution.MethodInvocation.proceed(MethodInvocation.java:60)\n\tat org.junit.jupiter.engine.execution.InvocationInterceptorChain$ValidatingInvocation.proceed(InvocationInterceptorChain.java:131)\n\tat org.junit.jupiter.engine.extension.TimeoutExtension.intercept(TimeoutExtension.java:149)\n\tat org.junit.jupiter.engine.extension.TimeoutExtension.interceptTestableMethod(TimeoutExtension.java:140)\n\tat org.junit.jupiter.engine.extension.TimeoutExtension.interceptTestMethod(TimeoutExtension.java:84)\n\tat org.junit.jupiter.engine.execution.ExecutableInvoker$ReflectiveInterceptorCall.lambda$ofVoidMethod$0(ExecutableInvoker.java:115)\n\tat org.junit.jupiter.engine.execution.ExecutableInvoker.lambda$invoke$0(ExecutableInvoker.java:105)\n\tat org.junit.jupiter.engine.execution.InvocationInterceptorChain$InterceptedInvocation.proceed(InvocationInterceptorChain.java:106)\n\tat org.junit.jupiter.engine.execution.InvocationInterceptorChain.proceed(InvocationInterceptorChain.java:64)\n\tat org.junit.jupiter.engine.execution.InvocationInterceptorChain.chainAndInvoke(InvocationInterceptorChain.java:45)\n\tat org.junit.jupiter.engine.execution.InvocationInterceptorChain.invoke(InvocationInterceptorChain.java:37)\n\tat org.junit.jupiter.engine.execution.ExecutableInvoker.invoke(ExecutableInvoker.java:104)\n\tat org.junit.jupiter.engine.execution.ExecutableInvoker.invoke(ExecutableInvoker.java:98)\n\tat org.junit.jupiter.engine.descriptor.TestMethodTestDescriptor.lambda$invokeTestMethod$7(TestMethodTestDescriptor.java:214)\n\tat org.junit.platform.engine.support.hierarchical.ThrowableCollector.execute(ThrowableCollector.java:73)\n\tat org.junit.jupiter.engine.descriptor.TestMethodTestDescriptor.invokeTestMethod(TestMethodTestDescriptor.java:210)\n\tat org.junit.jupiter.engine.descriptor.TestMethodTestDescriptor.execute(TestMethodTestDescriptor.java:135)\n\tat org.junit.jupiter.engine.descriptor.TestMethodTestDescriptor.execute(TestMethodTestDescriptor.java:66)\n\tat org.junit.platform.engine.support.hierarchical.NodeTestTask.lambda$executeRecursively$6(NodeTestTask.java:151)\n\tat org.junit.platform.engine.support.hierarchical.ThrowableCollector.execute(ThrowableCollector.java:73)\n\tat org.junit.platform.engine.support.hierarchical.NodeTestTask.lambda$executeRecursively$8(NodeTestTask.java:141)\n\tat org.junit.platform.engine.support.hierarchical.Node.around(Node.java:137)\n\tat org.junit.platform.engine.support.hierarchical.NodeTestTask.lambda$executeRecursively$9(NodeTestTask.java:139)\n\tat org.junit.platform.engine.support.hierarchical.ThrowableCollector.execute(ThrowableCollector.java:73)\n\tat org.junit.platform.engine.support.hierarchical.NodeTestTask.executeRecursively(NodeTestTask.java:138)\n\tat org.junit.platform.engine.support.hierarchical.NodeTestTask.execute(NodeTestTask.java:95)\n\tat java.base/java.util.ArrayList.forEach(ArrayList.java:1541)\n\tat org.junit.platform.engine.support.hierarchical.SameThreadHierarchicalTestExecutorService.invokeAll(SameThreadHierarchicalTestExecutorService.java:41)\n\tat org.junit.platform.engine.support.hierarchical.NodeTestTask.lambda$executeRecursively$6(NodeTestTask.java:155)\n\tat org.junit.platform.engine.support.hierarchical.ThrowableCollector.execute(ThrowableCollector.java:73)\n\tat org.junit.platform.engine.support.hierarchical.NodeTestTask.lambda$executeRecursively$8(NodeTestTask.java:141)\n\tat org.junit.platform.engine.support.hierarchical.Node.around(Node.java:137)\n\tat org.junit.platform.engine.support.hierarchical.NodeTestTask.lambda$executeRecursively$9(NodeTestTask.java:139)\n\tat org.junit.platform.engine.support.hierarchical.ThrowableCollector.execute(ThrowableCollector.java:73)\n\tat org.junit.platform.engine.support.hierarchical.NodeTestTask.executeRecursively(NodeTestTask.java:138)\n\tat org.junit.platform.engine.support.hierarchical.NodeTestTask.execute(NodeTestTask.java:95)\n\tat java.base/java.util.ArrayList.forEach(ArrayList.java:1541)\n\tat org.junit.platform.engine.support.hierarchical.SameThreadHierarchicalTestExecutorService.invokeAll(SameThreadHierarchicalTestExecutorService.java:41)\n\tat org.junit.platform.engine.support.hierarchical.NodeTestTask.lambda$executeRecursively$6(NodeTestTask.java:155)\n\tat org.junit.platform.engine.support.hierarchical.ThrowableCollector.execute(ThrowableCollector.java:73)\n\tat org.junit.platform.engine.support.hierarchical.NodeTestTask.lambda$executeRecursively$8(NodeTestTask.java:141)\n\tat org.junit.platform.engine.support.hierarchical.Node.around(Node.java:137)\n\tat org.junit.platform.engine.support.hierarchical.NodeTestTask.lambda$executeRecursively$9(NodeTestTask.java:139)\n\tat org.junit.platform.engine.support.hierarchical.ThrowableCollector.execute(ThrowableCollector.java:73)\n\tat org.junit.platform.engine.support.hierarchical.NodeTestTask.executeRecursively(NodeTestTask.java:138)\n\tat org.junit.platform.engine.support.hierarchical.NodeTestTask.execute(NodeTestTask.java:95)\n\tat org.junit.platform.engine.support.hierarchical.SameThreadHierarchicalTestExecutorService.submit(SameThreadHierarchicalTestExecutorService.java:35)\n\tat org.junit.platform.engine.support.hierarchical.HierarchicalTestExecutor.execute(HierarchicalTestExecutor.java:57)\n\tat org.junit.platform.engine.support.hierarchical.HierarchicalTestEngine.execute(HierarchicalTestEngine.java:54)\n\tat org.junit.platform.launcher.core.EngineExecutionOrchestrator.execute(EngineExecutionOrchestrator.java:107)\n\tat org.junit.platform.launcher.core.EngineExecutionOrchestrator.execute(EngineExecutionOrchestrator.java:88)\n\tat org.junit.platform.launcher.core.EngineExecutionOrchestrator.lambda$execute$0(EngineExecutionOrchestrator.java:54)\n\tat org.junit.platform.launcher.core.EngineExecutionOrchestrator.withInterceptedStreams(EngineExecutionOrchestrator.java:67)\n\tat org.junit.platform.launcher.core.EngineExecutionOrchestrator.execute(EngineExecutionOrchestrator.java:52)\n\tat org.junit.platform.launcher.core.DefaultLauncher.execute(DefaultLauncher.java:114)\n\tat org.junit.platform.launcher.core.DefaultLauncher.execute(DefaultLauncher.java:86)\n\tat org.junit.platform.launcher.core.DefaultLauncherSession$DelegatingLauncher.execute(DefaultLauncherSession.java:86)\n\tat org.junit.platform.launcher.core.SessionPerRequestLauncher.execute(SessionPerRequestLauncher.java:53)\n\tat org.gradle.api.internal.tasks.testing.junitplatform.JUnitPlatformTestClassProcessor$CollectAllTestClassesExecutor.processAllTestClasses(JUnitPlatformTestClassProcessor.java:99)\n\tat org.gradle.api.internal.tasks.testing.junitplatform.JUnitPlatformTestClassProcessor$CollectAllTestClassesExecutor.access$000(JUnitPlatformTestClassProcessor.java:79)\n\tat org.gradle.api.internal.tasks.testing.junitplatform.JUnitPlatformTestClassProcessor.stop(JUnitPlatformTestClassProcessor.java:75)\n\tat org.gradle.api.internal.tasks.testing.SuiteTestClassProcessor.stop(SuiteTestClassProcessor.java:61)\n\tat java.base/jdk.internal.reflect.NativeMethodAccessorImpl.invoke0(Native Method)\n\tat java.base/jdk.internal.reflect.NativeMethodAccessorImpl.invoke(NativeMethodAccessorImpl.java:62)\n\tat java.base/jdk.internal.reflect.DelegatingMethodAccessorImpl.invoke(DelegatingMethodAccessorImpl.java:43)\n\tat java.base/java.lang.reflect.Method.invoke(Method.java:566)\n\tat org.gradle.internal.dispatch.ReflectionDispatch.dispatch(ReflectionDispatch.java:36)\n\tat org.gradle.internal.dispatch.ReflectionDispatch.dispatch(ReflectionDispatch.java:24)\n\tat org.gradle.internal.dispatch.ContextClassLoaderDispatch.dispatch(ContextClassLoaderDispatch.java:33)\n\tat org.gradle.internal.dispatch.ProxyDispatchAdapter$DispatchingInvocationHandler.invoke(ProxyDispatchAdapter.java:94)\n\tat com.sun.proxy.$Proxy2.stop(Unknown Source)\n\tat org.gradle.api.internal.tasks.testing.worker.TestWorker.stop(TestWorker.java:135)\n\tat java.base/jdk.internal.reflect.NativeMethodAccessorImpl.invoke0(Native Method)\n\tat java.base/jdk.internal.reflect.NativeMethodAccessorImpl.invoke(NativeMethodAccessorImpl.java:62)\n\tat java.base/jdk.internal.reflect.DelegatingMethodAccessorImpl.invoke(DelegatingMethodAccessorImpl.java:43)\n\tat java.base/java.lang.reflect.Method.invoke(Method.java:566)\n\tat org.gradle.internal.dispatch.ReflectionDispatch.dispatch(ReflectionDispatch.java:36)\n\tat org.gradle.internal.dispatch.ReflectionDispatch.dispatch(ReflectionDispatch.java:24)\n\tat org.gradle.internal.remote.internal.hub.MessageHubBackedObjectConnection$DispatchWrapper.dispatch(MessageHubBackedObjectConnection.java:182)\n\tat org.gradle.internal.remote.internal.hub.MessageHubBackedObjectConnection$DispatchWrapper.dispatch(MessageHubBackedObjectConnection.java:164)\n\tat org.gradle.internal.remote.internal.hub.MessageHub$Handler.run(MessageHub.java:414)\n\tat org.gradle.internal.concurrent.ExecutorPolicy$CatchAndRecordFailures.onExecute(ExecutorPolicy.java:64)\n\tat org.gradle.internal.concurrent.ManagedExecutorImpl$1.run(ManagedExecutorImpl.java:48)\n\tat java.base/java.util.concurrent.ThreadPoolExecutor.runWorker(ThreadPoolExecutor.java:1128)\n\tat java.base/java.util.concurrent.ThreadPoolExecutor$Worker.run(ThreadPoolExecutor.java:628)\n\tat org.gradle.internal.concurrent.ThreadFactoryImpl$ManagedThreadRunnable.run(ThreadFactoryImpl.java:56)\n\tat java.base/java.lang.Thread.run(Thread.java:829)\nCaused by: org.openqa.selenium.ElementClickInterceptedException: element click intercepted: Element <ion-button _ngcontent-kqa-c278=\"\" slot=\"end\" aria-disabled=\"true\" class=\"md button button-small button-solid button-disabled ion-activatable ion-focusable hydrated\" disabled=\"\">...</ion-button> is not clickable at point (1200, 355). Other element would receive the click: <ion-item _ngcontent-kqa-c278=\"\" lines=\"none\" class=\"item md item-lines-none in-list ion-focusable hydrated item-multiple-inputs\">...</ion-item>\n  (Session info: headless chrome=98.0.4758.102)\nBuild info: version: '3.141.59', revision: 'e82be7d358', time: '2018-11-14T08:17:03'\nSystem info: host: 'fv-az206-464', ip: '10.1.1.27', os.name: 'Linux', os.arch: 'amd64', os.version: '5.11.0-1028-azure', java.version: '11.0.11'\nDriver info: org.openqa.selenium.chrome.ChromeDriver\nCapabilities {acceptInsecureCerts: true, browserName: chrome, browserVersion: 98.0.4758.102, chrome: {chromedriverVersion: 98.0.4758.102 (273bf7ac8c90..., userDataDir: /tmp/.com.google.Chrome.UEsE1y}, goog:chromeOptions: {debuggerAddress: localhost:40143}, javascriptEnabled: true, networkConnectionEnabled: false, pageLoadStrategy: normal, platform: LINUX, platformName: LINUX, proxy: Proxy(), setWindowRect: true, strictFileInteractability: false, timeouts: {implicit: 0, pageLoad: 300000, script: 30000}, unhandledPromptBehavior: dismiss and notify, webauthn:extension:credBlob: true, webauthn:extension:largeBlob: true, webauthn:virtualAuthenticators: true}\nSession ID: bd61271eb622c8d22918a74432ed19b9\n\tat jdk.internal.reflect.GeneratedConstructorAccessor107.newInstance(Unknown Source)\n\tat java.base/jdk.internal.reflect.DelegatingConstructorAccessorImpl.newInstance(DelegatingConstructorAccessorImpl.java:45)\n\tat java.base/java.lang.reflect.Constructor.newInstance(Constructor.java:490)\n\tat org.openqa.selenium.remote.http.W3CHttpResponseCodec.createException(W3CHttpResponseCodec.java:187)\n\tat org.openqa.selenium.remote.http.W3CHttpResponseCodec.decode(W3CHttpResponseCodec.java:122)\n\tat org.openqa.selenium.remote.http.W3CHttpResponseCodec.decode(W3CHttpResponseCodec.java:49)\n\tat org.openqa.selenium.remote.HttpCommandExecutor.execute(HttpCommandExecutor.java:158)\n\tat org.openqa.selenium.remote.service.DriverCommandExecutor.execute(DriverCommandExecutor.java:83)\n\tat org.openqa.selenium.remote.RemoteWebDriver.execute(RemoteWebDriver.java:552)\n\tat org.openqa.selenium.remote.RemoteWebElement.execute(RemoteWebElement.java:285)\n\tat org.openqa.selenium.remote.RemoteWebElement.click(RemoteWebElement.java:84)\n\tat com.codeborne.selenide.commands.Click.click(Click.java:46)\n\tat com.codeborne.selenide.commands.Click.execute(Click.java:27)\n\tat com.codeborne.selenide.commands.Click.execute(Click.java:16)\n\tat com.codeborne.selenide.commands.Commands.execute(Commands.java:157)\n\tat com.codeborne.selenide.impl.SelenideElementProxy.dispatchAndRetry(SelenideElementProxy.java:134)\n\t... 96 more\n",
    "steps" : [ {
      "name" : "Open URL: https://app.maxibooking.ru",
      "time" : {
        "start" : 1646383726845,
        "stop" : 1646383729674,
        "duration" : 2829
      },
      "status" : "passed",
      "steps" : [ {
        "name" : "$(\"open\") https://app.maxibooking.ru",
        "time" : {
          "start" : 1646383726845,
          "stop" : 1646383729674,
          "duration" : 2829
        },
        "status" : "passed",
        "steps" : [ ],
        "attachments" : [ ],
        "parameters" : [ ],
        "stepsCount" : 0,
        "attachmentsCount" : 0,
        "shouldDisplayMessage" : false,
        "hasContent" : false
      } ],
      "attachments" : [ ],
      "parameters" : [ ],
      "stepsCount" : 1,
      "attachmentsCount" : 0,
      "shouldDisplayMessage" : false,
      "hasContent" : true
    }, {
      "name" : "Pop-up skip",
      "time" : {
        "start" : 1646383729674,
        "stop" : 1646383731533,
        "duration" : 1859
      },
      "status" : "passed",
      "steps" : [ {
        "name" : "$(\"h2.alert-sub-title\") should be([visible, 10 s.])",
        "time" : {
          "start" : 1646383729874,
          "stop" : 1646383729947,
          "duration" : 73
        },
        "status" : "passed",
        "steps" : [ ],
        "attachments" : [ ],
        "parameters" : [ ],
        "stepsCount" : 0,
        "attachmentsCount" : 0,
        "shouldDisplayMessage" : false,
        "hasContent" : false
      }, {
        "name" : "$(\"ion-alert\") press escape()",
        "time" : {
          "start" : 1646383730948,
          "stop" : 1646383731025,
          "duration" : 77
        },
        "status" : "passed",
        "steps" : [ ],
        "attachments" : [ ],
        "parameters" : [ ],
        "stepsCount" : 0,
        "attachmentsCount" : 0,
        "shouldDisplayMessage" : false,
        "hasContent" : false
      }, {
        "name" : "$(\"ion-alert\") should not be([visible, 10 s.])",
        "time" : {
          "start" : 1646383731025,
          "stop" : 1646383731332,
          "duration" : 307
        },
        "status" : "passed",
        "steps" : [ ],
        "attachments" : [ ],
        "parameters" : [ ],
        "stepsCount" : 0,
        "attachmentsCount" : 0,
        "shouldDisplayMessage" : false,
        "hasContent" : false
      } ],
      "attachments" : [ ],
      "parameters" : [ ],
      "stepsCount" : 3,
      "attachmentsCount" : 0,
      "shouldDisplayMessage" : false,
      "hasContent" : true
    }, {
      "name" : "Log In with apn907pvxe@est.pp : 3s70dle9eq0l1h8",
      "time" : {
        "start" : 1646383731533,
        "stop" : 1646383736179,
        "duration" : 4646
      },
      "status" : "passed",
      "steps" : [ {
        "name" : "Change language to English",
        "time" : {
          "start" : 1646383731533,
          "stop" : 1646383732577,
          "duration" : 1044
        },
        "status" : "passed",
        "steps" : [ {
          "name" : "$(\"[menu='flag-menu'].filter(visible)[0]\") get text()",
          "time" : {
            "start" : 1646383732533,
            "stop" : 1646383732577,
            "duration" : 44
          },
          "status" : "passed",
          "steps" : [ ],
          "attachments" : [ ],
          "parameters" : [ ],
          "stepsCount" : 0,
          "attachmentsCount" : 0,
          "shouldDisplayMessage" : false,
          "hasContent" : false
        } ],
        "attachments" : [ ],
        "parameters" : [ ],
        "stepsCount" : 1,
        "attachmentsCount" : 0,
        "shouldDisplayMessage" : false,
        "hasContent" : true
      }, {
        "name" : "Click Menu > Log in",
        "time" : {
          "start" : 1646383732577,
          "stop" : 1646383733762,
          "duration" : 1185
        },
        "status" : "passed",
        "steps" : [ {
          "name" : "$(\"[menu='main-menu'].filter(visible)[0]\") click()",
          "time" : {
            "start" : 1646383732877,
            "stop" : 1646383733021,
            "duration" : 144
          },
          "status" : "passed",
          "steps" : [ ],
          "attachments" : [ ],
          "parameters" : [ ],
          "stepsCount" : 0,
          "attachmentsCount" : 0,
          "shouldDisplayMessage" : false,
          "hasContent" : false
        }, {
          "name" : "$(\"[id='main-menu.log-in']\") scroll into view(true)",
          "time" : {
            "start" : 1646383733321,
            "stop" : 1646383733353,
            "duration" : 32
          },
          "status" : "passed",
          "steps" : [ {
            "name" : "$(\"[id='main-menu.log-in']\") get wrapped element()",
            "time" : {
              "start" : 1646383733321,
              "stop" : 1646383733348,
              "duration" : 27
            },
            "status" : "passed",
            "steps" : [ ],
            "attachments" : [ ],
            "parameters" : [ ],
            "stepsCount" : 0,
            "attachmentsCount" : 0,
            "shouldDisplayMessage" : false,
            "hasContent" : false
          } ],
          "attachments" : [ ],
          "parameters" : [ ],
          "stepsCount" : 1,
          "attachmentsCount" : 0,
          "shouldDisplayMessage" : false,
          "hasContent" : true
        }, {
          "name" : "$(\"[id='main-menu.log-in']\") click()",
          "time" : {
            "start" : 1646383733353,
            "stop" : 1646383733462,
            "duration" : 109
          },
          "status" : "passed",
          "steps" : [ ],
          "attachments" : [ ],
          "parameters" : [ ],
          "stepsCount" : 0,
          "attachmentsCount" : 0,
          "shouldDisplayMessage" : false,
          "hasContent" : false
        } ],
        "attachments" : [ ],
        "parameters" : [ ],
        "stepsCount" : 4,
        "attachmentsCount" : 0,
        "shouldDisplayMessage" : false,
        "hasContent" : true
      }, {
        "name" : "$(\"app-login/input\") set value(apn907pvxe@est.pp)",
        "time" : {
          "start" : 1646383733762,
          "stop" : 1646383733902,
          "duration" : 140
        },
        "status" : "passed",
        "steps" : [ ],
        "attachments" : [ ],
        "parameters" : [ ],
        "stepsCount" : 0,
        "attachmentsCount" : 0,
        "shouldDisplayMessage" : false,
        "hasContent" : false
      }, {
        "name" : "$(\"app-login/input[1]\") set value(3s70dle9eq0l1h8)",
        "time" : {
          "start" : 1646383733902,
          "stop" : 1646383734015,
          "duration" : 113
        },
        "status" : "passed",
        "steps" : [ ],
        "attachments" : [ ],
        "parameters" : [ ],
        "stepsCount" : 0,
        "attachmentsCount" : 0,
        "shouldDisplayMessage" : false,
        "hasContent" : false
      }, {
        "name" : "$(\"app-login-form ion-button[type='submit']\") click()",
        "time" : {
          "start" : 1646383734191,
          "stop" : 1646383734283,
          "duration" : 92
        },
        "status" : "passed",
        "steps" : [ ],
        "attachments" : [ ],
        "parameters" : [ ],
        "stepsCount" : 0,
        "attachmentsCount" : 0,
        "shouldDisplayMessage" : false,
        "hasContent" : false
      }, {
        "name" : "$(\"app-login-form ion-button[type='submit']\") should not be([visible, 10 s.])",
        "time" : {
          "start" : 1646383734283,
          "stop" : 1646383736179,
          "duration" : 1896
        },
        "status" : "passed",
        "steps" : [ ],
        "attachments" : [ ],
        "parameters" : [ ],
        "stepsCount" : 0,
        "attachmentsCount" : 0,
        "shouldDisplayMessage" : false,
        "hasContent" : false
      } ],
      "attachments" : [ {
        "uid" : "928eef801efee605",
        "name" : "Screenshot",
        "source" : "928eef801efee605.png",
        "type" : "image/png",
        "size" : 30301
      } ],
      "parameters" : [ ],
      "stepsCount" : 11,
      "attachmentsCount" : 1,
      "shouldDisplayMessage" : false,
      "hasContent" : true
    }, {
      "name" : "Change language to English",
      "time" : {
        "start" : 1646383736179,
        "stop" : 1646383739918,
        "duration" : 3739
      },
      "status" : "passed",
      "steps" : [ {
        "name" : "$(\"[menu='flag-menu'].filter(visible)[0]\") get text()",
        "time" : {
          "start" : 1646383737180,
          "stop" : 1646383737242,
          "duration" : 62
        },
        "status" : "passed",
        "steps" : [ ],
        "attachments" : [ ],
        "parameters" : [ ],
        "stepsCount" : 0,
        "attachmentsCount" : 0,
        "shouldDisplayMessage" : false,
        "hasContent" : false
      }, {
        "name" : "$(\"[menu='flag-menu'].filter(visible)[0]\") click()",
        "time" : {
          "start" : 1646383737242,
          "stop" : 1646383737328,
          "duration" : 86
        },
        "status" : "passed",
        "steps" : [ ],
        "attachments" : [ ],
        "parameters" : [ ],
        "stepsCount" : 0,
        "attachmentsCount" : 0,
        "shouldDisplayMessage" : false,
        "hasContent" : false
      }, {
        "name" : "$(\"app-flag-menu ion-select\") click()",
        "time" : {
          "start" : 1646383737328,
          "stop" : 1646383737744,
          "duration" : 416
        },
        "status" : "passed",
        "steps" : [ ],
        "attachments" : [ ],
        "parameters" : [ ],
        "stepsCount" : 0,
        "attachmentsCount" : 0,
        "shouldDisplayMessage" : false,
        "hasContent" : false
      }, {
        "name" : "$(\"ion-alert button\") click()",
        "time" : {
          "start" : 1646383737744,
          "stop" : 1646383738021,
          "duration" : 277
        },
        "status" : "passed",
        "steps" : [ ],
        "attachments" : [ ],
        "parameters" : [ ],
        "stepsCount" : 0,
        "attachmentsCount" : 0,
        "shouldDisplayMessage" : false,
        "hasContent" : false
      }, {
        "name" : "$(\"div.alert-button-group button[1]\") click()",
        "time" : {
          "start" : 1646383738021,
          "stop" : 1646383738084,
          "duration" : 63
        },
        "status" : "passed",
        "steps" : [ ],
        "attachments" : [ ],
        "parameters" : [ ],
        "stepsCount" : 0,
        "attachmentsCount" : 0,
        "shouldDisplayMessage" : false,
        "hasContent" : false
      }, {
        "name" : "$(\"div.alert-radio-group\") should not be([visible, 10 s.])",
        "time" : {
          "start" : 1646383738084,
          "stop" : 1646383738405,
          "duration" : 321
        },
        "status" : "passed",
        "steps" : [ ],
        "attachments" : [ ],
        "parameters" : [ ],
        "stepsCount" : 0,
        "attachmentsCount" : 0,
        "shouldDisplayMessage" : false,
        "hasContent" : false
      }, {
        "name" : "$(\"ion-alert\") exists()",
        "time" : {
          "start" : 1646383739905,
          "stop" : 1646383739918,
          "duration" : 13
        },
        "status" : "passed",
        "steps" : [ ],
        "attachments" : [ ],
        "parameters" : [ ],
        "stepsCount" : 0,
        "attachmentsCount" : 0,
        "shouldDisplayMessage" : false,
        "hasContent" : false
      } ],
      "attachments" : [ ],
      "parameters" : [ ],
      "stepsCount" : 7,
      "attachmentsCount" : 0,
      "shouldDisplayMessage" : false,
      "hasContent" : true
    }, {
      "name" : "Top Bar: click My Orders",
      "time" : {
        "start" : 1646383739918,
        "stop" : 1646383740576,
        "duration" : 658
      },
      "status" : "passed",
      "steps" : [ {
        "name" : "$(\"ion-item.my-orders.filter(visible)[0]\") click()",
        "time" : {
          "start" : 1646383740218,
          "stop" : 1646383740376,
          "duration" : 158
        },
        "status" : "passed",
        "steps" : [ ],
        "attachments" : [ ],
        "parameters" : [ ],
        "stepsCount" : 0,
        "attachmentsCount" : 0,
        "shouldDisplayMessage" : false,
        "hasContent" : false
      } ],
      "attachments" : [ ],
      "parameters" : [ ],
      "stepsCount" : 1,
      "attachmentsCount" : 0,
      "shouldDisplayMessage" : false,
      "hasContent" : true
    }, {
      "name" : "Select current orders: Inbox",
      "time" : {
        "start" : 1646383740577,
        "stop" : 1646383740738,
        "duration" : 161
      },
      "status" : "passed",
      "steps" : [ {
        "name" : "$(\"app-inbox-page/ion-segment-button[1]\") scroll into view(true)",
        "time" : {
          "start" : 1646383740577,
          "stop" : 1646383740608,
          "duration" : 31
        },
        "status" : "passed",
        "steps" : [ {
          "name" : "$(\"app-inbox-page/ion-segment-button[1]\") get wrapped element()",
          "time" : {
            "start" : 1646383740577,
            "stop" : 1646383740602,
            "duration" : 25
          },
          "status" : "passed",
          "steps" : [ ],
          "attachments" : [ ],
          "parameters" : [ ],
          "stepsCount" : 0,
          "attachmentsCount" : 0,
          "shouldDisplayMessage" : false,
          "hasContent" : false
        } ],
        "attachments" : [ ],
        "parameters" : [ ],
        "stepsCount" : 1,
        "attachmentsCount" : 0,
        "shouldDisplayMessage" : false,
        "hasContent" : true
      }, {
        "name" : "$(\"app-inbox-page/ion-segment-button[1]\") click()",
        "time" : {
          "start" : 1646383740608,
          "stop" : 1646383740738,
          "duration" : 130
        },
        "status" : "passed",
        "steps" : [ ],
        "attachments" : [ ],
        "parameters" : [ ],
        "stepsCount" : 0,
        "attachmentsCount" : 0,
        "shouldDisplayMessage" : false,
        "hasContent" : false
      } ],
      "attachments" : [ ],
      "parameters" : [ ],
      "stepsCount" : 3,
      "attachmentsCount" : 0,
      "shouldDisplayMessage" : false,
      "hasContent" : true
    }, {
      "name" : "Simple order check inbox: order exists",
      "time" : {
        "start" : 1646383740738,
        "stop" : 1646383741676,
        "duration" : 938
      },
      "status" : "passed",
      "steps" : [ {
        "name" : "$(\"app-inbox-page app-client-widget\") should have(text 'Woodrow')",
        "time" : {
          "start" : 1646383741344,
          "stop" : 1646383741373,
          "duration" : 29
        },
        "status" : "passed",
        "steps" : [ ],
        "attachments" : [ ],
        "parameters" : [ ],
        "stepsCount" : 0,
        "attachmentsCount" : 0,
        "shouldDisplayMessage" : false,
        "hasContent" : false
      }, {
        "name" : "$(\"app-inbox app-duration-viewer\") should have(text '30')",
        "time" : {
          "start" : 1646383741373,
          "stop" : 1646383741611,
          "duration" : 238
        },
        "status" : "passed",
        "steps" : [ ],
        "attachments" : [ ],
        "parameters" : [ ],
        "stepsCount" : 0,
        "attachmentsCount" : 0,
        "shouldDisplayMessage" : false,
        "hasContent" : false
      }, {
        "name" : "$(\"app-inbox-page/app-price\") exists()",
        "time" : {
          "start" : 1646383741611,
          "stop" : 1646383741629,
          "duration" : 18
        },
        "status" : "passed",
        "steps" : [ ],
        "attachments" : [ ],
        "parameters" : [ ],
        "stepsCount" : 0,
        "attachmentsCount" : 0,
        "shouldDisplayMessage" : false,
        "hasContent" : false
      }, {
        "name" : "$(\"app-inbox-page/app-price\") get text()",
        "time" : {
          "start" : 1646383741629,
          "stop" : 1646383741658,
          "duration" : 29
        },
        "status" : "passed",
        "steps" : [ ],
        "attachments" : [ ],
        "parameters" : [ ],
        "stepsCount" : 0,
        "attachmentsCount" : 0,
        "shouldDisplayMessage" : false,
        "hasContent" : false
      }, {
        "name" : "$(\"app-inbox-page/app-price[1]\") exists()",
        "time" : {
          "start" : 1646383741658,
          "stop" : 1646383741676,
          "duration" : 18
        },
        "status" : "passed",
        "steps" : [ ],
        "attachments" : [ ],
        "parameters" : [ ],
        "stepsCount" : 0,
        "attachmentsCount" : 0,
        "shouldDisplayMessage" : false,
        "hasContent" : false
      } ],
      "attachments" : [ {
        "uid" : "1d70fa8a05b0f22d",
        "name" : "Screenshot",
        "source" : "1d70fa8a05b0f22d.png",
        "type" : "image/png",
        "size" : 21641
      } ],
      "parameters" : [ {
        "name" : "userFirstName",
        "value" : "Woodrow"
      }, {
        "name" : "servicePrice",
        "value" : "417"
      }, {
        "name" : "serviceTotalDuration",
        "value" : "30"
      } ],
      "stepsCount" : 5,
      "attachmentsCount" : 1,
      "shouldDisplayMessage" : false,
      "hasContent" : true
    }, {
      "name" : "Complete the order",
      "time" : {
        "start" : 1646383741677,
        "stop" : 1646383752079,
        "duration" : 10402
      },
      "status" : "failed",
      "statusMessage" : "Invalid element state: element click intercepted: Element <ion-button _ngcontent-kqa-c278=\"\" slot=\"end\" aria-disabled=\"true\" class=\"md button button-small button-solid button-disabled ion-activatable ion-focusable hydrated\" disabled=\"\">...</ion-button> is not clickable at point (1200, 355). Other element would receive the click: <ion-item _ngcontent-kqa-c278=\"\" lines=\"none\" class=\"item md item-lines-none in-list ion-focusable hydrated item-multiple-inputs\">...</ion-item>\nScreenshot: file:/home/runner/work/d8base-func-test/d8base-func-test/build/reports/tests/1646383751719.10.png\nPage source: file:/home/runner/work/d8base-func-test/d8base-func-test/build/reports/tests/1646383751719.10.html\nTimeout: 10 s.\nCaused by: ElementClickInterceptedException: element click intercepted: Element <ion-button _ngcontent-kqa-c278=\"\" slot=\"end\" aria-disabled=\"true\" class=\"md button button-small button-solid button-disabled ion-activatable ion-focusable hydrated\" disabled=\"\">...</ion-button> is not clickable at point (1200, 355). Other element would receive the click: <ion-item _ngcontent-kqa-c278=\"\" lines=\"none\" class=\"item md item-lines-none in-list ion-focusable hydrated item-multiple-inputs\">...</ion-item>",
      "statusTrace" : "Invalid element state: element click intercepted: Element <ion-button _ngcontent-kqa-c278=\"\" slot=\"end\" aria-disabled=\"true\" class=\"md button button-small button-solid button-disabled ion-activatable ion-focusable hydrated\" disabled=\"\">...</ion-button> is not clickable at point (1200, 355). Other element would receive the click: <ion-item _ngcontent-kqa-c278=\"\" lines=\"none\" class=\"item md item-lines-none in-list ion-focusable hydrated item-multiple-inputs\">...</ion-item>\nScreenshot: file:/home/runner/work/d8base-func-test/d8base-func-test/build/reports/tests/1646383751719.10.png\nPage source: file:/home/runner/work/d8base-func-test/d8base-func-test/build/reports/tests/1646383751719.10.html\nTimeout: 10 s.\nCaused by: ElementClickInterceptedException: element click intercepted: Element <ion-button _ngcontent-kqa-c278=\"\" slot=\"end\" aria-disabled=\"true\" class=\"md button button-small button-solid button-disabled ion-activatable ion-focusable hydrated\" disabled=\"\">...</ion-button> is not clickable at point (1200, 355). Other element would receive the click: <ion-item _ngcontent-kqa-c278=\"\" lines=\"none\" class=\"item md item-lines-none in-list ion-focusable hydrated item-multiple-inputs\">...</ion-item>\n\tat com.codeborne.selenide.impl.ExceptionWrapper.wrap(ExceptionWrapper.java:26)\n\tat com.codeborne.selenide.impl.SelenideElementProxy.dispatchAndRetry(SelenideElementProxy.java:156)\n\tat com.codeborne.selenide.impl.SelenideElementProxy.invoke(SelenideElementProxy.java:86)\n\tat com.sun.proxy.$Proxy45.click(Unknown Source)\n\tat pages.Orders.completeOrder(Orders.java:230)\n\tat tests.smokeTests.PositiveTests.t00302(PositiveTests.java:526)\n\tat java.base/jdk.internal.reflect.NativeMethodAccessorImpl.invoke0(Native Method)\n\tat java.base/jdk.internal.reflect.NativeMethodAccessorImpl.invoke(NativeMethodAccessorImpl.java:62)\n\tat java.base/jdk.internal.reflect.DelegatingMethodAccessorImpl.invoke(DelegatingMethodAccessorImpl.java:43)\n\tat java.base/java.lang.reflect.Method.invoke(Method.java:566)\n\tat org.junit.platform.commons.util.ReflectionUtils.invokeMethod(ReflectionUtils.java:725)\n\tat org.junit.jupiter.engine.execution.MethodInvocation.proceed(MethodInvocation.java:60)\n\tat org.junit.jupiter.engine.execution.InvocationInterceptorChain$ValidatingInvocation.proceed(InvocationInterceptorChain.java:131)\n\tat org.junit.jupiter.engine.extension.TimeoutExtension.intercept(TimeoutExtension.java:149)\n\tat org.junit.jupiter.engine.extension.TimeoutExtension.interceptTestableMethod(TimeoutExtension.java:140)\n\tat org.junit.jupiter.engine.extension.TimeoutExtension.interceptTestMethod(TimeoutExtension.java:84)\n\tat org.junit.jupiter.engine.execution.ExecutableInvoker$ReflectiveInterceptorCall.lambda$ofVoidMethod$0(ExecutableInvoker.java:115)\n\tat org.junit.jupiter.engine.execution.ExecutableInvoker.lambda$invoke$0(ExecutableInvoker.java:105)\n\tat org.junit.jupiter.engine.execution.InvocationInterceptorChain$InterceptedInvocation.proceed(InvocationInterceptorChain.java:106)\n\tat org.junit.jupiter.engine.execution.InvocationInterceptorChain.proceed(InvocationInterceptorChain.java:64)\n\tat org.junit.jupiter.engine.execution.InvocationInterceptorChain.chainAndInvoke(InvocationInterceptorChain.java:45)\n\tat org.junit.jupiter.engine.execution.InvocationInterceptorChain.invoke(InvocationInterceptorChain.java:37)\n\tat org.junit.jupiter.engine.execution.ExecutableInvoker.invoke(ExecutableInvoker.java:104)\n\tat org.junit.jupiter.engine.execution.ExecutableInvoker.invoke(ExecutableInvoker.java:98)\n\tat org.junit.jupiter.engine.descriptor.TestMethodTestDescriptor.lambda$invokeTestMethod$7(TestMethodTestDescriptor.java:214)\n\tat org.junit.platform.engine.support.hierarchical.ThrowableCollector.execute(ThrowableCollector.java:73)\n\tat org.junit.jupiter.engine.descriptor.TestMethodTestDescriptor.invokeTestMethod(TestMethodTestDescriptor.java:210)\n\tat org.junit.jupiter.engine.descriptor.TestMethodTestDescriptor.execute(TestMethodTestDescriptor.java:135)\n\tat org.junit.jupiter.engine.descriptor.TestMethodTestDescriptor.execute(TestMethodTestDescriptor.java:66)\n\tat org.junit.platform.engine.support.hierarchical.NodeTestTask.lambda$executeRecursively$6(NodeTestTask.java:151)\n\tat org.junit.platform.engine.support.hierarchical.ThrowableCollector.execute(ThrowableCollector.java:73)\n\tat org.junit.platform.engine.support.hierarchical.NodeTestTask.lambda$executeRecursively$8(NodeTestTask.java:141)\n\tat org.junit.platform.engine.support.hierarchical.Node.around(Node.java:137)\n\tat org.junit.platform.engine.support.hierarchical.NodeTestTask.lambda$executeRecursively$9(NodeTestTask.java:139)\n\tat org.junit.platform.engine.support.hierarchical.ThrowableCollector.execute(ThrowableCollector.java:73)\n\tat org.junit.platform.engine.support.hierarchical.NodeTestTask.executeRecursively(NodeTestTask.java:138)\n\tat org.junit.platform.engine.support.hierarchical.NodeTestTask.execute(NodeTestTask.java:95)\n\tat java.base/java.util.ArrayList.forEach(ArrayList.java:1541)\n\tat org.junit.platform.engine.support.hierarchical.SameThreadHierarchicalTestExecutorService.invokeAll(SameThreadHierarchicalTestExecutorService.java:41)\n\tat org.junit.platform.engine.support.hierarchical.NodeTestTask.lambda$executeRecursively$6(NodeTestTask.java:155)\n\tat org.junit.platform.engine.support.hierarchical.ThrowableCollector.execute(ThrowableCollector.java:73)\n\tat org.junit.platform.engine.support.hierarchical.NodeTestTask.lambda$executeRecursively$8(NodeTestTask.java:141)\n\tat org.junit.platform.engine.support.hierarchical.Node.around(Node.java:137)\n\tat org.junit.platform.engine.support.hierarchical.NodeTestTask.lambda$executeRecursively$9(NodeTestTask.java:139)\n\tat org.junit.platform.engine.support.hierarchical.ThrowableCollector.execute(ThrowableCollector.java:73)\n\tat org.junit.platform.engine.support.hierarchical.NodeTestTask.executeRecursively(NodeTestTask.java:138)\n\tat org.junit.platform.engine.support.hierarchical.NodeTestTask.execute(NodeTestTask.java:95)\n\tat java.base/java.util.ArrayList.forEach(ArrayList.java:1541)\n\tat org.junit.platform.engine.support.hierarchical.SameThreadHierarchicalTestExecutorService.invokeAll(SameThreadHierarchicalTestExecutorService.java:41)\n\tat org.junit.platform.engine.support.hierarchical.NodeTestTask.lambda$executeRecursively$6(NodeTestTask.java:155)\n\tat org.junit.platform.engine.support.hierarchical.ThrowableCollector.execute(ThrowableCollector.java:73)\n\tat org.junit.platform.engine.support.hierarchical.NodeTestTask.lambda$executeRecursively$8(NodeTestTask.java:141)\n\tat org.junit.platform.engine.support.hierarchical.Node.around(Node.java:137)\n\tat org.junit.platform.engine.support.hierarchical.NodeTestTask.lambda$executeRecursively$9(NodeTestTask.java:139)\n\tat org.junit.platform.engine.support.hierarchical.ThrowableCollector.execute(ThrowableCollector.java:73)\n\tat org.junit.platform.engine.support.hierarchical.NodeTestTask.executeRecursively(NodeTestTask.java:138)\n\tat org.junit.platform.engine.support.hierarchical.NodeTestTask.execute(NodeTestTask.java:95)\n\tat org.junit.platform.engine.support.hierarchical.SameThreadHierarchicalTestExecutorService.submit(SameThreadHierarchicalTestExecutorService.java:35)\n\tat org.junit.platform.engine.support.hierarchical.HierarchicalTestExecutor.execute(HierarchicalTestExecutor.java:57)\n\tat org.junit.platform.engine.support.hierarchical.HierarchicalTestEngine.execute(HierarchicalTestEngine.java:54)\n\tat org.junit.platform.launcher.core.EngineExecutionOrchestrator.execute(EngineExecutionOrchestrator.java:107)\n\tat org.junit.platform.launcher.core.EngineExecutionOrchestrator.execute(EngineExecutionOrchestrator.java:88)\n\tat org.junit.platform.launcher.core.EngineExecutionOrchestrator.lambda$execute$0(EngineExecutionOrchestrator.java:54)\n\tat org.junit.platform.launcher.core.EngineExecutionOrchestrator.withInterceptedStreams(EngineExecutionOrchestrator.java:67)\n\tat org.junit.platform.launcher.core.EngineExecutionOrchestrator.execute(EngineExecutionOrchestrator.java:52)\n\tat org.junit.platform.launcher.core.DefaultLauncher.execute(DefaultLauncher.java:114)\n\tat org.junit.platform.launcher.core.DefaultLauncher.execute(DefaultLauncher.java:86)\n\tat org.junit.platform.launcher.core.DefaultLauncherSession$DelegatingLauncher.execute(DefaultLauncherSession.java:86)\n\tat org.junit.platform.launcher.core.SessionPerRequestLauncher.execute(SessionPerRequestLauncher.java:53)\n\tat org.gradle.api.internal.tasks.testing.junitplatform.JUnitPlatformTestClassProcessor$CollectAllTestClassesExecutor.processAllTestClasses(JUnitPlatformTestClassProcessor.java:99)\n\tat org.gradle.api.internal.tasks.testing.junitplatform.JUnitPlatformTestClassProcessor$CollectAllTestClassesExecutor.access$000(JUnitPlatformTestClassProcessor.java:79)\n\tat org.gradle.api.internal.tasks.testing.junitplatform.JUnitPlatformTestClassProcessor.stop(JUnitPlatformTestClassProcessor.java:75)\n\tat org.gradle.api.internal.tasks.testing.SuiteTestClassProcessor.stop(SuiteTestClassProcessor.java:61)\n\tat java.base/jdk.internal.reflect.NativeMethodAccessorImpl.invoke0(Native Method)\n\tat java.base/jdk.internal.reflect.NativeMethodAccessorImpl.invoke(NativeMethodAccessorImpl.java:62)\n\tat java.base/jdk.internal.reflect.DelegatingMethodAccessorImpl.invoke(DelegatingMethodAccessorImpl.java:43)\n\tat java.base/java.lang.reflect.Method.invoke(Method.java:566)\n\tat org.gradle.internal.dispatch.ReflectionDispatch.dispatch(ReflectionDispatch.java:36)\n\tat org.gradle.internal.dispatch.ReflectionDispatch.dispatch(ReflectionDispatch.java:24)\n\tat org.gradle.internal.dispatch.ContextClassLoaderDispatch.dispatch(ContextClassLoaderDispatch.java:33)\n\tat org.gradle.internal.dispatch.ProxyDispatchAdapter$DispatchingInvocationHandler.invoke(ProxyDispatchAdapter.java:94)\n\tat com.sun.proxy.$Proxy2.stop(Unknown Source)\n\tat org.gradle.api.internal.tasks.testing.worker.TestWorker.stop(TestWorker.java:135)\n\tat java.base/jdk.internal.reflect.NativeMethodAccessorImpl.invoke0(Native Method)\n\tat java.base/jdk.internal.reflect.NativeMethodAccessorImpl.invoke(NativeMethodAccessorImpl.java:62)\n\tat java.base/jdk.internal.reflect.DelegatingMethodAccessorImpl.invoke(DelegatingMethodAccessorImpl.java:43)\n\tat java.base/java.lang.reflect.Method.invoke(Method.java:566)\n\tat org.gradle.internal.dispatch.ReflectionDispatch.dispatch(ReflectionDispatch.java:36)\n\tat org.gradle.internal.dispatch.ReflectionDispatch.dispatch(ReflectionDispatch.java:24)\n\tat org.gradle.internal.remote.internal.hub.MessageHubBackedObjectConnection$DispatchWrapper.dispatch(MessageHubBackedObjectConnection.java:182)\n\tat org.gradle.internal.remote.internal.hub.MessageHubBackedObjectConnection$DispatchWrapper.dispatch(MessageHubBackedObjectConnection.java:164)\n\tat org.gradle.internal.remote.internal.hub.MessageHub$Handler.run(MessageHub.java:414)\n\tat org.gradle.internal.concurrent.ExecutorPolicy$CatchAndRecordFailures.onExecute(ExecutorPolicy.java:64)\n\tat org.gradle.internal.concurrent.ManagedExecutorImpl$1.run(ManagedExecutorImpl.java:48)\n\tat java.base/java.util.concurrent.ThreadPoolExecutor.runWorker(ThreadPoolExecutor.java:1128)\n\tat java.base/java.util.concurrent.ThreadPoolExecutor$Worker.run(ThreadPoolExecutor.java:628)\n\tat org.gradle.internal.concurrent.ThreadFactoryImpl$ManagedThreadRunnable.run(ThreadFactoryImpl.java:56)\n\tat java.base/java.lang.Thread.run(Thread.java:829)\nCaused by: org.openqa.selenium.ElementClickInterceptedException: element click intercepted: Element <ion-button _ngcontent-kqa-c278=\"\" slot=\"end\" aria-disabled=\"true\" class=\"md button button-small button-solid button-disabled ion-activatable ion-focusable hydrated\" disabled=\"\">...</ion-button> is not clickable at point (1200, 355). Other element would receive the click: <ion-item _ngcontent-kqa-c278=\"\" lines=\"none\" class=\"item md item-lines-none in-list ion-focusable hydrated item-multiple-inputs\">...</ion-item>\n  (Session info: headless chrome=98.0.4758.102)\nBuild info: version: '3.141.59', revision: 'e82be7d358', time: '2018-11-14T08:17:03'\nSystem info: host: 'fv-az206-464', ip: '10.1.1.27', os.name: 'Linux', os.arch: 'amd64', os.version: '5.11.0-1028-azure', java.version: '11.0.11'\nDriver info: org.openqa.selenium.chrome.ChromeDriver\nCapabilities {acceptInsecureCerts: true, browserName: chrome, browserVersion: 98.0.4758.102, chrome: {chromedriverVersion: 98.0.4758.102 (273bf7ac8c90..., userDataDir: /tmp/.com.google.Chrome.UEsE1y}, goog:chromeOptions: {debuggerAddress: localhost:40143}, javascriptEnabled: true, networkConnectionEnabled: false, pageLoadStrategy: normal, platform: LINUX, platformName: LINUX, proxy: Proxy(), setWindowRect: true, strictFileInteractability: false, timeouts: {implicit: 0, pageLoad: 300000, script: 30000}, unhandledPromptBehavior: dismiss and notify, webauthn:extension:credBlob: true, webauthn:extension:largeBlob: true, webauthn:virtualAuthenticators: true}\nSession ID: bd61271eb622c8d22918a74432ed19b9\n\tat jdk.internal.reflect.GeneratedConstructorAccessor107.newInstance(Unknown Source)\n\tat java.base/jdk.internal.reflect.DelegatingConstructorAccessorImpl.newInstance(DelegatingConstructorAccessorImpl.java:45)\n\tat java.base/java.lang.reflect.Constructor.newInstance(Constructor.java:490)\n\tat org.openqa.selenium.remote.http.W3CHttpResponseCodec.createException(W3CHttpResponseCodec.java:187)\n\tat org.openqa.selenium.remote.http.W3CHttpResponseCodec.decode(W3CHttpResponseCodec.java:122)\n\tat org.openqa.selenium.remote.http.W3CHttpResponseCodec.decode(W3CHttpResponseCodec.java:49)\n\tat org.openqa.selenium.remote.HttpCommandExecutor.execute(HttpCommandExecutor.java:158)\n\tat org.openqa.selenium.remote.service.DriverCommandExecutor.execute(DriverCommandExecutor.java:83)\n\tat org.openqa.selenium.remote.RemoteWebDriver.execute(RemoteWebDriver.java:552)\n\tat org.openqa.selenium.remote.RemoteWebElement.execute(RemoteWebElement.java:285)\n\tat org.openqa.selenium.remote.RemoteWebElement.click(RemoteWebElement.java:84)\n\tat com.codeborne.selenide.commands.Click.click(Click.java:46)\n\tat com.codeborne.selenide.commands.Click.execute(Click.java:27)\n\tat com.codeborne.selenide.commands.Click.execute(Click.java:16)\n\tat com.codeborne.selenide.commands.Commands.execute(Commands.java:157)\n\tat com.codeborne.selenide.impl.SelenideElementProxy.dispatchAndRetry(SelenideElementProxy.java:134)\n\t... 96 more\n",
      "steps" : [ {
        "name" : "$(\"ion-card\") exists()",
        "time" : {
          "start" : 1646383741677,
          "stop" : 1646383741687,
          "duration" : 10
        },
        "status" : "passed",
        "steps" : [ ],
        "attachments" : [ ],
        "parameters" : [ ],
        "stepsCount" : 0,
        "attachmentsCount" : 0,
        "shouldDisplayMessage" : false,
        "hasContent" : false
      }, {
        "name" : "$(\"ion-card[1]\") exists()",
        "time" : {
          "start" : 1646383741687,
          "stop" : 1646383741698,
          "duration" : 11
        },
        "status" : "passed",
        "steps" : [ ],
        "attachments" : [ ],
        "parameters" : [ ],
        "stepsCount" : 0,
        "attachmentsCount" : 0,
        "shouldDisplayMessage" : false,
        "hasContent" : false
      }, {
        "name" : "$(\"app-received-order-list-item ion-card ion-button[color='danger']\") exists()",
        "time" : {
          "start" : 1646383741698,
          "stop" : 1646383741708,
          "duration" : 10
        },
        "status" : "passed",
        "steps" : [ ],
        "attachments" : [ ],
        "parameters" : [ ],
        "stepsCount" : 0,
        "attachmentsCount" : 0,
        "shouldDisplayMessage" : false,
        "hasContent" : false
      }, {
        "name" : "$(\"app-received-order-list-item ion-card ion-button[1]\") click()",
        "time" : {
          "start" : 1646383741708,
          "stop" : 1646383752072,
          "duration" : 10364
        },
        "status" : "failed",
        "statusMessage" : "Invalid element state: element click intercepted: Element <ion-button _ngcontent-kqa-c278=\"\" slot=\"end\" aria-disabled=\"true\" class=\"md button button-small button-solid button-disabled ion-activatable ion-focusable hydrated\" disabled=\"\">...</ion-button> is not clickable at point (1200, 355). Other element would receive the click: <ion-item _ngcontent-kqa-c278=\"\" lines=\"none\" class=\"item md item-lines-none in-list ion-focusable hydrated item-multiple-inputs\">...</ion-item>\nScreenshot: file:/home/runner/work/d8base-func-test/d8base-func-test/build/reports/tests/1646383751719.10.png\nPage source: file:/home/runner/work/d8base-func-test/d8base-func-test/build/reports/tests/1646383751719.10.html\nTimeout: 10 s.\nCaused by: ElementClickInterceptedException: element click intercepted: Element <ion-button _ngcontent-kqa-c278=\"\" slot=\"end\" aria-disabled=\"true\" class=\"md button button-small button-solid button-disabled ion-activatable ion-focusable hydrated\" disabled=\"\">...</ion-button> is not clickable at point (1200, 355). Other element would receive the click: <ion-item _ngcontent-kqa-c278=\"\" lines=\"none\" class=\"item md item-lines-none in-list ion-focusable hydrated item-multiple-inputs\">...</ion-item>",
        "statusTrace" : "Invalid element state: element click intercepted: Element <ion-button _ngcontent-kqa-c278=\"\" slot=\"end\" aria-disabled=\"true\" class=\"md button button-small button-solid button-disabled ion-activatable ion-focusable hydrated\" disabled=\"\">...</ion-button> is not clickable at point (1200, 355). Other element would receive the click: <ion-item _ngcontent-kqa-c278=\"\" lines=\"none\" class=\"item md item-lines-none in-list ion-focusable hydrated item-multiple-inputs\">...</ion-item>\nScreenshot: file:/home/runner/work/d8base-func-test/d8base-func-test/build/reports/tests/1646383751719.10.png\nPage source: file:/home/runner/work/d8base-func-test/d8base-func-test/build/reports/tests/1646383751719.10.html\nTimeout: 10 s.\nCaused by: ElementClickInterceptedException: element click intercepted: Element <ion-button _ngcontent-kqa-c278=\"\" slot=\"end\" aria-disabled=\"true\" class=\"md button button-small button-solid button-disabled ion-activatable ion-focusable hydrated\" disabled=\"\">...</ion-button> is not clickable at point (1200, 355). Other element would receive the click: <ion-item _ngcontent-kqa-c278=\"\" lines=\"none\" class=\"item md item-lines-none in-list ion-focusable hydrated item-multiple-inputs\">...</ion-item>\n\tat com.codeborne.selenide.impl.ExceptionWrapper.wrap(ExceptionWrapper.java:26)\n\tat com.codeborne.selenide.impl.SelenideElementProxy.dispatchAndRetry(SelenideElementProxy.java:156)\n\tat com.codeborne.selenide.impl.SelenideElementProxy.invoke(SelenideElementProxy.java:86)\n\tat com.sun.proxy.$Proxy45.click(Unknown Source)\n\tat pages.Orders.completeOrder(Orders.java:230)\n\tat tests.smokeTests.PositiveTests.t00302(PositiveTests.java:526)\n\tat java.base/jdk.internal.reflect.NativeMethodAccessorImpl.invoke0(Native Method)\n\tat java.base/jdk.internal.reflect.NativeMethodAccessorImpl.invoke(NativeMethodAccessorImpl.java:62)\n\tat java.base/jdk.internal.reflect.DelegatingMethodAccessorImpl.invoke(DelegatingMethodAccessorImpl.java:43)\n\tat java.base/java.lang.reflect.Method.invoke(Method.java:566)\n\tat org.junit.platform.commons.util.ReflectionUtils.invokeMethod(ReflectionUtils.java:725)\n\tat org.junit.jupiter.engine.execution.MethodInvocation.proceed(MethodInvocation.java:60)\n\tat org.junit.jupiter.engine.execution.InvocationInterceptorChain$ValidatingInvocation.proceed(InvocationInterceptorChain.java:131)\n\tat org.junit.jupiter.engine.extension.TimeoutExtension.intercept(TimeoutExtension.java:149)\n\tat org.junit.jupiter.engine.extension.TimeoutExtension.interceptTestableMethod(TimeoutExtension.java:140)\n\tat org.junit.jupiter.engine.extension.TimeoutExtension.interceptTestMethod(TimeoutExtension.java:84)\n\tat org.junit.jupiter.engine.execution.ExecutableInvoker$ReflectiveInterceptorCall.lambda$ofVoidMethod$0(ExecutableInvoker.java:115)\n\tat org.junit.jupiter.engine.execution.ExecutableInvoker.lambda$invoke$0(ExecutableInvoker.java:105)\n\tat org.junit.jupiter.engine.execution.InvocationInterceptorChain$InterceptedInvocation.proceed(InvocationInterceptorChain.java:106)\n\tat org.junit.jupiter.engine.execution.InvocationInterceptorChain.proceed(InvocationInterceptorChain.java:64)\n\tat org.junit.jupiter.engine.execution.InvocationInterceptorChain.chainAndInvoke(InvocationInterceptorChain.java:45)\n\tat org.junit.jupiter.engine.execution.InvocationInterceptorChain.invoke(InvocationInterceptorChain.java:37)\n\tat org.junit.jupiter.engine.execution.ExecutableInvoker.invoke(ExecutableInvoker.java:104)\n\tat org.junit.jupiter.engine.execution.ExecutableInvoker.invoke(ExecutableInvoker.java:98)\n\tat org.junit.jupiter.engine.descriptor.TestMethodTestDescriptor.lambda$invokeTestMethod$7(TestMethodTestDescriptor.java:214)\n\tat org.junit.platform.engine.support.hierarchical.ThrowableCollector.execute(ThrowableCollector.java:73)\n\tat org.junit.jupiter.engine.descriptor.TestMethodTestDescriptor.invokeTestMethod(TestMethodTestDescriptor.java:210)\n\tat org.junit.jupiter.engine.descriptor.TestMethodTestDescriptor.execute(TestMethodTestDescriptor.java:135)\n\tat org.junit.jupiter.engine.descriptor.TestMethodTestDescriptor.execute(TestMethodTestDescriptor.java:66)\n\tat org.junit.platform.engine.support.hierarchical.NodeTestTask.lambda$executeRecursively$6(NodeTestTask.java:151)\n\tat org.junit.platform.engine.support.hierarchical.ThrowableCollector.execute(ThrowableCollector.java:73)\n\tat org.junit.platform.engine.support.hierarchical.NodeTestTask.lambda$executeRecursively$8(NodeTestTask.java:141)\n\tat org.junit.platform.engine.support.hierarchical.Node.around(Node.java:137)\n\tat org.junit.platform.engine.support.hierarchical.NodeTestTask.lambda$executeRecursively$9(NodeTestTask.java:139)\n\tat org.junit.platform.engine.support.hierarchical.ThrowableCollector.execute(ThrowableCollector.java:73)\n\tat org.junit.platform.engine.support.hierarchical.NodeTestTask.executeRecursively(NodeTestTask.java:138)\n\tat org.junit.platform.engine.support.hierarchical.NodeTestTask.execute(NodeTestTask.java:95)\n\tat java.base/java.util.ArrayList.forEach(ArrayList.java:1541)\n\tat org.junit.platform.engine.support.hierarchical.SameThreadHierarchicalTestExecutorService.invokeAll(SameThreadHierarchicalTestExecutorService.java:41)\n\tat org.junit.platform.engine.support.hierarchical.NodeTestTask.lambda$executeRecursively$6(NodeTestTask.java:155)\n\tat org.junit.platform.engine.support.hierarchical.ThrowableCollector.execute(ThrowableCollector.java:73)\n\tat org.junit.platform.engine.support.hierarchical.NodeTestTask.lambda$executeRecursively$8(NodeTestTask.java:141)\n\tat org.junit.platform.engine.support.hierarchical.Node.around(Node.java:137)\n\tat org.junit.platform.engine.support.hierarchical.NodeTestTask.lambda$executeRecursively$9(NodeTestTask.java:139)\n\tat org.junit.platform.engine.support.hierarchical.ThrowableCollector.execute(ThrowableCollector.java:73)\n\tat org.junit.platform.engine.support.hierarchical.NodeTestTask.executeRecursively(NodeTestTask.java:138)\n\tat org.junit.platform.engine.support.hierarchical.NodeTestTask.execute(NodeTestTask.java:95)\n\tat java.base/java.util.ArrayList.forEach(ArrayList.java:1541)\n\tat org.junit.platform.engine.support.hierarchical.SameThreadHierarchicalTestExecutorService.invokeAll(SameThreadHierarchicalTestExecutorService.java:41)\n\tat org.junit.platform.engine.support.hierarchical.NodeTestTask.lambda$executeRecursively$6(NodeTestTask.java:155)\n\tat org.junit.platform.engine.support.hierarchical.ThrowableCollector.execute(ThrowableCollector.java:73)\n\tat org.junit.platform.engine.support.hierarchical.NodeTestTask.lambda$executeRecursively$8(NodeTestTask.java:141)\n\tat org.junit.platform.engine.support.hierarchical.Node.around(Node.java:137)\n\tat org.junit.platform.engine.support.hierarchical.NodeTestTask.lambda$executeRecursively$9(NodeTestTask.java:139)\n\tat org.junit.platform.engine.support.hierarchical.ThrowableCollector.execute(ThrowableCollector.java:73)\n\tat org.junit.platform.engine.support.hierarchical.NodeTestTask.executeRecursively(NodeTestTask.java:138)\n\tat org.junit.platform.engine.support.hierarchical.NodeTestTask.execute(NodeTestTask.java:95)\n\tat org.junit.platform.engine.support.hierarchical.SameThreadHierarchicalTestExecutorService.submit(SameThreadHierarchicalTestExecutorService.java:35)\n\tat org.junit.platform.engine.support.hierarchical.HierarchicalTestExecutor.execute(HierarchicalTestExecutor.java:57)\n\tat org.junit.platform.engine.support.hierarchical.HierarchicalTestEngine.execute(HierarchicalTestEngine.java:54)\n\tat org.junit.platform.launcher.core.EngineExecutionOrchestrator.execute(EngineExecutionOrchestrator.java:107)\n\tat org.junit.platform.launcher.core.EngineExecutionOrchestrator.execute(EngineExecutionOrchestrator.java:88)\n\tat org.junit.platform.launcher.core.EngineExecutionOrchestrator.lambda$execute$0(EngineExecutionOrchestrator.java:54)\n\tat org.junit.platform.launcher.core.EngineExecutionOrchestrator.withInterceptedStreams(EngineExecutionOrchestrator.java:67)\n\tat org.junit.platform.launcher.core.EngineExecutionOrchestrator.execute(EngineExecutionOrchestrator.java:52)\n\tat org.junit.platform.launcher.core.DefaultLauncher.execute(DefaultLauncher.java:114)\n\tat org.junit.platform.launcher.core.DefaultLauncher.execute(DefaultLauncher.java:86)\n\tat org.junit.platform.launcher.core.DefaultLauncherSession$DelegatingLauncher.execute(DefaultLauncherSession.java:86)\n\tat org.junit.platform.launcher.core.SessionPerRequestLauncher.execute(SessionPerRequestLauncher.java:53)\n\tat org.gradle.api.internal.tasks.testing.junitplatform.JUnitPlatformTestClassProcessor$CollectAllTestClassesExecutor.processAllTestClasses(JUnitPlatformTestClassProcessor.java:99)\n\tat org.gradle.api.internal.tasks.testing.junitplatform.JUnitPlatformTestClassProcessor$CollectAllTestClassesExecutor.access$000(JUnitPlatformTestClassProcessor.java:79)\n\tat org.gradle.api.internal.tasks.testing.junitplatform.JUnitPlatformTestClassProcessor.stop(JUnitPlatformTestClassProcessor.java:75)\n\tat org.gradle.api.internal.tasks.testing.SuiteTestClassProcessor.stop(SuiteTestClassProcessor.java:61)\n\tat java.base/jdk.internal.reflect.NativeMethodAccessorImpl.invoke0(Native Method)\n\tat java.base/jdk.internal.reflect.NativeMethodAccessorImpl.invoke(NativeMethodAccessorImpl.java:62)\n\tat java.base/jdk.internal.reflect.DelegatingMethodAccessorImpl.invoke(DelegatingMethodAccessorImpl.java:43)\n\tat java.base/java.lang.reflect.Method.invoke(Method.java:566)\n\tat org.gradle.internal.dispatch.ReflectionDispatch.dispatch(ReflectionDispatch.java:36)\n\tat org.gradle.internal.dispatch.ReflectionDispatch.dispatch(ReflectionDispatch.java:24)\n\tat org.gradle.internal.dispatch.ContextClassLoaderDispatch.dispatch(ContextClassLoaderDispatch.java:33)\n\tat org.gradle.internal.dispatch.ProxyDispatchAdapter$DispatchingInvocationHandler.invoke(ProxyDispatchAdapter.java:94)\n\tat com.sun.proxy.$Proxy2.stop(Unknown Source)\n\tat org.gradle.api.internal.tasks.testing.worker.TestWorker.stop(TestWorker.java:135)\n\tat java.base/jdk.internal.reflect.NativeMethodAccessorImpl.invoke0(Native Method)\n\tat java.base/jdk.internal.reflect.NativeMethodAccessorImpl.invoke(NativeMethodAccessorImpl.java:62)\n\tat java.base/jdk.internal.reflect.DelegatingMethodAccessorImpl.invoke(DelegatingMethodAccessorImpl.java:43)\n\tat java.base/java.lang.reflect.Method.invoke(Method.java:566)\n\tat org.gradle.internal.dispatch.ReflectionDispatch.dispatch(ReflectionDispatch.java:36)\n\tat org.gradle.internal.dispatch.ReflectionDispatch.dispatch(ReflectionDispatch.java:24)\n\tat org.gradle.internal.remote.internal.hub.MessageHubBackedObjectConnection$DispatchWrapper.dispatch(MessageHubBackedObjectConnection.java:182)\n\tat org.gradle.internal.remote.internal.hub.MessageHubBackedObjectConnection$DispatchWrapper.dispatch(MessageHubBackedObjectConnection.java:164)\n\tat org.gradle.internal.remote.internal.hub.MessageHub$Handler.run(MessageHub.java:414)\n\tat org.gradle.internal.concurrent.ExecutorPolicy$CatchAndRecordFailures.onExecute(ExecutorPolicy.java:64)\n\tat org.gradle.internal.concurrent.ManagedExecutorImpl$1.run(ManagedExecutorImpl.java:48)\n\tat java.base/java.util.concurrent.ThreadPoolExecutor.runWorker(ThreadPoolExecutor.java:1128)\n\tat java.base/java.util.concurrent.ThreadPoolExecutor$Worker.run(ThreadPoolExecutor.java:628)\n\tat org.gradle.internal.concurrent.ThreadFactoryImpl$ManagedThreadRunnable.run(ThreadFactoryImpl.java:56)\n\tat java.base/java.lang.Thread.run(Thread.java:829)\nCaused by: org.openqa.selenium.ElementClickInterceptedException: element click intercepted: Element <ion-button _ngcontent-kqa-c278=\"\" slot=\"end\" aria-disabled=\"true\" class=\"md button button-small button-solid button-disabled ion-activatable ion-focusable hydrated\" disabled=\"\">...</ion-button> is not clickable at point (1200, 355). Other element would receive the click: <ion-item _ngcontent-kqa-c278=\"\" lines=\"none\" class=\"item md item-lines-none in-list ion-focusable hydrated item-multiple-inputs\">...</ion-item>\n  (Session info: headless chrome=98.0.4758.102)\nBuild info: version: '3.141.59', revision: 'e82be7d358', time: '2018-11-14T08:17:03'\nSystem info: host: 'fv-az206-464', ip: '10.1.1.27', os.name: 'Linux', os.arch: 'amd64', os.version: '5.11.0-1028-azure', java.version: '11.0.11'\nDriver info: org.openqa.selenium.chrome.ChromeDriver\nCapabilities {acceptInsecureCerts: true, browserName: chrome, browserVersion: 98.0.4758.102, chrome: {chromedriverVersion: 98.0.4758.102 (273bf7ac8c90..., userDataDir: /tmp/.com.google.Chrome.UEsE1y}, goog:chromeOptions: {debuggerAddress: localhost:40143}, javascriptEnabled: true, networkConnectionEnabled: false, pageLoadStrategy: normal, platform: LINUX, platformName: LINUX, proxy: Proxy(), setWindowRect: true, strictFileInteractability: false, timeouts: {implicit: 0, pageLoad: 300000, script: 30000}, unhandledPromptBehavior: dismiss and notify, webauthn:extension:credBlob: true, webauthn:extension:largeBlob: true, webauthn:virtualAuthenticators: true}\nSession ID: bd61271eb622c8d22918a74432ed19b9\n\tat jdk.internal.reflect.GeneratedConstructorAccessor107.newInstance(Unknown Source)\n\tat java.base/jdk.internal.reflect.DelegatingConstructorAccessorImpl.newInstance(DelegatingConstructorAccessorImpl.java:45)\n\tat java.base/java.lang.reflect.Constructor.newInstance(Constructor.java:490)\n\tat org.openqa.selenium.remote.http.W3CHttpResponseCodec.createException(W3CHttpResponseCodec.java:187)\n\tat org.openqa.selenium.remote.http.W3CHttpResponseCodec.decode(W3CHttpResponseCodec.java:122)\n\tat org.openqa.selenium.remote.http.W3CHttpResponseCodec.decode(W3CHttpResponseCodec.java:49)\n\tat org.openqa.selenium.remote.HttpCommandExecutor.execute(HttpCommandExecutor.java:158)\n\tat org.openqa.selenium.remote.service.DriverCommandExecutor.execute(DriverCommandExecutor.java:83)\n\tat org.openqa.selenium.remote.RemoteWebDriver.execute(RemoteWebDriver.java:552)\n\tat org.openqa.selenium.remote.RemoteWebElement.execute(RemoteWebElement.java:285)\n\tat org.openqa.selenium.remote.RemoteWebElement.click(RemoteWebElement.java:84)\n\tat com.codeborne.selenide.commands.Click.click(Click.java:46)\n\tat com.codeborne.selenide.commands.Click.execute(Click.java:27)\n\tat com.codeborne.selenide.commands.Click.execute(Click.java:16)\n\tat com.codeborne.selenide.commands.Commands.execute(Commands.java:157)\n\tat com.codeborne.selenide.impl.SelenideElementProxy.dispatchAndRetry(SelenideElementProxy.java:134)\n\t... 96 more\n",
        "steps" : [ ],
        "attachments" : [ {
          "uid" : "4bbe886233f418f5",
          "name" : "Screenshot",
          "source" : "4bbe886233f418f5.png",
          "type" : "image/png",
          "size" : 42086
        }, {
          "uid" : "292114536678dc44",
          "name" : "Page source",
          "source" : "292114536678dc44.html",
          "type" : "text/html",
          "size" : 65853
        } ],
        "parameters" : [ ],
        "stepsCount" : 0,
        "attachmentsCount" : 2,
        "shouldDisplayMessage" : true,
        "hasContent" : true
      } ],
      "attachments" : [ ],
      "parameters" : [ ],
      "stepsCount" : 4,
      "attachmentsCount" : 2,
      "shouldDisplayMessage" : false,
      "hasContent" : true
    }, {
      "name" : "$(\"webdriver\") close()",
      "time" : {
        "start" : 1646383752255,
        "stop" : 1646383752327,
        "duration" : 72
      },
      "status" : "passed",
      "steps" : [ ],
      "attachments" : [ ],
      "parameters" : [ ],
      "stepsCount" : 0,
      "attachmentsCount" : 0,
      "shouldDisplayMessage" : false,
      "hasContent" : false
    } ],
    "attachments" : [ {
      "uid" : "5bfaf1704ee662fe",
      "name" : "Request",
      "source" : "5bfaf1704ee662fe.html",
      "type" : "text/html",
      "size" : 2174
    }, {
      "uid" : "15711e46a1d05e57",
      "name" : "HTTP/1.1 201 Created",
      "source" : "15711e46a1d05e57.html",
      "type" : "text/html",
      "size" : 3435
    }, {
      "uid" : "eada0d8038f3df12",
      "name" : "Request",
      "source" : "eada0d8038f3df12.html",
      "type" : "text/html",
      "size" : 549
    }, {
      "uid" : "82a7f80a12df54ed",
      "name" : "HTTP/1.1 200 OK",
      "source" : "82a7f80a12df54ed.html",
      "type" : "text/html",
      "size" : 4027
    }, {
      "uid" : "2fabf838c2f23c1a",
      "name" : "Request",
      "source" : "2fabf838c2f23c1a.html",
      "type" : "text/html",
      "size" : 549
    }, {
      "uid" : "885bcb1cfc66ab85",
      "name" : "HTTP/1.1 200 OK",
      "source" : "885bcb1cfc66ab85.html",
      "type" : "text/html",
      "size" : 4027
    }, {
      "uid" : "1a8d9dc9d582ada8",
      "name" : "Request",
      "source" : "1a8d9dc9d582ada8.html",
      "type" : "text/html",
      "size" : 585
    }, {
      "uid" : "9dcc21acc077f4b7",
      "name" : "HTTP/1.1 200 OK",
      "source" : "9dcc21acc077f4b7.html",
      "type" : "text/html",
      "size" : 1847
    }, {
      "uid" : "a26ac88aa3d240ff",
      "name" : "Request",
      "source" : "a26ac88aa3d240ff.html",
      "type" : "text/html",
      "size" : 2127
    }, {
      "uid" : "d6a7074e7e54578b",
      "name" : "HTTP/1.1 201 Created",
      "source" : "d6a7074e7e54578b.html",
      "type" : "text/html",
      "size" : 3230
    }, {
      "uid" : "bf5377083a5ff464",
      "name" : "Request",
      "source" : "bf5377083a5ff464.html",
      "type" : "text/html",
      "size" : 2109
    }, {
      "uid" : "394e3d7feab14b15",
      "name" : "HTTP/1.1 201 Created",
      "source" : "394e3d7feab14b15.html",
      "type" : "text/html",
      "size" : 3285
    }, {
      "uid" : "c248d7b5bbbc724c",
      "name" : "Request",
      "source" : "c248d7b5bbbc724c.html",
      "type" : "text/html",
      "size" : 567
    }, {
      "uid" : "4df0c83328f35a29",
      "name" : "HTTP/1.1 200 OK",
      "source" : "4df0c83328f35a29.html",
      "type" : "text/html",
      "size" : 20222
    }, {
      "uid" : "a99c370ecb0bdb35",
      "name" : "Request",
      "source" : "a99c370ecb0bdb35.html",
      "type" : "text/html",
      "size" : 2207
    }, {
      "uid" : "2103cabd046cdf50",
      "name" : "HTTP/1.1 201 Created",
      "source" : "2103cabd046cdf50.html",
      "type" : "text/html",
      "size" : 3122
    }, {
      "uid" : "29881d96e491d20c",
      "name" : "Request",
      "source" : "29881d96e491d20c.html",
      "type" : "text/html",
      "size" : 2619
    }, {
      "uid" : "9177a416d197d945",
      "name" : "HTTP/1.1 201 Created",
      "source" : "9177a416d197d945.html",
      "type" : "text/html",
      "size" : 3355
    }, {
      "uid" : "b45c163fa9783dd8",
      "name" : "Request",
      "source" : "b45c163fa9783dd8.html",
      "type" : "text/html",
      "size" : 549
    }, {
      "uid" : "6a8d6319864a4d3a",
      "name" : "HTTP/1.1 200 OK",
      "source" : "6a8d6319864a4d3a.html",
      "type" : "text/html",
      "size" : 4027
    }, {
      "uid" : "15f366f5ea8016fd",
      "name" : "Request",
      "source" : "15f366f5ea8016fd.html",
      "type" : "text/html",
      "size" : 2391
    }, {
      "uid" : "992b79b3f79371b",
      "name" : "HTTP/1.1 201 Created",
      "source" : "992b79b3f79371b.html",
      "type" : "text/html",
      "size" : 3322
    }, {
      "uid" : "81cda97567131e75",
      "name" : "Request",
      "source" : "81cda97567131e75.html",
      "type" : "text/html",
      "size" : 4255
    }, {
      "uid" : "1baa4ade43b4d809",
      "name" : "HTTP/1.1 201 Created",
      "source" : "1baa4ade43b4d809.html",
      "type" : "text/html",
      "size" : 3895
    }, {
      "uid" : "ae02b7a76d724c3",
      "name" : "Request",
      "source" : "ae02b7a76d724c3.html",
      "type" : "text/html",
      "size" : 2191
    }, {
      "uid" : "9da0fd173e1b612f",
      "name" : "HTTP/1.1 201 Created",
      "source" : "9da0fd173e1b612f.html",
      "type" : "text/html",
      "size" : 3078
    }, {
      "uid" : "3047d9fc2acb7f4d",
      "name" : "Request",
      "source" : "3047d9fc2acb7f4d.html",
      "type" : "text/html",
      "size" : 2375
    }, {
      "uid" : "6544f03d7af97145",
      "name" : "HTTP/1.1 201 Created",
      "source" : "6544f03d7af97145.html",
      "type" : "text/html",
      "size" : 3217
    }, {
      "uid" : "b5cb6322e7245f2",
      "name" : "Request",
      "source" : "b5cb6322e7245f2.html",
      "type" : "text/html",
      "size" : 2118
    }, {
      "uid" : "88722e50f2b0c70b",
      "name" : "HTTP/1.1 201 Created",
      "source" : "88722e50f2b0c70b.html",
      "type" : "text/html",
      "size" : 3436
    }, {
      "uid" : "7156848a25d125a2",
      "name" : "Request",
      "source" : "7156848a25d125a2.html",
      "type" : "text/html",
      "size" : 549
    }, {
      "uid" : "11f0e72118440a24",
      "name" : "HTTP/1.1 200 OK",
      "source" : "11f0e72118440a24.html",
      "type" : "text/html",
      "size" : 4027
    }, {
      "uid" : "d15296a65e2c6722",
      "name" : "Request",
      "source" : "d15296a65e2c6722.html",
      "type" : "text/html",
      "size" : 549
    }, {
      "uid" : "d4254d8e17664f60",
      "name" : "HTTP/1.1 200 OK",
      "source" : "d4254d8e17664f60.html",
      "type" : "text/html",
      "size" : 4027
    }, {
      "uid" : "7fc480c957c2d42",
      "name" : "Request",
      "source" : "7fc480c957c2d42.html",
      "type" : "text/html",
      "size" : 585
    }, {
      "uid" : "2e8b2b99ac990049",
      "name" : "HTTP/1.1 200 OK",
      "source" : "2e8b2b99ac990049.html",
      "type" : "text/html",
      "size" : 1847
    }, {
      "uid" : "115c119204023cfd",
      "name" : "Request",
      "source" : "115c119204023cfd.html",
      "type" : "text/html",
      "size" : 2127
    }, {
      "uid" : "5a7f04cea3ac2b00",
      "name" : "HTTP/1.1 201 Created",
      "source" : "5a7f04cea3ac2b00.html",
      "type" : "text/html",
      "size" : 3230
    }, {
      "uid" : "198519e37d81f39f",
      "name" : "Request",
      "source" : "198519e37d81f39f.html",
      "type" : "text/html",
      "size" : 2543
    }, {
      "uid" : "c299370999bdec19",
      "name" : "HTTP/1.1 201 Created",
      "source" : "c299370999bdec19.html",
      "type" : "text/html",
      "size" : 3386
    }, {
      "uid" : "d28466c2fa70f837",
      "name" : "Last screenshot",
      "source" : "d28466c2fa70f837.png",
      "type" : "image/png",
      "size" : 42086
    }, {
      "uid" : "ee1369a524f0d6f6",
      "name" : "Page source",
      "source" : "ee1369a524f0d6f6.html",
      "type" : "text/plain",
      "size" : 65853
    }, {
      "uid" : "37a45b91f2d0cbaf",
      "name" : "Browser console logs",
      "source" : "37a45b91f2d0cbaf.txt",
      "type" : "text/plain",
      "size" : 283
    } ],
    "parameters" : [ ],
    "stepsCount" : 44,
    "attachmentsCount" : 47,
    "shouldDisplayMessage" : false,
    "hasContent" : true
  },
  "afterStages" : [ ],
  "labels" : [ {
    "name" : "junit.platform.uniqueid",
    "value" : "[engine:junit-jupiter]/[class:tests.smokeTests.PositiveTests]/[method:t00302()]"
  }, {
    "name" : "feature",
    "value" : "Orders"
  }, {
    "name" : "story",
    "value" : "Order check"
  }, {
    "name" : "owner",
    "value" : "Egor Khlebnikov"
  }, {
    "name" : "host",
    "value" : "fv-az206-464"
  }, {
    "name" : "thread",
    "value" : "2727@fv-az206-464.Test worker(11)"
  }, {
    "name" : "framework",
    "value" : "junit-platform"
  }, {
    "name" : "language",
    "value" : "java"
  }, {
    "name" : "package",
    "value" : "tests.smokeTests.PositiveTests"
  }, {
    "name" : "testClass",
    "value" : "tests.smokeTests.PositiveTests"
  }, {
    "name" : "testMethod",
    "value" : "t00302"
  }, {
    "name" : "suite",
    "value" : "tests.smokeTests.PositiveTests"
  }, {
    "name" : "severity",
    "value" : "blocker"
  }, {
    "name" : "resultFormat",
    "value" : "allure2"
  } ],
  "parameters" : [ ],
  "links" : [ ],
  "hidden" : false,
  "retry" : false,
  "extra" : {
    "severity" : "blocker",
    "owner" : "Egor Khlebnikov",
    "retries" : [ ],
    "categories" : [ {
      "name" : "Product defects",
      "matchedStatuses" : [ ],
      "flaky" : false
    } ],
    "history" : {
      "statistic" : {
        "failed" : 4,
        "broken" : 0,
        "skipped" : 0,
        "passed" : 22,
        "unknown" : 0,
        "total" : 26
      },
      "items" : [ {
        "uid" : "c1f01211861b9472",
        "reportUrl" : "https://maxi-booking.github.io/d8base-func-test/59//#testresult/c1f01211861b9472",
        "status" : "passed",
        "time" : {
          "start" : 1645769823029,
          "stop" : 1645769853910,
          "duration" : 30881
        }
      }, {
        "uid" : "28f3ae0be45c16e4",
        "reportUrl" : "https://maxi-booking.github.io/d8base-func-test/58//#testresult/28f3ae0be45c16e4",
        "status" : "passed",
        "time" : {
          "start" : 1645765195687,
          "stop" : 1645765226521,
          "duration" : 30834
        }
      }, {
        "uid" : "f137aaf89fda9f16",
        "reportUrl" : "https://maxi-booking.github.io/d8base-func-test/57//#testresult/f137aaf89fda9f16",
        "status" : "passed",
        "time" : {
          "start" : 1645685496310,
          "stop" : 1645685527990,
          "duration" : 31680
        }
      }, {
        "uid" : "2fd83b26752f6b61",
        "reportUrl" : "https://maxi-booking.github.io/d8base-func-test/56//#testresult/2fd83b26752f6b61",
        "status" : "passed",
        "time" : {
          "start" : 1643984672838,
          "stop" : 1643984686330,
          "duration" : 13492
        }
      }, {
        "uid" : "7d25d28e5e265aed",
        "reportUrl" : "https://maxi-booking.github.io/d8base-func-test/55//#testresult/7d25d28e5e265aed",
        "status" : "passed",
        "time" : {
          "start" : 1643980172297,
          "stop" : 1643980186246,
          "duration" : 13949
        }
      }, {
        "uid" : "cde3fa23cef7b48e",
        "reportUrl" : "https://maxi-booking.github.io/d8base-func-test/54//#testresult/cde3fa23cef7b48e",
        "status" : "passed",
        "time" : {
          "start" : 1643779840953,
          "stop" : 1643779855503,
          "duration" : 14550
        }
      }, {
        "uid" : "94242cfedd37fd6f",
        "reportUrl" : "https://maxi-booking.github.io/d8base-func-test/53//#testresult/94242cfedd37fd6f",
        "status" : "passed",
        "time" : {
          "start" : 1643774054712,
          "stop" : 1643774066740,
          "duration" : 12028
        }
      }, {
        "uid" : "973cb5a53ca64392",
        "reportUrl" : "https://maxi-booking.github.io/d8base-func-test/52//#testresult/973cb5a53ca64392",
        "status" : "passed",
        "time" : {
          "start" : 1643744777987,
          "stop" : 1643744790907,
          "duration" : 12920
        }
      }, {
        "uid" : "91c68562869b06e6",
        "reportUrl" : "https://maxi-booking.github.io/d8base-func-test/51//#testresult/91c68562869b06e6",
        "status" : "passed",
        "time" : {
          "start" : 1643740133591,
          "stop" : 1643740145639,
          "duration" : 12048
        }
      }, {
        "uid" : "b90ef4cba42ba7fd",
        "reportUrl" : "https://maxi-booking.github.io/d8base-func-test/50//#testresult/b90ef4cba42ba7fd",
        "status" : "passed",
        "time" : {
          "start" : 1643730816112,
          "stop" : 1643730829222,
          "duration" : 13110
        }
      }, {
        "uid" : "74dd699a22a87346",
        "reportUrl" : "https://maxi-booking.github.io/d8base-func-test/49//#testresult/74dd699a22a87346",
        "status" : "failed",
        "statusDetails" : "Element not found {app-inbox-page app-client-widget}\nExpected: text 'LeandroJamika'\nScreenshot: file:/home/runner/work/d8base-func-test/d8base-func-test/build/reports/tests/1643635166402.12.png\nPage source: file:/home/runner/work/d8base-func-test/d8base-func-test/build/reports/tests/1643635166402.12.html\nTimeout: 10 s.\nCaused by: NoSuchElementException: no such element: Unable to locate element: {\"method\":\"css selector\",\"selector\":\"app-inbox-page app-client-widget\"}",
        "time" : {
          "start" : 1643635144785,
          "stop" : 1643635167011,
          "duration" : 22226
        }
      }, {
        "uid" : "c82f459d67081348",
        "reportUrl" : "https://maxi-booking.github.io/d8base-func-test/48//#testresult/c82f459d67081348",
        "status" : "passed",
        "time" : {
          "start" : 1643429630609,
          "stop" : 1643429642609,
          "duration" : 12000
        }
      }, {
        "uid" : "a7b9fa02ea1771bb",
        "reportUrl" : "https://maxi-booking.github.io/d8base-func-test/47//#testresult/a7b9fa02ea1771bb",
        "status" : "passed",
        "time" : {
          "start" : 1643427084596,
          "stop" : 1643427097442,
          "duration" : 12846
        }
      }, {
        "uid" : "ca31d5814f4beab2",
        "reportUrl" : "https://maxi-booking.github.io/d8base-func-test/46//#testresult/ca31d5814f4beab2",
        "status" : "passed",
        "time" : {
          "start" : 1643364480591,
          "stop" : 1643364493109,
          "duration" : 12518
        }
      }, {
        "uid" : "449b11729357694b",
        "reportUrl" : "https://maxi-booking.github.io/d8base-func-test/45//#testresult/449b11729357694b",
        "status" : "passed",
        "time" : {
          "start" : 1643358553558,
          "stop" : 1643358568052,
          "duration" : 14494
        }
      }, {
        "uid" : "ea421b05f8271c2f",
        "reportUrl" : "https://maxi-booking.github.io/d8base-func-test/44//#testresult/ea421b05f8271c2f",
        "status" : "passed",
        "time" : {
          "start" : 1643355896922,
          "stop" : 1643355909197,
          "duration" : 12275
        }
      }, {
        "uid" : "d5f2b7c1fa05a77",
        "reportUrl" : "https://maxi-booking.github.io/d8base-func-test/43//#testresult/d5f2b7c1fa05a77",
        "status" : "failed",
        "statusDetails" : "Element not found {#alert-1-sub-hdr}\nExpected: visible\nScreenshot: file:/home/runner/work/d8base-func-test/d8base-func-test/build/reports/tests/1643354998029.7.png\nPage source: file:/home/runner/work/d8base-func-test/d8base-func-test/build/reports/tests/1643354998029.7.html\nTimeout: 10 s.\nCaused by: NoSuchElementException: no such element: Unable to locate element: {\"method\":\"css selector\",\"selector\":\"#alert-1-sub-hdr\"}",
        "time" : {
          "start" : 1643354983184,
          "stop" : 1643354999238,
          "duration" : 16054
        }
      }, {
        "uid" : "dc99e04a908a40c4",
        "reportUrl" : "https://maxi-booking.github.io/d8base-func-test/42//#testresult/dc99e04a908a40c4",
        "status" : "passed",
        "time" : {
          "start" : 1643337751961,
          "stop" : 1643337765104,
          "duration" : 13143
        }
      }, {
        "uid" : "8c29acd4cd0d5dac",
        "reportUrl" : "https://maxi-booking.github.io/d8base-func-test/41//#testresult/8c29acd4cd0d5dac",
        "status" : "passed",
        "time" : {
          "start" : 1642999746941,
          "stop" : 1642999759836,
          "duration" : 12895
        }
      }, {
        "uid" : "f53452484cf221cd",
        "reportUrl" : "https://maxi-booking.github.io/d8base-func-test/40//#testresult/f53452484cf221cd",
        "status" : "passed",
        "time" : {
          "start" : 1642087857647,
          "stop" : 1642087872475,
          "duration" : 14828
        }
      } ]
    },
    "tags" : [ ]
  },
  "source" : "f9aadc4a498cb486.json",
  "parameterValues" : [ ]
}